
 Performance counter stats for './mandelbrot_seq 0.175 0.375 -0.1 0.1 16' (10 runs):

          0.817412      task-clock (msec)         #    0.733 CPUs utilized            ( +-  1.17% )
                 0      context-switches          #    0.000 K/sec                  
                 0      cpu-migrations            #    0.000 K/sec                  
                51      page-faults               #    0.062 M/sec                    ( +-  0.58% )
   <not supported>      cycles                   
   <not supported>      stalled-cycles-frontend  
   <not supported>      stalled-cycles-backend   
   <not supported>      instructions             
   <not supported>      branches                 
   <not supported>      branch-misses            

       0.001115763 seconds time elapsed                                          ( +-  1.44% )


 Performance counter stats for './mandelbrot_seq 0.175 0.375 -0.1 0.1 32' (10 runs):

          2.222416      task-clock (msec)         #    0.859 CPUs utilized            ( +-  2.41% )
                 0      context-switches          #    0.000 K/sec                  
                 0      cpu-migrations            #    0.000 K/sec                  
                59      page-faults               #    0.027 M/sec                    ( +-  0.47% )
   <not supported>      cycles                   
   <not supported>      stalled-cycles-frontend  
   <not supported>      stalled-cycles-backend   
   <not supported>      instructions             
   <not supported>      branches                 
   <not supported>      branch-misses            

       0.002587238 seconds time elapsed                                          ( +-  2.20% )


 Performance counter stats for './mandelbrot_seq 0.175 0.375 -0.1 0.1 64' (10 runs):

          6.872867      task-clock (msec)         #    0.944 CPUs utilized            ( +-  0.39% )
                 0      context-switches          #    0.029 K/sec                    ( +- 66.67% )
                 0      cpu-migrations            #    0.000 K/sec                  
                89      page-faults               #    0.013 M/sec                    ( +-  0.35% )
   <not supported>      cycles                   
   <not supported>      stalled-cycles-frontend  
   <not supported>      stalled-cycles-backend   
   <not supported>      instructions             
   <not supported>      branches                 
   <not supported>      branch-misses            

       0.007283888 seconds time elapsed                                          ( +-  0.31% )


 Performance counter stats for './mandelbrot_seq 0.175 0.375 -0.1 0.1 128' (10 runs):

         25.764406      task-clock (msec)         #    0.985 CPUs utilized            ( +-  0.62% )
                 0      context-switches          #    0.000 K/sec                  
                 0      cpu-migrations            #    0.000 K/sec                  
               210      page-faults               #    0.008 M/sec                    ( +-  0.17% )
   <not supported>      cycles                   
   <not supported>      stalled-cycles-frontend  
   <not supported>      stalled-cycles-backend   
   <not supported>      instructions             
   <not supported>      branches                 
   <not supported>      branch-misses            

       0.026167573 seconds time elapsed                                          ( +-  0.61% )


 Performance counter stats for './mandelbrot_seq 0.175 0.375 -0.1 0.1 256' (10 runs):

        101.326889      task-clock (msec)         #    0.996 CPUs utilized            ( +-  0.52% )
                 0      context-switches          #    0.001 K/sec                    ( +-100.00% )
                 0      cpu-migrations            #    0.000 K/sec                  
               690      page-faults               #    0.007 M/sec                    ( +-  0.03% )
   <not supported>      cycles                   
   <not supported>      stalled-cycles-frontend  
   <not supported>      stalled-cycles-backend   
   <not supported>      instructions             
   <not supported>      branches                 
   <not supported>      branch-misses            

       0.101743044 seconds time elapsed                                          ( +-  0.52% )


 Performance counter stats for './mandelbrot_seq 0.175 0.375 -0.1 0.1 512' (10 runs):

        397.977586      task-clock (msec)         #    0.999 CPUs utilized            ( +-  0.17% )
                 1      context-switches          #    0.002 K/sec                    ( +- 37.19% )
                 0      cpu-migrations            #    0.000 K/sec                  
             2,610      page-faults               #    0.007 M/sec                    ( +-  0.01% )
   <not supported>      cycles                   
   <not supported>      stalled-cycles-frontend  
   <not supported>      stalled-cycles-backend   
   <not supported>      instructions             
   <not supported>      branches                 
   <not supported>      branch-misses            

       0.398410500 seconds time elapsed                                          ( +-  0.17% )


 Performance counter stats for './mandelbrot_seq 0.175 0.375 -0.1 0.1 1024' (10 runs):

       1578.983675      task-clock (msec)         #    1.000 CPUs utilized            ( +-  0.10% )
                 3      context-switches          #    0.002 K/sec                    ( +- 11.75% )
                 0      cpu-migrations            #    0.000 K/sec                  
            10,290      page-faults               #    0.007 M/sec                    ( +-  0.00% )
   <not supported>      cycles                   
   <not supported>      stalled-cycles-frontend  
   <not supported>      stalled-cycles-backend   
   <not supported>      instructions             
   <not supported>      branches                 
   <not supported>      branch-misses            

       1.579449315 seconds time elapsed                                          ( +-  0.10% )


 Performance counter stats for './mandelbrot_seq 0.175 0.375 -0.1 0.1 2048' (10 runs):

       6325.395306      task-clock (msec)         #    1.000 CPUs utilized            ( +-  0.11% )
                11      context-switches          #    0.002 K/sec                    ( +-  2.10% )
                 0      cpu-migrations            #    0.000 K/sec                  
            41,010      page-faults               #    0.006 M/sec                    ( +-  0.00% )
   <not supported>      cycles                   
   <not supported>      stalled-cycles-frontend  
   <not supported>      stalled-cycles-backend   
   <not supported>      instructions             
   <not supported>      branches                 
   <not supported>      branch-misses            

       6.326050754 seconds time elapsed                                          ( +-  0.11% )


 Performance counter stats for './mandelbrot_seq 0.175 0.375 -0.1 0.1 4096' (10 runs):

      25265.858844      task-clock (msec)         #    0.999 CPUs utilized            ( +-  0.05% )
                47      context-switches          #    0.002 K/sec                    ( +-  0.55% )
                 0      cpu-migrations            #    0.000 K/sec                    ( +- 40.82% )
           163,890      page-faults               #    0.006 M/sec                    ( +-  0.00% )
   <not supported>      cycles                   
   <not supported>      stalled-cycles-frontend  
   <not supported>      stalled-cycles-backend   
   <not supported>      instructions             
   <not supported>      branches                 
   <not supported>      branch-misses            

      25.303204497 seconds time elapsed                                          ( +-  0.06% )


 Performance counter stats for './mandelbrot_seq 0.175 0.375 -0.1 0.1 8192' (10 runs):

     100904.639858      task-clock (msec)         #    0.989 CPUs utilized            ( +-  0.10% )
               201      context-switches          #    0.002 K/sec                    ( +-  0.32% )
                 0      cpu-migrations            #    0.000 K/sec                    ( +-100.00% )
           655,410      page-faults               #    0.006 M/sec                    ( +-  0.00% )
   <not supported>      cycles                   
   <not supported>      stalled-cycles-frontend  
   <not supported>      stalled-cycles-backend   
   <not supported>      instructions             
   <not supported>      branches                 
   <not supported>      branch-misses            

     102.070596496 seconds time elapsed                                          ( +-  0.09% )

