
 Performance counter stats for './mandelbrot_seq -0.8 -0.7 0.05 0.15 16' (10 runs):

          0.828823      task-clock (msec)         #    0.732 CPUs utilized            ( +-  1.48% )
                 0      context-switches          #    0.000 K/sec                  
                 0      cpu-migrations            #    0.000 K/sec                  
                51      page-faults               #    0.062 M/sec                    ( +-  0.39% )
   <not supported>      cycles                   
   <not supported>      stalled-cycles-frontend  
   <not supported>      stalled-cycles-backend   
   <not supported>      instructions             
   <not supported>      branches                 
   <not supported>      branch-misses            

       0.001133042 seconds time elapsed                                          ( +-  2.07% )


 Performance counter stats for './mandelbrot_seq -0.8 -0.7 0.05 0.15 32' (10 runs):

          2.197724      task-clock (msec)         #    0.849 CPUs utilized            ( +-  0.60% )
                 0      context-switches          #    0.046 K/sec                    ( +-100.00% )
                 0      cpu-migrations            #    0.000 K/sec                  
                59      page-faults               #    0.027 M/sec                    ( +-  0.39% )
   <not supported>      cycles                   
   <not supported>      stalled-cycles-frontend  
   <not supported>      stalled-cycles-backend   
   <not supported>      instructions             
   <not supported>      branches                 
   <not supported>      branch-misses            

       0.002589379 seconds time elapsed                                          ( +-  0.80% )


 Performance counter stats for './mandelbrot_seq -0.8 -0.7 0.05 0.15 64' (10 runs):

          7.245758      task-clock (msec)         #    0.946 CPUs utilized            ( +-  0.56% )
                 0      context-switches          #    0.028 K/sec                    ( +- 66.67% )
                 0      cpu-migrations            #    0.000 K/sec                  
                89      page-faults               #    0.012 M/sec                    ( +-  0.35% )
   <not supported>      cycles                   
   <not supported>      stalled-cycles-frontend  
   <not supported>      stalled-cycles-backend   
   <not supported>      instructions             
   <not supported>      branches                 
   <not supported>      branch-misses            

       0.007660023 seconds time elapsed                                          ( +-  0.65% )


 Performance counter stats for './mandelbrot_seq -0.8 -0.7 0.05 0.15 128' (10 runs):

         27.096198      task-clock (msec)         #    0.985 CPUs utilized            ( +-  0.46% )
                 0      context-switches          #    0.011 K/sec                    ( +- 71.15% )
                 0      cpu-migrations            #    0.000 K/sec                  
               210      page-faults               #    0.008 M/sec                    ( +-  0.14% )
   <not supported>      cycles                   
   <not supported>      stalled-cycles-frontend  
   <not supported>      stalled-cycles-backend   
   <not supported>      instructions             
   <not supported>      branches                 
   <not supported>      branch-misses            

       0.027507835 seconds time elapsed                                          ( +-  0.45% )


 Performance counter stats for './mandelbrot_seq -0.8 -0.7 0.05 0.15 256' (10 runs):

        105.549246      task-clock (msec)         #    0.996 CPUs utilized            ( +-  0.30% )
                 0      context-switches          #    0.002 K/sec                    ( +-100.00% )
                 0      cpu-migrations            #    0.000 K/sec                  
               690      page-faults               #    0.007 M/sec                    ( +-  0.05% )
   <not supported>      cycles                   
   <not supported>      stalled-cycles-frontend  
   <not supported>      stalled-cycles-backend   
   <not supported>      instructions             
   <not supported>      branches                 
   <not supported>      branch-misses            

       0.105934218 seconds time elapsed                                          ( +-  0.30% )


 Performance counter stats for './mandelbrot_seq -0.8 -0.7 0.05 0.15 512' (10 runs):

        420.513399      task-clock (msec)         #    0.999 CPUs utilized            ( +-  0.24% )
                 1      context-switches          #    0.002 K/sec                    ( +- 33.33% )
                 0      cpu-migrations            #    0.000 K/sec                  
             2,610      page-faults               #    0.006 M/sec                    ( +-  0.01% )
   <not supported>      cycles                   
   <not supported>      stalled-cycles-frontend  
   <not supported>      stalled-cycles-backend   
   <not supported>      instructions             
   <not supported>      branches                 
   <not supported>      branch-misses            

       0.421017227 seconds time elapsed                                          ( +-  0.23% )


 Performance counter stats for './mandelbrot_seq -0.8 -0.7 0.05 0.15 1024' (10 runs):

       1669.623095      task-clock (msec)         #    1.000 CPUs utilized            ( +-  0.09% )
                 4      context-switches          #    0.002 K/sec                    ( +- 18.48% )
                 0      cpu-migrations            #    0.000 K/sec                    ( +- 40.82% )
            10,290      page-faults               #    0.006 M/sec                    ( +-  0.00% )
   <not supported>      cycles                   
   <not supported>      stalled-cycles-frontend  
   <not supported>      stalled-cycles-backend   
   <not supported>      instructions             
   <not supported>      branches                 
   <not supported>      branch-misses            

       1.670284429 seconds time elapsed                                          ( +-  0.09% )


 Performance counter stats for './mandelbrot_seq -0.8 -0.7 0.05 0.15 2048' (10 runs):

       6699.382026      task-clock (msec)         #    1.000 CPUs utilized            ( +-  0.11% )
                12      context-switches          #    0.002 K/sec                    ( +-  1.31% )
                 0      cpu-migrations            #    0.000 K/sec                  
            41,010      page-faults               #    0.006 M/sec                    ( +-  0.00% )
   <not supported>      cycles                   
   <not supported>      stalled-cycles-frontend  
   <not supported>      stalled-cycles-backend   
   <not supported>      instructions             
   <not supported>      branches                 
   <not supported>      branch-misses            

       6.700075770 seconds time elapsed                                          ( +-  0.11% )


 Performance counter stats for './mandelbrot_seq -0.8 -0.7 0.05 0.15 4096' (10 runs):

      26679.989530      task-clock (msec)         #    0.998 CPUs utilized            ( +-  0.05% )
                50      context-switches          #    0.002 K/sec                    ( +-  0.47% )
                 0      cpu-migrations            #    0.000 K/sec                    ( +- 40.82% )
           163,890      page-faults               #    0.006 M/sec                    ( +-  0.00% )
   <not supported>      cycles                   
   <not supported>      stalled-cycles-frontend  
   <not supported>      stalled-cycles-backend   
   <not supported>      instructions             
   <not supported>      branches                 
   <not supported>      branch-misses            

      26.723125211 seconds time elapsed                                          ( +-  0.05% )


 Performance counter stats for './mandelbrot_seq -0.8 -0.7 0.05 0.15 8192' (10 runs):

     106567.080272      task-clock (msec)         #    0.989 CPUs utilized            ( +-  0.08% )
               210      context-switches          #    0.002 K/sec                    ( +-  0.25% )
                 0      cpu-migrations            #    0.000 K/sec                    ( +-100.00% )
           655,410      page-faults               #    0.006 M/sec                    ( +-  0.00% )
   <not supported>      cycles                   
   <not supported>      stalled-cycles-frontend  
   <not supported>      stalled-cycles-backend   
   <not supported>      instructions             
   <not supported>      branches                 
   <not supported>      branch-misses            

     107.731854264 seconds time elapsed                                          ( +-  0.08% )

