
 Performance counter stats for './mandelbrot_seq_without_io 0.175 0.375 -0.1 0.1 16' (10 runs):

          0.600107      task-clock (msec)         #    0.710 CPUs utilized            ( +-  0.71% )
                 0      context-switches          #    0.000 K/sec                  
                 0      cpu-migrations            #    0.000 K/sec                  
                45      page-faults               #    0.075 M/sec                    ( +-  0.61% )
   <not supported>      cycles                   
   <not supported>      stalled-cycles-frontend  
   <not supported>      stalled-cycles-backend   
   <not supported>      instructions             
   <not supported>      branches                 
   <not supported>      branch-misses            

       0.000844836 seconds time elapsed                                          ( +-  1.15% )


 Performance counter stats for './mandelbrot_seq_without_io 0.175 0.375 -0.1 0.1 32' (10 runs):

          1.982786      task-clock (msec)         #    0.826 CPUs utilized            ( +-  1.26% )
                 0      context-switches          #    0.050 K/sec                    ( +-100.00% )
                 0      cpu-migrations            #    0.000 K/sec                  
                45      page-faults               #    0.023 M/sec                    ( +-  0.40% )
   <not supported>      cycles                   
   <not supported>      stalled-cycles-frontend  
   <not supported>      stalled-cycles-backend   
   <not supported>      instructions             
   <not supported>      branches                 
   <not supported>      branch-misses            

       0.002399812 seconds time elapsed                                          ( +-  1.26% )


 Performance counter stats for './mandelbrot_seq_without_io 0.175 0.375 -0.1 0.1 64' (10 runs):

          6.212322      task-clock (msec)         #    0.941 CPUs utilized            ( +-  0.30% )
                 0      context-switches          #    0.000 K/sec                  
                 0      cpu-migrations            #    0.000 K/sec                  
                45      page-faults               #    0.007 M/sec                    ( +-  0.44% )
   <not supported>      cycles                   
   <not supported>      stalled-cycles-frontend  
   <not supported>      stalled-cycles-backend   
   <not supported>      instructions             
   <not supported>      branches                 
   <not supported>      branch-misses            

       0.006601498 seconds time elapsed                                          ( +-  0.46% )


 Performance counter stats for './mandelbrot_seq_without_io 0.175 0.375 -0.1 0.1 128' (10 runs):

         23.731840      task-clock (msec)         #    0.982 CPUs utilized            ( +-  0.08% )
                 0      context-switches          #    0.000 K/sec                  
                 0      cpu-migrations            #    0.000 K/sec                  
                45      page-faults               #    0.002 M/sec                    ( +-  0.67% )
   <not supported>      cycles                   
   <not supported>      stalled-cycles-frontend  
   <not supported>      stalled-cycles-backend   
   <not supported>      instructions             
   <not supported>      branches                 
   <not supported>      branch-misses            

       0.024157660 seconds time elapsed                                          ( +-  0.08% )


 Performance counter stats for './mandelbrot_seq_without_io 0.175 0.375 -0.1 0.1 256' (10 runs):

         94.799545      task-clock (msec)         #    0.996 CPUs utilized            ( +-  0.24% )
                 0      context-switches          #    0.001 K/sec                    ( +-100.00% )
                 0      cpu-migrations            #    0.000 K/sec                  
                45      page-faults               #    0.479 K/sec                    ( +-  0.49% )
   <not supported>      cycles                   
   <not supported>      stalled-cycles-frontend  
   <not supported>      stalled-cycles-backend   
   <not supported>      instructions             
   <not supported>      branches                 
   <not supported>      branch-misses            

       0.095191376 seconds time elapsed                                          ( +-  0.24% )


 Performance counter stats for './mandelbrot_seq_without_io 0.175 0.375 -0.1 0.1 512' (10 runs):

        374.591651      task-clock (msec)         #    0.999 CPUs utilized            ( +-  0.24% )
                 0      context-switches          #    0.001 K/sec                    ( +- 33.33% )
                 0      cpu-migrations            #    0.000 K/sec                  
                45      page-faults               #    0.121 K/sec                    ( +-  0.49% )
   <not supported>      cycles                   
   <not supported>      stalled-cycles-frontend  
   <not supported>      stalled-cycles-backend   
   <not supported>      instructions             
   <not supported>      branches                 
   <not supported>      branch-misses            

       0.375012475 seconds time elapsed                                          ( +-  0.24% )


 Performance counter stats for './mandelbrot_seq_without_io 0.175 0.375 -0.1 0.1 1024' (10 runs):

       1492.200470      task-clock (msec)         #    1.000 CPUs utilized            ( +-  0.06% )
                 2      context-switches          #    0.002 K/sec                    ( +- 12.29% )
                 0      cpu-migrations            #    0.000 K/sec                  
                45      page-faults               #    0.030 K/sec                    ( +-  0.47% )
   <not supported>      cycles                   
   <not supported>      stalled-cycles-frontend  
   <not supported>      stalled-cycles-backend   
   <not supported>      instructions             
   <not supported>      branches                 
   <not supported>      branch-misses            

       1.492643752 seconds time elapsed                                          ( +-  0.06% )


 Performance counter stats for './mandelbrot_seq_without_io 0.175 0.375 -0.1 0.1 2048' (10 runs):

       5969.607728      task-clock (msec)         #    1.000 CPUs utilized            ( +-  0.05% )
                10      context-switches          #    0.002 K/sec                    ( +-  2.13% )
                 0      cpu-migrations            #    0.000 K/sec                  
                45      page-faults               #    0.008 K/sec                    ( +-  0.62% )
   <not supported>      cycles                   
   <not supported>      stalled-cycles-frontend  
   <not supported>      stalled-cycles-backend   
   <not supported>      instructions             
   <not supported>      branches                 
   <not supported>      branch-misses            

       5.970191807 seconds time elapsed                                          ( +-  0.05% )


 Performance counter stats for './mandelbrot_seq_without_io 0.175 0.375 -0.1 0.1 4096' (10 runs):

      23840.425698      task-clock (msec)         #    1.000 CPUs utilized            ( +-  0.03% )
                42      context-switches          #    0.002 K/sec                    ( +-  0.53% )
                 0      cpu-migrations            #    0.000 K/sec                  
                46      page-faults               #    0.002 K/sec                    ( +-  0.59% )
   <not supported>      cycles                   
   <not supported>      stalled-cycles-frontend  
   <not supported>      stalled-cycles-backend   
   <not supported>      instructions             
   <not supported>      branches                 
   <not supported>      branch-misses            

      23.841380670 seconds time elapsed                                          ( +-  0.03% )


 Performance counter stats for './mandelbrot_seq_without_io 0.175 0.375 -0.1 0.1 8192' (10 runs):

      95496.066051      task-clock (msec)         #    1.000 CPUs utilized            ( +-  0.05% )
               167      context-switches          #    0.002 K/sec                    ( +-  0.17% )
                 0      cpu-migrations            #    0.000 K/sec                  
                45      page-faults               #    0.000 K/sec                    ( +-  0.36% )
   <not supported>      cycles                   
   <not supported>      stalled-cycles-frontend  
   <not supported>      stalled-cycles-backend   
   <not supported>      instructions             
   <not supported>      branches                 
   <not supported>      branch-misses            

      95.499112551 seconds time elapsed                                          ( +-  0.05% )

