
 Performance counter stats for './mandelbrot_seq_without_io -2.5 1.5 -2.0 2.0 16' (10 runs):

          0.284649      task-clock (msec)         #    0.543 CPUs utilized            ( +-  2.67% )
                 0      context-switches          #    0.351 K/sec                    ( +-100.00% )
                 0      cpu-migrations            #    0.000 K/sec                  
                45      page-faults               #    0.158 M/sec                    ( +-  0.61% )
   <not supported>      cycles                   
   <not supported>      stalled-cycles-frontend  
   <not supported>      stalled-cycles-backend   
   <not supported>      instructions             
   <not supported>      branches                 
   <not supported>      branch-misses            

       0.000524195 seconds time elapsed                                          ( +-  2.25% )


 Performance counter stats for './mandelbrot_seq_without_io -2.5 1.5 -2.0 2.0 32' (10 runs):

          0.447869      task-clock (msec)         #    0.632 CPUs utilized            ( +-  1.20% )
                 0      context-switches          #    0.000 K/sec                  
                 0      cpu-migrations            #    0.000 K/sec                  
                45      page-faults               #    0.101 M/sec                    ( +-  0.55% )
   <not supported>      cycles                   
   <not supported>      stalled-cycles-frontend  
   <not supported>      stalled-cycles-backend   
   <not supported>      instructions             
   <not supported>      branches                 
   <not supported>      branch-misses            

       0.000708872 seconds time elapsed                                          ( +-  2.59% )


 Performance counter stats for './mandelbrot_seq_without_io -2.5 1.5 -2.0 2.0 64' (10 runs):

          1.224417      task-clock (msec)         #    0.773 CPUs utilized            ( +-  1.14% )
                 0      context-switches          #    0.000 K/sec                  
                 0      cpu-migrations            #    0.000 K/sec                  
                45      page-faults               #    0.037 M/sec                    ( +-  0.49% )
   <not supported>      cycles                   
   <not supported>      stalled-cycles-frontend  
   <not supported>      stalled-cycles-backend   
   <not supported>      instructions             
   <not supported>      branches                 
   <not supported>      branch-misses            

       0.001584144 seconds time elapsed                                          ( +-  1.33% )


 Performance counter stats for './mandelbrot_seq_without_io -2.5 1.5 -2.0 2.0 128' (10 runs):

          3.814909      task-clock (msec)         #    0.906 CPUs utilized            ( +-  0.41% )
                 0      context-switches          #    0.000 K/sec                  
                 0      cpu-migrations            #    0.000 K/sec                  
                45      page-faults               #    0.012 M/sec                    ( +-  0.61% )
   <not supported>      cycles                   
   <not supported>      stalled-cycles-frontend  
   <not supported>      stalled-cycles-backend   
   <not supported>      instructions             
   <not supported>      branches                 
   <not supported>      branch-misses            

       0.004209654 seconds time elapsed                                          ( +-  0.57% )


 Performance counter stats for './mandelbrot_seq_without_io -2.5 1.5 -2.0 2.0 256' (10 runs):

         13.926293      task-clock (msec)         #    0.966 CPUs utilized            ( +-  0.21% )
                 0      context-switches          #    0.000 K/sec                  
                 0      cpu-migrations            #    0.000 K/sec                  
                45      page-faults               #    0.003 M/sec                    ( +-  0.44% )
   <not supported>      cycles                   
   <not supported>      stalled-cycles-frontend  
   <not supported>      stalled-cycles-backend   
   <not supported>      instructions             
   <not supported>      branches                 
   <not supported>      branch-misses            

       0.014410807 seconds time elapsed                                          ( +-  0.23% )


 Performance counter stats for './mandelbrot_seq_without_io -2.5 1.5 -2.0 2.0 512' (10 runs):

         54.443855      task-clock (msec)         #    0.993 CPUs utilized            ( +-  0.41% )
                 0      context-switches          #    0.004 K/sec                    ( +-100.00% )
                 0      cpu-migrations            #    0.000 K/sec                  
                45      page-faults               #    0.830 K/sec                    ( +-  0.44% )
   <not supported>      cycles                   
   <not supported>      stalled-cycles-frontend  
   <not supported>      stalled-cycles-backend   
   <not supported>      instructions             
   <not supported>      branches                 
   <not supported>      branch-misses            

       0.054830176 seconds time elapsed                                          ( +-  0.42% )


 Performance counter stats for './mandelbrot_seq_without_io -2.5 1.5 -2.0 2.0 1024' (10 runs):

        213.441207      task-clock (msec)         #    0.998 CPUs utilized            ( +-  0.10% )
                 0      context-switches          #    0.002 K/sec                    ( +- 55.28% )
                 0      cpu-migrations            #    0.000 K/sec                  
                45      page-faults               #    0.211 K/sec                    ( +-  0.52% )
   <not supported>      cycles                   
   <not supported>      stalled-cycles-frontend  
   <not supported>      stalled-cycles-backend   
   <not supported>      instructions             
   <not supported>      branches                 
   <not supported>      branch-misses            

       0.213850982 seconds time elapsed                                          ( +-  0.10% )


 Performance counter stats for './mandelbrot_seq_without_io -2.5 1.5 -2.0 2.0 2048' (10 runs):

        851.958485      task-clock (msec)         #    0.999 CPUs utilized            ( +-  0.08% )
                 1      context-switches          #    0.002 K/sec                    ( +- 19.05% )
                 0      cpu-migrations            #    0.000 K/sec                  
                45      page-faults               #    0.053 K/sec                    ( +-  0.47% )
   <not supported>      cycles                   
   <not supported>      stalled-cycles-frontend  
   <not supported>      stalled-cycles-backend   
   <not supported>      instructions             
   <not supported>      branches                 
   <not supported>      branch-misses            

       0.852397289 seconds time elapsed                                          ( +-  0.08% )


 Performance counter stats for './mandelbrot_seq_without_io -2.5 1.5 -2.0 2.0 4096' (10 runs):

       3400.133844      task-clock (msec)         #    1.000 CPUs utilized            ( +-  0.06% )
                 6      context-switches          #    0.002 K/sec                    ( +-  3.95% )
                 0      cpu-migrations            #    0.000 K/sec                  
                45      page-faults               #    0.013 K/sec                    ( +-  0.49% )
   <not supported>      cycles                   
   <not supported>      stalled-cycles-frontend  
   <not supported>      stalled-cycles-backend   
   <not supported>      instructions             
   <not supported>      branches                 
   <not supported>      branch-misses            

       3.400631163 seconds time elapsed                                          ( +-  0.06% )


 Performance counter stats for './mandelbrot_seq_without_io -2.5 1.5 -2.0 2.0 8192' (10 runs):

      13644.899720      task-clock (msec)         #    1.000 CPUs utilized            ( +-  0.10% )
                24      context-switches          #    0.002 K/sec                    ( +-  1.32% )
                 0      cpu-migrations            #    0.000 K/sec                  
                45      page-faults               #    0.003 K/sec                    ( +-  0.49% )
   <not supported>      cycles                   
   <not supported>      stalled-cycles-frontend  
   <not supported>      stalled-cycles-backend   
   <not supported>      instructions             
   <not supported>      branches                 
   <not supported>      branch-misses            

      13.645724400 seconds time elapsed                                          ( +-  0.10% )

