
 Performance counter stats for './mandelbrot_seq_without_io -0.188 -0.012 0.554 0.754 16' (10 runs):

          0.673610      task-clock (msec)         #    0.724 CPUs utilized            ( +-  1.55% )
                 0      context-switches          #    0.000 K/sec                  
                 0      cpu-migrations            #    0.000 K/sec                  
                45      page-faults               #    0.067 M/sec                    ( +-  0.66% )
   <not supported>      cycles                   
   <not supported>      stalled-cycles-frontend  
   <not supported>      stalled-cycles-backend   
   <not supported>      instructions             
   <not supported>      branches                 
   <not supported>      branch-misses            

       0.000929838 seconds time elapsed                                          ( +-  1.36% )


 Performance counter stats for './mandelbrot_seq_without_io -0.188 -0.012 0.554 0.754 32' (10 runs):

          2.212649      task-clock (msec)         #    0.842 CPUs utilized            ( +-  0.61% )
                 0      context-switches          #    0.000 K/sec                  
                 0      cpu-migrations            #    0.000 K/sec                  
                45      page-faults               #    0.020 M/sec                    ( +-  0.55% )
   <not supported>      cycles                   
   <not supported>      stalled-cycles-frontend  
   <not supported>      stalled-cycles-backend   
   <not supported>      instructions             
   <not supported>      branches                 
   <not supported>      branch-misses            

       0.002626904 seconds time elapsed                                          ( +-  0.84% )


 Performance counter stats for './mandelbrot_seq_without_io -0.188 -0.012 0.554 0.754 64' (10 runs):

          7.632083      task-clock (msec)         #    0.949 CPUs utilized            ( +-  1.39% )
                 0      context-switches          #    0.013 K/sec                    ( +-100.00% )
                 0      cpu-migrations            #    0.000 K/sec                  
                46      page-faults               #    0.006 M/sec                    ( +-  0.36% )
   <not supported>      cycles                   
   <not supported>      stalled-cycles-frontend  
   <not supported>      stalled-cycles-backend   
   <not supported>      instructions             
   <not supported>      branches                 
   <not supported>      branch-misses            

       0.008039013 seconds time elapsed                                          ( +-  1.34% )


 Performance counter stats for './mandelbrot_seq_without_io -0.188 -0.012 0.554 0.754 128' (10 runs):

         28.623137      task-clock (msec)         #    0.985 CPUs utilized            ( +-  0.13% )
                 0      context-switches          #    0.007 K/sec                    ( +-100.00% )
                 0      cpu-migrations            #    0.003 K/sec                    ( +-100.00% )
                45      page-faults               #    0.002 M/sec                    ( +-  0.49% )
   <not supported>      cycles                   
   <not supported>      stalled-cycles-frontend  
   <not supported>      stalled-cycles-backend   
   <not supported>      instructions             
   <not supported>      branches                 
   <not supported>      branch-misses            

       0.029058812 seconds time elapsed                                          ( +-  0.12% )


 Performance counter stats for './mandelbrot_seq_without_io -0.188 -0.012 0.554 0.754 256' (10 runs):

        113.646815      task-clock (msec)         #    0.997 CPUs utilized            ( +-  0.10% )
                 0      context-switches          #    0.001 K/sec                    ( +-100.00% )
                 0      cpu-migrations            #    0.000 K/sec                  
                45      page-faults               #    0.396 K/sec                    ( +-  0.74% )
   <not supported>      cycles                   
   <not supported>      stalled-cycles-frontend  
   <not supported>      stalled-cycles-backend   
   <not supported>      instructions             
   <not supported>      branches                 
   <not supported>      branch-misses            

       0.114024483 seconds time elapsed                                          ( +-  0.10% )


 Performance counter stats for './mandelbrot_seq_without_io -0.188 -0.012 0.554 0.754 512' (10 runs):

        450.246699      task-clock (msec)         #    0.999 CPUs utilized            ( +-  0.06% )
                 1      context-switches          #    0.002 K/sec                    ( +- 30.77% )
                 0      cpu-migrations            #    0.000 K/sec                  
                46      page-faults               #    0.101 K/sec                    ( +-  0.36% )
   <not supported>      cycles                   
   <not supported>      stalled-cycles-frontend  
   <not supported>      stalled-cycles-backend   
   <not supported>      instructions             
   <not supported>      branches                 
   <not supported>      branch-misses            

       0.450705602 seconds time elapsed                                          ( +-  0.06% )


 Performance counter stats for './mandelbrot_seq_without_io -0.188 -0.012 0.554 0.754 1024' (10 runs):

       1802.355482      task-clock (msec)         #    1.000 CPUs utilized            ( +-  0.05% )
                 3      context-switches          #    0.002 K/sec                    ( +-  7.80% )
                 0      cpu-migrations            #    0.000 K/sec                  
                45      page-faults               #    0.025 K/sec                    ( +-  0.40% )
   <not supported>      cycles                   
   <not supported>      stalled-cycles-frontend  
   <not supported>      stalled-cycles-backend   
   <not supported>      instructions             
   <not supported>      branches                 
   <not supported>      branch-misses            

       1.802821227 seconds time elapsed                                          ( +-  0.05% )


 Performance counter stats for './mandelbrot_seq_without_io -0.188 -0.012 0.554 0.754 2048' (10 runs):

       7215.385195      task-clock (msec)         #    1.000 CPUs utilized            ( +-  0.07% )
                13      context-switches          #    0.002 K/sec                    ( +-  2.36% )
                 0      cpu-migrations            #    0.000 K/sec                  
                45      page-faults               #    0.006 K/sec                    ( +-  0.47% )
   <not supported>      cycles                   
   <not supported>      stalled-cycles-frontend  
   <not supported>      stalled-cycles-backend   
   <not supported>      instructions             
   <not supported>      branches                 
   <not supported>      branch-misses            

       7.216008853 seconds time elapsed                                          ( +-  0.07% )


 Performance counter stats for './mandelbrot_seq_without_io -0.188 -0.012 0.554 0.754 4096' (10 runs):

      28838.583567      task-clock (msec)         #    1.000 CPUs utilized            ( +-  0.03% )
                50      context-switches          #    0.002 K/sec                    ( +-  0.44% )
                 0      cpu-migrations            #    0.000 K/sec                  
                46      page-faults               #    0.002 K/sec                    ( +-  0.36% )
   <not supported>      cycles                   
   <not supported>      stalled-cycles-frontend  
   <not supported>      stalled-cycles-backend   
   <not supported>      instructions             
   <not supported>      branches                 
   <not supported>      branch-misses            

      28.839736361 seconds time elapsed                                          ( +-  0.03% )


 Performance counter stats for './mandelbrot_seq_without_io -0.188 -0.012 0.554 0.754 8192' (10 runs):

     115495.324251      task-clock (msec)         #    1.000 CPUs utilized            ( +-  0.06% )
               202      context-switches          #    0.002 K/sec                    ( +-  0.14% )
                 0      cpu-migrations            #    0.000 K/sec                  
                45      page-faults               #    0.000 K/sec                    ( +-  0.44% )
   <not supported>      cycles                   
   <not supported>      stalled-cycles-frontend  
   <not supported>      stalled-cycles-backend   
   <not supported>      instructions             
   <not supported>      branches                 
   <not supported>      branch-misses            

     115.498999581 seconds time elapsed                                          ( +-  0.06% )

