
 Performance counter stats for './mandelbrot_pth 0.175 0.375 -0.1 0.1 16 2' (10 runs):

          1.074752      task-clock (msec)         #    0.928 CPUs utilized            ( +-  1.32% )
                 2      context-switches          #    0.002 M/sec                    ( +-  4.76% )
                 2      cpu-migrations            #    0.002 M/sec                    ( +- 11.11% )
                64      page-faults               #    0.060 M/sec                    ( +-  0.84% )
   <not supported>      cycles                   
   <not supported>      stalled-cycles-frontend  
   <not supported>      stalled-cycles-backend   
   <not supported>      instructions             
   <not supported>      branches                 
   <not supported>      branch-misses            

       0.001157934 seconds time elapsed                                          ( +-  1.74% )


 Performance counter stats for './mandelbrot_pth 0.175 0.375 -0.1 0.1 32 2' (10 runs):

          2.333864      task-clock (msec)         #    1.269 CPUs utilized            ( +-  0.98% )
                 2      context-switches          #    0.985 K/sec                    ( +- 11.32% )
                 2      cpu-migrations            #    0.943 K/sec                    ( +-  9.09% )
                64      page-faults               #    0.028 M/sec                    ( +-  0.62% )
   <not supported>      cycles                   
   <not supported>      stalled-cycles-frontend  
   <not supported>      stalled-cycles-backend   
   <not supported>      instructions             
   <not supported>      branches                 
   <not supported>      branch-misses            

       0.001839320 seconds time elapsed                                          ( +-  1.33% )


 Performance counter stats for './mandelbrot_pth 0.175 0.375 -0.1 0.1 64 2' (10 runs):

          6.887435      task-clock (msec)         #    1.640 CPUs utilized            ( +-  0.27% )
                 2      context-switches          #    0.319 K/sec                    ( +-  9.09% )
                 2      cpu-migrations            #    0.290 K/sec                  
                65      page-faults               #    0.009 M/sec                    ( +-  0.48% )
   <not supported>      cycles                   
   <not supported>      stalled-cycles-frontend  
   <not supported>      stalled-cycles-backend   
   <not supported>      instructions             
   <not supported>      branches                 
   <not supported>      branch-misses            

       0.004200143 seconds time elapsed                                          ( +-  0.49% )


 Performance counter stats for './mandelbrot_pth 0.175 0.375 -0.1 0.1 128 2' (10 runs):

         24.469673      task-clock (msec)         #    1.891 CPUs utilized            ( +-  0.10% )
                 2      context-switches          #    0.078 K/sec                    ( +-  9.45% )
                 2      cpu-migrations            #    0.094 K/sec                    ( +-  9.28% )
                65      page-faults               #    0.003 M/sec                    ( +-  0.60% )
   <not supported>      cycles                   
   <not supported>      stalled-cycles-frontend  
   <not supported>      stalled-cycles-backend   
   <not supported>      instructions             
   <not supported>      branches                 
   <not supported>      branch-misses            

       0.012938929 seconds time elapsed                                          ( +-  0.15% )


 Performance counter stats for './mandelbrot_pth 0.175 0.375 -0.1 0.1 256 2' (10 runs):

         94.703233      task-clock (msec)         #    1.970 CPUs utilized            ( +-  0.06% )
                 2      context-switches          #    0.017 K/sec                    ( +- 19.09% )
                 2      cpu-migrations            #    0.022 K/sec                    ( +-  4.76% )
                65      page-faults               #    0.683 K/sec                    ( +-  0.69% )
   <not supported>      cycles                   
   <not supported>      stalled-cycles-frontend  
   <not supported>      stalled-cycles-backend   
   <not supported>      instructions             
   <not supported>      branches                 
   <not supported>      branch-misses            

       0.048071593 seconds time elapsed                                          ( +-  0.06% )


 Performance counter stats for './mandelbrot_pth 0.175 0.375 -0.1 0.1 512 2' (10 runs):

        376.398290      task-clock (msec)         #    1.987 CPUs utilized            ( +-  0.08% )
                 3      context-switches          #    0.007 K/sec                    ( +- 16.67% )
                 2      cpu-migrations            #    0.005 K/sec                  
                65      page-faults               #    0.173 K/sec                    ( +-  0.31% )
   <not supported>      cycles                   
   <not supported>      stalled-cycles-frontend  
   <not supported>      stalled-cycles-backend   
   <not supported>      instructions             
   <not supported>      branches                 
   <not supported>      branch-misses            

       0.189426345 seconds time elapsed                                          ( +-  0.13% )


 Performance counter stats for './mandelbrot_pth 0.175 0.375 -0.1 0.1 1024 2' (10 runs):

       1506.457842      task-clock (msec)         #    1.995 CPUs utilized            ( +-  0.22% )
                 5      context-switches          #    0.003 K/sec                    ( +- 10.67% )
                 2      cpu-migrations            #    0.001 K/sec                  
                65      page-faults               #    0.043 K/sec                    ( +-  0.45% )
   <not supported>      cycles                   
   <not supported>      stalled-cycles-frontend  
   <not supported>      stalled-cycles-backend   
   <not supported>      instructions             
   <not supported>      branches                 
   <not supported>      branch-misses            

       0.755043239 seconds time elapsed                                          ( +-  0.23% )


 Performance counter stats for './mandelbrot_pth 0.175 0.375 -0.1 0.1 2048 2' (10 runs):

       6012.440002      task-clock (msec)         #    1.995 CPUs utilized            ( +-  0.18% )
                12      context-switches          #    0.002 K/sec                    ( +-  3.41% )
                 2      cpu-migrations            #    0.000 K/sec                    ( +-  6.64% )
                65      page-faults               #    0.011 K/sec                    ( +-  0.71% )
   <not supported>      cycles                   
   <not supported>      stalled-cycles-frontend  
   <not supported>      stalled-cycles-backend   
   <not supported>      instructions             
   <not supported>      branches                 
   <not supported>      branch-misses            

       3.013470373 seconds time elapsed                                          ( +-  0.17% )


 Performance counter stats for './mandelbrot_pth 0.175 0.375 -0.1 0.1 4096 2' (10 runs):

      23974.374880      task-clock (msec)         #    1.995 CPUs utilized            ( +-  0.09% )
                44      context-switches          #    0.002 K/sec                    ( +-  0.75% )
                 2      cpu-migrations            #    0.000 K/sec                    ( +-  6.06% )
                66      page-faults               #    0.003 K/sec                    ( +-  0.34% )
   <not supported>      cycles                   
   <not supported>      stalled-cycles-frontend  
   <not supported>      stalled-cycles-backend   
   <not supported>      instructions             
   <not supported>      branches                 
   <not supported>      branch-misses            

      12.015372402 seconds time elapsed                                          ( +-  0.11% )


 Performance counter stats for './mandelbrot_pth 0.175 0.375 -0.1 0.1 8192 2' (10 runs):

      95638.188438      task-clock (msec)         #    1.998 CPUs utilized            ( +-  0.04% )
               170      context-switches          #    0.002 K/sec                    ( +-  0.36% )
                 2      cpu-migrations            #    0.000 K/sec                  
                64      page-faults               #    0.001 K/sec                    ( +-  0.77% )
   <not supported>      cycles                   
   <not supported>      stalled-cycles-frontend  
   <not supported>      stalled-cycles-backend   
   <not supported>      instructions             
   <not supported>      branches                 
   <not supported>      branch-misses            

      47.863713799 seconds time elapsed                                          ( +-  0.04% )

