
 Performance counter stats for './mandelbrot_pth -2.5 1.5 -2.0 2.0 16 1' (10 runs):

          0.592861      task-clock (msec)         #    0.664 CPUs utilized            ( +-  1.96% )
                 1      context-switches          #    0.002 M/sec                  
                 1      cpu-migrations            #    0.002 M/sec                  
                63      page-faults               #    0.106 M/sec                    ( +-  0.71% )
   <not supported>      cycles                   
   <not supported>      stalled-cycles-frontend  
   <not supported>      stalled-cycles-backend   
   <not supported>      instructions             
   <not supported>      branches                 
   <not supported>      branch-misses            

       0.000892863 seconds time elapsed                                          ( +-  1.40% )


 Performance counter stats for './mandelbrot_pth -2.5 1.5 -2.0 2.0 32 1' (10 runs):

          0.813073      task-clock (msec)         #    0.710 CPUs utilized            ( +-  2.53% )
                 1      context-switches          #    0.001 M/sec                  
                 1      cpu-migrations            #    0.001 M/sec                  
                63      page-faults               #    0.078 M/sec                    ( +-  0.39% )
   <not supported>      cycles                   
   <not supported>      stalled-cycles-frontend  
   <not supported>      stalled-cycles-backend   
   <not supported>      instructions             
   <not supported>      branches                 
   <not supported>      branch-misses            

       0.001145720 seconds time elapsed                                          ( +-  2.69% )


 Performance counter stats for './mandelbrot_pth -2.5 1.5 -2.0 2.0 64 1' (10 runs):

          1.649113      task-clock (msec)         #    0.808 CPUs utilized            ( +-  2.15% )
                 1      context-switches          #    0.606 K/sec                  
                 1      cpu-migrations            #    0.606 K/sec                  
                63      page-faults               #    0.038 M/sec                    ( +-  0.41% )
   <not supported>      cycles                   
   <not supported>      stalled-cycles-frontend  
   <not supported>      stalled-cycles-backend   
   <not supported>      instructions             
   <not supported>      branches                 
   <not supported>      branch-misses            

       0.002041378 seconds time elapsed                                          ( +-  2.33% )


 Performance counter stats for './mandelbrot_pth -2.5 1.5 -2.0 2.0 128 1' (10 runs):

          4.154693      task-clock (msec)         #    0.911 CPUs utilized            ( +-  1.11% )
                 1      context-switches          #    0.241 K/sec                  
                 1      cpu-migrations            #    0.241 K/sec                  
                63      page-faults               #    0.015 M/sec                    ( +-  1.01% )
   <not supported>      cycles                   
   <not supported>      stalled-cycles-frontend  
   <not supported>      stalled-cycles-backend   
   <not supported>      instructions             
   <not supported>      branches                 
   <not supported>      branch-misses            

       0.004562243 seconds time elapsed                                          ( +-  1.01% )


 Performance counter stats for './mandelbrot_pth -2.5 1.5 -2.0 2.0 256 1' (10 runs):

         14.259813      task-clock (msec)         #    0.977 CPUs utilized            ( +-  0.39% )
                 1      context-switches          #    0.070 K/sec                  
                 1      cpu-migrations            #    0.070 K/sec                  
                63      page-faults               #    0.004 M/sec                    ( +-  0.53% )
   <not supported>      cycles                   
   <not supported>      stalled-cycles-frontend  
   <not supported>      stalled-cycles-backend   
   <not supported>      instructions             
   <not supported>      branches                 
   <not supported>      branch-misses            

       0.014599916 seconds time elapsed                                          ( +-  0.44% )


 Performance counter stats for './mandelbrot_pth -2.5 1.5 -2.0 2.0 512 1' (10 runs):

         54.624028      task-clock (msec)         #    0.993 CPUs utilized            ( +-  0.43% )
                 1      context-switches          #    0.022 K/sec                    ( +- 16.67% )
                 1      cpu-migrations            #    0.026 K/sec                    ( +- 11.66% )
                62      page-faults               #    0.001 M/sec                    ( +-  0.60% )
   <not supported>      cycles                   
   <not supported>      stalled-cycles-frontend  
   <not supported>      stalled-cycles-backend   
   <not supported>      instructions             
   <not supported>      branches                 
   <not supported>      branch-misses            

       0.055007496 seconds time elapsed                                          ( +-  0.43% )


 Performance counter stats for './mandelbrot_pth -2.5 1.5 -2.0 2.0 1024 1' (10 runs):

        214.201414      task-clock (msec)         #    0.998 CPUs utilized            ( +-  0.09% )
                 1      context-switches          #    0.007 K/sec                    ( +- 15.79% )
                 1      cpu-migrations            #    0.005 K/sec                  
                63      page-faults               #    0.295 K/sec                    ( +-  0.76% )
   <not supported>      cycles                   
   <not supported>      stalled-cycles-frontend  
   <not supported>      stalled-cycles-backend   
   <not supported>      instructions             
   <not supported>      branches                 
   <not supported>      branch-misses            

       0.214590512 seconds time elapsed                                          ( +-  0.10% )


 Performance counter stats for './mandelbrot_pth -2.5 1.5 -2.0 2.0 2048 1' (10 runs):

        853.322925      task-clock (msec)         #    0.999 CPUs utilized            ( +-  0.07% )
                 3      context-switches          #    0.003 K/sec                    ( +-  8.50% )
                 1      cpu-migrations            #    0.001 K/sec                  
                63      page-faults               #    0.074 K/sec                    ( +-  0.70% )
   <not supported>      cycles                   
   <not supported>      stalled-cycles-frontend  
   <not supported>      stalled-cycles-backend   
   <not supported>      instructions             
   <not supported>      branches                 
   <not supported>      branch-misses            

       0.853764540 seconds time elapsed                                          ( +-  0.07% )


 Performance counter stats for './mandelbrot_pth -2.5 1.5 -2.0 2.0 4096 1' (10 runs):

       3411.078359      task-clock (msec)         #    1.000 CPUs utilized            ( +-  0.09% )
                 7      context-switches          #    0.002 K/sec                    ( +-  4.13% )
                 1      cpu-migrations            #    0.000 K/sec                  
                63      page-faults               #    0.018 K/sec                    ( +-  0.72% )
   <not supported>      cycles                   
   <not supported>      stalled-cycles-frontend  
   <not supported>      stalled-cycles-backend   
   <not supported>      instructions             
   <not supported>      branches                 
   <not supported>      branch-misses            

       3.411606227 seconds time elapsed                                          ( +-  0.09% )


 Performance counter stats for './mandelbrot_pth -2.5 1.5 -2.0 2.0 8192 1' (10 runs):

      13654.297759      task-clock (msec)         #    1.000 CPUs utilized            ( +-  0.11% )
                25      context-switches          #    0.002 K/sec                    ( +-  0.60% )
                 1      cpu-migrations            #    0.000 K/sec                  
                63      page-faults               #    0.005 K/sec                    ( +-  0.96% )
   <not supported>      cycles                   
   <not supported>      stalled-cycles-frontend  
   <not supported>      stalled-cycles-backend   
   <not supported>      instructions             
   <not supported>      branches                 
   <not supported>      branch-misses            

      13.655155689 seconds time elapsed                                          ( +-  0.11% )

