
 Performance counter stats for './mandelbrot_pth -2.5 1.5 -2.0 2.0 16 4' (10 runs):

          0.951109      task-clock (msec)         #    0.832 CPUs utilized            ( +-  2.81% )
                 9      context-switches          #    0.010 M/sec                    ( +- 10.64% )
                 5      cpu-migrations            #    0.005 M/sec                    ( +-  5.96% )
                69      page-faults               #    0.072 M/sec                    ( +-  0.53% )
   <not supported>      cycles                   
   <not supported>      stalled-cycles-frontend  
   <not supported>      stalled-cycles-backend   
   <not supported>      instructions             
   <not supported>      branches                 
   <not supported>      branch-misses            

       0.001142607 seconds time elapsed                                          ( +-  2.61% )


 Performance counter stats for './mandelbrot_pth -2.5 1.5 -2.0 2.0 32 4' (10 runs):

          1.060523      task-clock (msec)         #    0.970 CPUs utilized            ( +-  2.55% )
                 5      context-switches          #    0.005 M/sec                    ( +- 12.65% )
                 4      cpu-migrations            #    0.004 M/sec                  
                68      page-faults               #    0.064 M/sec                    ( +-  0.58% )
   <not supported>      cycles                   
   <not supported>      stalled-cycles-frontend  
   <not supported>      stalled-cycles-backend   
   <not supported>      instructions             
   <not supported>      branches                 
   <not supported>      branch-misses            

       0.001093787 seconds time elapsed                                          ( +-  3.16% )


 Performance counter stats for './mandelbrot_pth -2.5 1.5 -2.0 2.0 64 4' (10 runs):

          1.731113      task-clock (msec)         #    1.187 CPUs utilized            ( +-  1.02% )
                 4      context-switches          #    0.002 M/sec                    ( +-  3.51% )
                 4      cpu-migrations            #    0.002 M/sec                  
                70      page-faults               #    0.040 M/sec                    ( +-  0.32% )
   <not supported>      cycles                   
   <not supported>      stalled-cycles-frontend  
   <not supported>      stalled-cycles-backend   
   <not supported>      instructions             
   <not supported>      branches                 
   <not supported>      branch-misses            

       0.001458998 seconds time elapsed                                          ( +-  1.57% )


 Performance counter stats for './mandelbrot_pth -2.5 1.5 -2.0 2.0 128 4' (10 runs):

          4.405098      task-clock (msec)         #    1.563 CPUs utilized            ( +-  0.43% )
                 4      context-switches          #    0.931 K/sec                    ( +-  2.44% )
                 4      cpu-migrations            #    0.908 K/sec                  
                69      page-faults               #    0.016 M/sec                    ( +-  0.47% )
   <not supported>      cycles                   
   <not supported>      stalled-cycles-frontend  
   <not supported>      stalled-cycles-backend   
   <not supported>      instructions             
   <not supported>      branches                 
   <not supported>      branch-misses            

       0.002818947 seconds time elapsed                                          ( +-  0.58% )


 Performance counter stats for './mandelbrot_pth -2.5 1.5 -2.0 2.0 256 4' (10 runs):

         14.673675      task-clock (msec)         #    1.859 CPUs utilized            ( +-  0.38% )
                 4      context-switches          #    0.286 K/sec                    ( +-  4.76% )
                 4      cpu-migrations            #    0.286 K/sec                    ( +-  4.76% )
                68      page-faults               #    0.005 M/sec                    ( +-  0.65% )
   <not supported>      cycles                   
   <not supported>      stalled-cycles-frontend  
   <not supported>      stalled-cycles-backend   
   <not supported>      instructions             
   <not supported>      branches                 
   <not supported>      branch-misses            

       0.007894384 seconds time elapsed                                          ( +-  0.57% )


 Performance counter stats for './mandelbrot_pth -2.5 1.5 -2.0 2.0 512 4' (10 runs):

         55.252175      task-clock (msec)         #    1.996 CPUs utilized            ( +-  0.77% )
                 4      context-switches          #    0.071 K/sec                    ( +-  7.10% )
                 4      cpu-migrations            #    0.072 K/sec                  
                69      page-faults               #    0.001 M/sec                    ( +-  0.46% )
   <not supported>      cycles                   
   <not supported>      stalled-cycles-frontend  
   <not supported>      stalled-cycles-backend   
   <not supported>      instructions             
   <not supported>      branches                 
   <not supported>      branch-misses            

       0.027675755 seconds time elapsed                                          ( +-  1.39% )


 Performance counter stats for './mandelbrot_pth -2.5 1.5 -2.0 2.0 1024 4' (10 runs):

        217.265028      task-clock (msec)         #    2.030 CPUs utilized            ( +-  0.72% )
                 4      context-switches          #    0.020 K/sec                    ( +-  7.79% )
                 4      cpu-migrations            #    0.020 K/sec                    ( +-  3.55% )
                68      page-faults               #    0.314 K/sec                    ( +-  0.53% )
   <not supported>      cycles                   
   <not supported>      stalled-cycles-frontend  
   <not supported>      stalled-cycles-backend   
   <not supported>      instructions             
   <not supported>      branches                 
   <not supported>      branch-misses            

       0.107016848 seconds time elapsed                                          ( +-  1.47% )


 Performance counter stats for './mandelbrot_pth -2.5 1.5 -2.0 2.0 2048 4' (10 runs):

        853.364784      task-clock (msec)         #    2.061 CPUs utilized            ( +-  0.07% )
                 6      context-switches          #    0.007 K/sec                    ( +-  6.57% )
                 4      cpu-migrations            #    0.005 K/sec                    ( +-  2.44% )
                68      page-faults               #    0.080 K/sec                    ( +-  0.59% )
   <not supported>      cycles                   
   <not supported>      stalled-cycles-frontend  
   <not supported>      stalled-cycles-backend   
   <not supported>      instructions             
   <not supported>      branches                 
   <not supported>      branch-misses            

       0.414072759 seconds time elapsed                                          ( +-  0.07% )


 Performance counter stats for './mandelbrot_pth -2.5 1.5 -2.0 2.0 4096 4' (10 runs):

       3415.209840      task-clock (msec)         #    2.067 CPUs utilized            ( +-  0.07% )
                11      context-switches          #    0.003 K/sec                    ( +-  6.16% )
                 5      cpu-migrations            #    0.001 K/sec                    ( +-  2.78% )
                69      page-faults               #    0.020 K/sec                    ( +-  0.44% )
   <not supported>      cycles                   
   <not supported>      stalled-cycles-frontend  
   <not supported>      stalled-cycles-backend   
   <not supported>      instructions             
   <not supported>      branches                 
   <not supported>      branch-misses            

       1.652446132 seconds time elapsed                                          ( +-  0.06% )


 Performance counter stats for './mandelbrot_pth -2.5 1.5 -2.0 2.0 8192 4' (10 runs):

      13798.378037      task-clock (msec)         #    2.058 CPUs utilized            ( +-  0.18% )
                29      context-switches          #    0.002 K/sec                    ( +-  1.30% )
                 5      cpu-migrations            #    0.000 K/sec                    ( +-  3.25% )
                68      page-faults               #    0.005 K/sec                    ( +-  0.51% )
   <not supported>      cycles                   
   <not supported>      stalled-cycles-frontend  
   <not supported>      stalled-cycles-backend   
   <not supported>      instructions             
   <not supported>      branches                 
   <not supported>      branch-misses            

       6.705483670 seconds time elapsed                                          ( +-  0.29% )

