
 Performance counter stats for './mandelbrot_pth -2.5 1.5 -2.0 2.0 16 8' (10 runs):

          1.089060      task-clock (msec)         #    1.019 CPUs utilized            ( +-  2.35% )
                19      context-switches          #    0.018 M/sec                    ( +-  4.96% )
                10      cpu-migrations            #    0.009 M/sec                    ( +-  2.98% )
                77      page-faults               #    0.071 M/sec                    ( +-  0.30% )
   <not supported>      cycles                   
   <not supported>      stalled-cycles-frontend  
   <not supported>      stalled-cycles-backend   
   <not supported>      instructions             
   <not supported>      branches                 
   <not supported>      branch-misses            

       0.001068573 seconds time elapsed                                          ( +-  2.84% )


 Performance counter stats for './mandelbrot_pth -2.5 1.5 -2.0 2.0 32 8' (10 runs):

          1.270028      task-clock (msec)         #    1.111 CPUs utilized            ( +-  1.34% )
                18      context-switches          #    0.014 M/sec                    ( +-  7.19% )
                10      cpu-migrations            #    0.008 M/sec                    ( +-  1.78% )
                77      page-faults               #    0.060 M/sec                    ( +-  0.52% )
   <not supported>      cycles                   
   <not supported>      stalled-cycles-frontend  
   <not supported>      stalled-cycles-backend   
   <not supported>      instructions             
   <not supported>      branches                 
   <not supported>      branch-misses            

       0.001143334 seconds time elapsed                                          ( +-  2.94% )


 Performance counter stats for './mandelbrot_pth -2.5 1.5 -2.0 2.0 64 8' (10 runs):

          1.922892      task-clock (msec)         #    1.397 CPUs utilized            ( +-  2.30% )
                15      context-switches          #    0.008 M/sec                    ( +-  8.35% )
                 9      cpu-migrations            #    0.005 M/sec                    ( +-  1.10% )
                77      page-faults               #    0.040 M/sec                    ( +-  0.45% )
   <not supported>      cycles                   
   <not supported>      stalled-cycles-frontend  
   <not supported>      stalled-cycles-backend   
   <not supported>      instructions             
   <not supported>      branches                 
   <not supported>      branch-misses            

       0.001376786 seconds time elapsed                                          ( +-  2.58% )


 Performance counter stats for './mandelbrot_pth -2.5 1.5 -2.0 2.0 128 8' (10 runs):

          4.509974      task-clock (msec)         #    1.877 CPUs utilized            ( +-  1.15% )
                17      context-switches          #    0.004 M/sec                    ( +-  7.95% )
                 8      cpu-migrations            #    0.002 M/sec                    ( +-  1.63% )
                77      page-faults               #    0.017 M/sec                    ( +-  0.62% )
   <not supported>      cycles                   
   <not supported>      stalled-cycles-frontend  
   <not supported>      stalled-cycles-backend   
   <not supported>      instructions             
   <not supported>      branches                 
   <not supported>      branch-misses            

       0.002402785 seconds time elapsed                                          ( +-  1.62% )


 Performance counter stats for './mandelbrot_pth -2.5 1.5 -2.0 2.0 256 8' (10 runs):

         15.215963      task-clock (msec)         #    2.273 CPUs utilized            ( +-  0.51% )
                 9      context-switches          #    0.565 K/sec                    ( +-  8.17% )
                 8      cpu-migrations            #    0.513 K/sec                    ( +-  6.28% )
                76      page-faults               #    0.005 M/sec                    ( +-  0.52% )
   <not supported>      cycles                   
   <not supported>      stalled-cycles-frontend  
   <not supported>      stalled-cycles-backend   
   <not supported>      instructions             
   <not supported>      branches                 
   <not supported>      branch-misses            

       0.006693629 seconds time elapsed                                          ( +-  0.63% )


 Performance counter stats for './mandelbrot_pth -2.5 1.5 -2.0 2.0 512 8' (10 runs):

         56.310942      task-clock (msec)         #    2.488 CPUs utilized            ( +-  0.63% )
                 6      context-switches          #    0.115 K/sec                    ( +-  5.73% )
                 8      cpu-migrations            #    0.137 K/sec                    ( +-  1.98% )
                76      page-faults               #    0.001 M/sec                    ( +-  0.43% )
   <not supported>      cycles                   
   <not supported>      stalled-cycles-frontend  
   <not supported>      stalled-cycles-backend   
   <not supported>      instructions             
   <not supported>      branches                 
   <not supported>      branch-misses            

       0.022629349 seconds time elapsed                                          ( +-  0.80% )


 Performance counter stats for './mandelbrot_pth -2.5 1.5 -2.0 2.0 1024 8' (10 runs):

        240.362795      task-clock (msec)         #    2.650 CPUs utilized            ( +-  0.56% )
                 7      context-switches          #    0.029 K/sec                    ( +- 10.68% )
                 7      cpu-migrations            #    0.031 K/sec                    ( +-  2.99% )
                77      page-faults               #    0.322 K/sec                    ( +-  0.72% )
   <not supported>      cycles                   
   <not supported>      stalled-cycles-frontend  
   <not supported>      stalled-cycles-backend   
   <not supported>      instructions             
   <not supported>      branches                 
   <not supported>      branch-misses            

       0.090689158 seconds time elapsed                                          ( +-  0.79% )


 Performance counter stats for './mandelbrot_pth -2.5 1.5 -2.0 2.0 2048 8' (10 runs):

        931.040135      task-clock (msec)         #    2.664 CPUs utilized            ( +-  0.76% )
                12      context-switches          #    0.013 K/sec                    ( +-  8.93% )
                 8      cpu-migrations            #    0.008 K/sec                    ( +-  2.56% )
                76      page-faults               #    0.082 K/sec                    ( +-  0.59% )
   <not supported>      cycles                   
   <not supported>      stalled-cycles-frontend  
   <not supported>      stalled-cycles-backend   
   <not supported>      instructions             
   <not supported>      branches                 
   <not supported>      branch-misses            

       0.349502539 seconds time elapsed                                          ( +-  0.72% )


 Performance counter stats for './mandelbrot_pth -2.5 1.5 -2.0 2.0 4096 8' (10 runs):

       3650.253566      task-clock (msec)         #    2.676 CPUs utilized            ( +-  0.74% )
                28      context-switches          #    0.008 K/sec                    ( +-  5.28% )
                 8      cpu-migrations            #    0.002 K/sec                    ( +-  2.95% )
                77      page-faults               #    0.021 K/sec                    ( +-  0.76% )
   <not supported>      cycles                   
   <not supported>      stalled-cycles-frontend  
   <not supported>      stalled-cycles-backend   
   <not supported>      instructions             
   <not supported>      branches                 
   <not supported>      branch-misses            

       1.363867095 seconds time elapsed                                          ( +-  0.66% )


 Performance counter stats for './mandelbrot_pth -2.5 1.5 -2.0 2.0 8192 8' (10 runs):

      14607.638631      task-clock (msec)         #    2.682 CPUs utilized            ( +-  0.34% )
                67      context-switches          #    0.005 K/sec                    ( +-  3.15% )
                 7      cpu-migrations            #    0.000 K/sec                    ( +-  1.85% )
                77      page-faults               #    0.005 K/sec                    ( +-  0.71% )
   <not supported>      cycles                   
   <not supported>      stalled-cycles-frontend  
   <not supported>      stalled-cycles-backend   
   <not supported>      instructions             
   <not supported>      branches                 
   <not supported>      branch-misses            

       5.445939021 seconds time elapsed                                          ( +-  0.29% )

