
 Performance counter stats for './mandelbrot_pth -0.8 -0.7 0.05 0.15 16 4' (10 runs):

          1.243897      task-clock (msec)         #    1.031 CPUs utilized            ( +-  1.90% )
                 6      context-switches          #    0.004 M/sec                    ( +-  7.30% )
                 4      cpu-migrations            #    0.003 M/sec                  
                68      page-faults               #    0.055 M/sec                    ( +-  0.53% )
   <not supported>      cycles                   
   <not supported>      stalled-cycles-frontend  
   <not supported>      stalled-cycles-backend   
   <not supported>      instructions             
   <not supported>      branches                 
   <not supported>      branch-misses            

       0.001206341 seconds time elapsed                                          ( +-  2.65% )


 Performance counter stats for './mandelbrot_pth -0.8 -0.7 0.05 0.15 32 4' (10 runs):

          2.474104      task-clock (msec)         #    1.653 CPUs utilized            ( +-  0.85% )
                 4      context-switches          #    0.002 M/sec                    ( +-  8.59% )
                 4      cpu-migrations            #    0.002 M/sec                  
                69      page-faults               #    0.028 M/sec                    ( +-  0.54% )
   <not supported>      cycles                   
   <not supported>      stalled-cycles-frontend  
   <not supported>      stalled-cycles-backend   
   <not supported>      instructions             
   <not supported>      branches                 
   <not supported>      branch-misses            

       0.001497048 seconds time elapsed                                          ( +-  1.71% )


 Performance counter stats for './mandelbrot_pth -0.8 -0.7 0.05 0.15 64 4' (10 runs):

          7.243583      task-clock (msec)         #    2.525 CPUs utilized            ( +-  0.49% )
                 1      context-switches          #    0.166 K/sec                    ( +- 16.67% )
                 4      cpu-migrations            #    0.552 K/sec                  
                69      page-faults               #    0.009 M/sec                    ( +-  0.68% )
   <not supported>      cycles                   
   <not supported>      stalled-cycles-frontend  
   <not supported>      stalled-cycles-backend   
   <not supported>      instructions             
   <not supported>      branches                 
   <not supported>      branch-misses            

       0.002869180 seconds time elapsed                                          ( +-  0.75% )


 Performance counter stats for './mandelbrot_pth -0.8 -0.7 0.05 0.15 128 4' (10 runs):

         26.078886      task-clock (msec)         #    3.101 CPUs utilized            ( +-  0.30% )
                 1      context-switches          #    0.054 K/sec                    ( +- 15.79% )
                 4      cpu-migrations            #    0.157 K/sec                    ( +-  2.44% )
                69      page-faults               #    0.003 M/sec                    ( +-  0.75% )
   <not supported>      cycles                   
   <not supported>      stalled-cycles-frontend  
   <not supported>      stalled-cycles-backend   
   <not supported>      instructions             
   <not supported>      branches                 
   <not supported>      branch-misses            

       0.008411051 seconds time elapsed                                          ( +-  0.32% )


 Performance counter stats for './mandelbrot_pth -0.8 -0.7 0.05 0.15 256 4' (10 runs):

        101.227272      task-clock (msec)         #    3.313 CPUs utilized            ( +-  0.16% )
                 1      context-switches          #    0.013 K/sec                    ( +- 16.42% )
                 4      cpu-migrations            #    0.043 K/sec                    ( +-  5.03% )
                68      page-faults               #    0.674 K/sec                    ( +-  0.75% )
   <not supported>      cycles                   
   <not supported>      stalled-cycles-frontend  
   <not supported>      stalled-cycles-backend   
   <not supported>      instructions             
   <not supported>      branches                 
   <not supported>      branch-misses            

       0.030555268 seconds time elapsed                                          ( +-  0.33% )


 Performance counter stats for './mandelbrot_pth -0.8 -0.7 0.05 0.15 512 4' (10 runs):

        397.603570      task-clock (msec)         #    3.389 CPUs utilized            ( +-  0.06% )
                 1      context-switches          #    0.004 K/sec                    ( +- 28.57% )
                 4      cpu-migrations            #    0.011 K/sec                    ( +-  3.55% )
                70      page-faults               #    0.175 K/sec                    ( +-  0.44% )
   <not supported>      cycles                   
   <not supported>      stalled-cycles-frontend  
   <not supported>      stalled-cycles-backend   
   <not supported>      instructions             
   <not supported>      branches                 
   <not supported>      branch-misses            

       0.117308365 seconds time elapsed                                          ( +-  0.13% )


 Performance counter stats for './mandelbrot_pth -0.8 -0.7 0.05 0.15 1024 4' (10 runs):

       1603.345233      task-clock (msec)         #    3.373 CPUs utilized            ( +-  0.42% )
                 4      context-switches          #    0.003 K/sec                    ( +- 22.25% )
                 4      cpu-migrations            #    0.003 K/sec                    ( +-  3.71% )
                69      page-faults               #    0.043 K/sec                    ( +-  0.32% )
   <not supported>      cycles                   
   <not supported>      stalled-cycles-frontend  
   <not supported>      stalled-cycles-backend   
   <not supported>      instructions             
   <not supported>      branches                 
   <not supported>      branch-misses            

       0.475406860 seconds time elapsed                                          ( +-  1.18% )


 Performance counter stats for './mandelbrot_pth -0.8 -0.7 0.05 0.15 2048 4' (10 runs):

       6356.978417      task-clock (msec)         #    3.409 CPUs utilized            ( +-  0.06% )
                13      context-switches          #    0.002 K/sec                    ( +-  7.47% )
                 5      cpu-migrations            #    0.001 K/sec                    ( +-  2.04% )
                68      page-faults               #    0.011 K/sec                    ( +-  0.62% )
   <not supported>      cycles                   
   <not supported>      stalled-cycles-frontend  
   <not supported>      stalled-cycles-backend   
   <not supported>      instructions             
   <not supported>      branches                 
   <not supported>      branch-misses            

       1.865013323 seconds time elapsed                                          ( +-  0.08% )


 Performance counter stats for './mandelbrot_pth -0.8 -0.7 0.05 0.15 4096 4' (10 runs):

      25388.044268      task-clock (msec)         #    3.402 CPUs utilized            ( +-  0.06% )
                47      context-switches          #    0.002 K/sec                    ( +-  1.49% )
                 5      cpu-migrations            #    0.000 K/sec                    ( +-  4.91% )
                68      page-faults               #    0.003 K/sec                    ( +-  0.66% )
   <not supported>      cycles                   
   <not supported>      stalled-cycles-frontend  
   <not supported>      stalled-cycles-backend   
   <not supported>      instructions             
   <not supported>      branches                 
   <not supported>      branch-misses            

       7.462614623 seconds time elapsed                                          ( +-  0.14% )


 Performance counter stats for './mandelbrot_pth -0.8 -0.7 0.05 0.15 8192 4' (10 runs):

     101990.544501      task-clock (msec)         #    3.405 CPUs utilized            ( +-  0.08% )
               182      context-switches          #    0.002 K/sec                    ( +-  1.66% )
                 5      cpu-migrations            #    0.000 K/sec                    ( +-  5.66% )
                68      page-faults               #    0.001 K/sec                    ( +-  0.76% )
   <not supported>      cycles                   
   <not supported>      stalled-cycles-frontend  
   <not supported>      stalled-cycles-backend   
   <not supported>      instructions             
   <not supported>      branches                 
   <not supported>      branch-misses            

      29.950364016 seconds time elapsed                                          ( +-  0.12% )

