
 Performance counter stats for './mandelbrot_pth -0.8 -0.7 0.05 0.15 16 8' (10 runs):

          1.565366      task-clock (msec)         #    1.183 CPUs utilized            ( +-  4.39% )
                16      context-switches          #    0.010 M/sec                    ( +-  7.83% )
                 9      cpu-migrations            #    0.006 M/sec                    ( +-  5.04% )
                77      page-faults               #    0.049 M/sec                    ( +-  0.61% )
   <not supported>      cycles                   
   <not supported>      stalled-cycles-frontend  
   <not supported>      stalled-cycles-backend   
   <not supported>      instructions             
   <not supported>      branches                 
   <not supported>      branch-misses            

       0.001323122 seconds time elapsed                                          ( +-  5.45% )


 Performance counter stats for './mandelbrot_pth -0.8 -0.7 0.05 0.15 32 8' (10 runs):

          2.729971      task-clock (msec)         #    1.866 CPUs utilized            ( +-  1.09% )
                11      context-switches          #    0.004 M/sec                    ( +-  7.19% )
                 9      cpu-migrations            #    0.003 M/sec                    ( +-  5.76% )
                76      page-faults               #    0.028 M/sec                    ( +-  0.66% )
   <not supported>      cycles                   
   <not supported>      stalled-cycles-frontend  
   <not supported>      stalled-cycles-backend   
   <not supported>      instructions             
   <not supported>      branches                 
   <not supported>      branch-misses            

       0.001463207 seconds time elapsed                                          ( +-  1.85% )


 Performance counter stats for './mandelbrot_pth -0.8 -0.7 0.05 0.15 64 8' (10 runs):

          7.231778      task-clock (msec)         #    3.956 CPUs utilized            ( +-  0.82% )
                 3      context-switches          #    0.360 K/sec                    ( +- 20.03% )
                 7      cpu-migrations            #    0.968 K/sec                  
                77      page-faults               #    0.011 M/sec                    ( +-  0.65% )
   <not supported>      cycles                   
   <not supported>      stalled-cycles-frontend  
   <not supported>      stalled-cycles-backend   
   <not supported>      instructions             
   <not supported>      branches                 
   <not supported>      branch-misses            

       0.001828170 seconds time elapsed                                          ( +-  1.68% )


 Performance counter stats for './mandelbrot_pth -0.8 -0.7 0.05 0.15 128 8' (10 runs):

         27.137121      task-clock (msec)         #    5.386 CPUs utilized            ( +-  0.69% )
                 3      context-switches          #    0.096 K/sec                    ( +- 14.28% )
                 7      cpu-migrations            #    0.258 K/sec                  
                78      page-faults               #    0.003 M/sec                    ( +-  0.55% )
   <not supported>      cycles                   
   <not supported>      stalled-cycles-frontend  
   <not supported>      stalled-cycles-backend   
   <not supported>      instructions             
   <not supported>      branches                 
   <not supported>      branch-misses            

       0.005038605 seconds time elapsed                                          ( +-  1.92% )


 Performance counter stats for './mandelbrot_pth -0.8 -0.7 0.05 0.15 256 8' (10 runs):

        104.935177      task-clock (msec)         #    6.372 CPUs utilized            ( +-  0.99% )
                 5      context-switches          #    0.051 K/sec                    ( +-  8.37% )
                 7      cpu-migrations            #    0.070 K/sec                    ( +-  2.09% )
                76      page-faults               #    0.729 K/sec                    ( +-  0.74% )
   <not supported>      cycles                   
   <not supported>      stalled-cycles-frontend  
   <not supported>      stalled-cycles-backend   
   <not supported>      instructions             
   <not supported>      branches                 
   <not supported>      branch-misses            

       0.016466989 seconds time elapsed                                          ( +-  1.45% )


 Performance counter stats for './mandelbrot_pth -0.8 -0.7 0.05 0.15 512 8' (10 runs):

        404.133466      task-clock (msec)         #    6.700 CPUs utilized            ( +-  0.22% )
                13      context-switches          #    0.033 K/sec                    ( +-  5.72% )
                 7      cpu-migrations            #    0.018 K/sec                    ( +-  2.92% )
                77      page-faults               #    0.190 K/sec                    ( +-  0.81% )
   <not supported>      cycles                   
   <not supported>      stalled-cycles-frontend  
   <not supported>      stalled-cycles-backend   
   <not supported>      instructions             
   <not supported>      branches                 
   <not supported>      branch-misses            

       0.060314824 seconds time elapsed                                          ( +-  0.19% )


 Performance counter stats for './mandelbrot_pth -0.8 -0.7 0.05 0.15 1024 8' (10 runs):

       1976.570647      task-clock (msec)         #    6.762 CPUs utilized            ( +-  0.44% )
                36      context-switches          #    0.018 K/sec                    ( +-  8.31% )
                 7      cpu-migrations            #    0.004 K/sec                  
                78      page-faults               #    0.039 K/sec                    ( +-  0.44% )
   <not supported>      cycles                   
   <not supported>      stalled-cycles-frontend  
   <not supported>      stalled-cycles-backend   
   <not supported>      instructions             
   <not supported>      branches                 
   <not supported>      branch-misses            

       0.292292069 seconds time elapsed                                          ( +-  1.06% )


 Performance counter stats for './mandelbrot_pth -0.8 -0.7 0.05 0.15 2048 8' (10 runs):

       7807.316451      task-clock (msec)         #    6.841 CPUs utilized            ( +-  0.26% )
                64      context-switches          #    0.008 K/sec                    ( +- 11.59% )
                 7      cpu-migrations            #    0.001 K/sec                    ( +-  2.92% )
                76      page-faults               #    0.010 K/sec                    ( +-  0.61% )
   <not supported>      cycles                   
   <not supported>      stalled-cycles-frontend  
   <not supported>      stalled-cycles-backend   
   <not supported>      instructions             
   <not supported>      branches                 
   <not supported>      branch-misses            

       1.141303094 seconds time elapsed                                          ( +-  0.33% )


 Performance counter stats for './mandelbrot_pth -0.8 -0.7 0.05 0.15 4096 8' (10 runs):

      30831.628043      task-clock (msec)         #    6.845 CPUs utilized            ( +-  0.70% )
               103      context-switches          #    0.003 K/sec                    ( +-  3.66% )
                 7      cpu-migrations            #    0.000 K/sec                    ( +-  1.85% )
                77      page-faults               #    0.003 K/sec                    ( +-  0.65% )
   <not supported>      cycles                   
   <not supported>      stalled-cycles-frontend  
   <not supported>      stalled-cycles-backend   
   <not supported>      instructions             
   <not supported>      branches                 
   <not supported>      branch-misses            

       4.504136593 seconds time elapsed                                          ( +-  0.53% )


 Performance counter stats for './mandelbrot_pth -0.8 -0.7 0.05 0.15 8192 8' (10 runs):

     124189.555992      task-clock (msec)         #    6.888 CPUs utilized            ( +-  0.05% )
               312      context-switches          #    0.003 K/sec                    ( +-  2.07% )
                 8      cpu-migrations            #    0.000 K/sec                    ( +-  4.42% )
                76      page-faults               #    0.001 K/sec                    ( +-  0.62% )
   <not supported>      cycles                   
   <not supported>      stalled-cycles-frontend  
   <not supported>      stalled-cycles-backend   
   <not supported>      instructions             
   <not supported>      branches                 
   <not supported>      branch-misses            

      18.030644036 seconds time elapsed                                          ( +-  0.23% )

