./mandelbrot_pth: Segmentation fault
./mandelbrot_pth: Segmentation fault
./mandelbrot_pth: Segmentation fault
./mandelbrot_pth: Segmentation fault
./mandelbrot_pth: Segmentation fault
./mandelbrot_pth: Segmentation fault
./mandelbrot_pth: Segmentation fault
./mandelbrot_pth: Segmentation fault
./mandelbrot_pth: Segmentation fault
./mandelbrot_pth: Segmentation fault

 Performance counter stats for './mandelbrot_pth -0.8 -0.7 0.05 0.15 16 32' (10 runs):

          1.934055      task-clock (msec)         #    1.346 CPUs utilized            ( +-  1.49% )
                34      context-switches          #    0.018 M/sec                    ( +-  4.35% )
                20      cpu-migrations            #    0.010 M/sec                    ( +-  1.67% )
                93      page-faults               #    0.048 M/sec                    ( +-  0.24% )
   <not supported>      cycles                   
   <not supported>      stalled-cycles-frontend  
   <not supported>      stalled-cycles-backend   
   <not supported>      instructions             
   <not supported>      branches                 
   <not supported>      branch-misses            

       0.001436840 seconds time elapsed                                          ( +-  1.74% )


 Performance counter stats for './mandelbrot_pth -0.8 -0.7 0.05 0.15 32 32' (10 runs):

          3.786494      task-clock (msec)         #    2.055 CPUs utilized            ( +-  1.33% )
                49      context-switches          #    0.013 M/sec                    ( +-  5.39% )
                36      cpu-migrations            #    0.010 M/sec                    ( +-  1.79% )
               127      page-faults               #    0.034 M/sec                    ( +-  0.37% )
   <not supported>      cycles                   
   <not supported>      stalled-cycles-frontend  
   <not supported>      stalled-cycles-backend   
   <not supported>      instructions             
   <not supported>      branches                 
   <not supported>      branch-misses            

       0.001842417 seconds time elapsed                                          ( +-  1.95% )


 Performance counter stats for './mandelbrot_pth -0.8 -0.7 0.05 0.15 64 32' (10 runs):

          9.814948      task-clock (msec)         #    3.964 CPUs utilized            ( +-  0.92% )
                80      context-switches          #    0.008 M/sec                    ( +-  8.43% )
                36      cpu-migrations            #    0.004 M/sec                    ( +-  3.05% )
               127      page-faults               #    0.013 M/sec                    ( +-  0.33% )
   <not supported>      cycles                   
   <not supported>      stalled-cycles-frontend  
   <not supported>      stalled-cycles-backend   
   <not supported>      instructions             
   <not supported>      branches                 
   <not supported>      branch-misses            

       0.002475840 seconds time elapsed                                          ( +-  2.23% )


 Performance counter stats for './mandelbrot_pth -0.8 -0.7 0.05 0.15 128 32' (10 runs):

         32.642211      task-clock (msec)         #    6.049 CPUs utilized            ( +-  0.45% )
                33      context-switches          #    0.001 M/sec                    ( +-  7.11% )
                29      cpu-migrations            #    0.885 K/sec                    ( +-  0.35% )
               127      page-faults               #    0.004 M/sec                    ( +-  0.22% )
   <not supported>      cycles                   
   <not supported>      stalled-cycles-frontend  
   <not supported>      stalled-cycles-backend   
   <not supported>      instructions             
   <not supported>      branches                 
   <not supported>      branch-misses            

       0.005396077 seconds time elapsed                                          ( +-  1.44% )


 Performance counter stats for './mandelbrot_pth -0.8 -0.7 0.05 0.15 256 32' (10 runs):

        127.757315      task-clock (msec)         #    6.920 CPUs utilized            ( +-  1.49% )
                26      context-switches          #    0.207 K/sec                    ( +- 14.59% )
                30      cpu-migrations            #    0.232 K/sec                    ( +-  2.99% )
               127      page-faults               #    0.992 K/sec                    ( +-  0.33% )
   <not supported>      cycles                   
   <not supported>      stalled-cycles-frontend  
   <not supported>      stalled-cycles-backend   
   <not supported>      instructions             
   <not supported>      branches                 
   <not supported>      branch-misses            

       0.018462184 seconds time elapsed                                          ( +-  2.86% )


 Performance counter stats for './mandelbrot_pth -0.8 -0.7 0.05 0.15 512 32' (10 runs):

        498.848340      task-clock (msec)         #    7.543 CPUs utilized            ( +-  0.04% )
                66      context-switches          #    0.131 K/sec                    ( +-  3.06% )
                29      cpu-migrations            #    0.059 K/sec                    ( +-  1.04% )
               127      page-faults               #    0.255 K/sec                    ( +-  0.33% )
   <not supported>      cycles                   
   <not supported>      stalled-cycles-frontend  
   <not supported>      stalled-cycles-backend   
   <not supported>      instructions             
   <not supported>      branches                 
   <not supported>      branch-misses            

       0.066129642 seconds time elapsed                                          ( +-  0.68% )


 Performance counter stats for './mandelbrot_pth -0.8 -0.7 0.05 0.15 1024 32' (10 runs):

       2000.517536      task-clock (msec)         #    7.767 CPUs utilized            ( +-  0.69% )
               253      context-switches          #    0.127 K/sec                    ( +-  0.70% )
                33      cpu-migrations            #    0.016 K/sec                    ( +-  0.94% )
               127      page-faults               #    0.063 K/sec                    ( +-  0.26% )
   <not supported>      cycles                   
   <not supported>      stalled-cycles-frontend  
   <not supported>      stalled-cycles-backend   
   <not supported>      instructions             
   <not supported>      branches                 
   <not supported>      branch-misses            

       0.257576141 seconds time elapsed                                          ( +-  1.17% )


 Performance counter stats for './mandelbrot_pth -0.8 -0.7 0.05 0.15 2048 32' (10 runs):

       7975.178141      task-clock (msec)         #    7.875 CPUs utilized            ( +-  0.27% )
               967      context-switches          #    0.121 K/sec                    ( +-  0.10% )
                41      cpu-migrations            #    0.005 K/sec                    ( +-  1.76% )
               127      page-faults               #    0.016 K/sec                    ( +-  0.35% )
   <not supported>      cycles                   
   <not supported>      stalled-cycles-frontend  
   <not supported>      stalled-cycles-backend   
   <not supported>      instructions             
   <not supported>      branches                 
   <not supported>      branch-misses            

       1.012663652 seconds time elapsed                                          ( +-  0.21% )


 Performance counter stats for './mandelbrot_pth -0.8 -0.7 0.05 0.15 4096 32' (10 runs):

      31811.500648      task-clock (msec)         #    7.897 CPUs utilized            ( +-  0.04% )
             3,755      context-switches          #    0.118 K/sec                    ( +-  0.10% )
                78      cpu-migrations            #    0.002 K/sec                    ( +-  3.03% )
               127      page-faults               #    0.004 K/sec                    ( +-  0.32% )
   <not supported>      cycles                   
   <not supported>      stalled-cycles-frontend  
   <not supported>      stalled-cycles-backend   
   <not supported>      instructions             
   <not supported>      branches                 
   <not supported>      branch-misses            

       4.028393029 seconds time elapsed                                          ( +-  0.17% )


 Performance counter stats for './mandelbrot_pth -0.8 -0.7 0.05 0.15 8192 32' (10 runs):

     127128.423992      task-clock (msec)         #    7.913 CPUs utilized            ( +-  0.02% )
            14,619      context-switches          #    0.115 K/sec                    ( +-  0.03% )
               186      cpu-migrations            #    0.001 K/sec                    ( +-  4.51% )
               127      page-faults               #    0.001 K/sec                    ( +-  0.43% )
   <not supported>      cycles                   
   <not supported>      stalled-cycles-frontend  
   <not supported>      stalled-cycles-backend   
   <not supported>      instructions             
   <not supported>      branches                 
   <not supported>      branch-misses            

      16.065183308 seconds time elapsed                                          ( +-  0.07% )

