
 Performance counter stats for './mandelbrot_pth -0.188 -0.012 0.554 0.754 16 2' (10 runs):

          1.176712      task-clock (msec)         #    0.944 CPUs utilized            ( +-  1.93% )
                 2      context-switches          #    0.002 M/sec                    ( +-  9.28% )
                 2      cpu-migrations            #    0.002 M/sec                    ( +- 11.11% )
                65      page-faults               #    0.055 M/sec                    ( +-  0.69% )
   <not supported>      cycles                   
   <not supported>      stalled-cycles-frontend  
   <not supported>      stalled-cycles-backend   
   <not supported>      instructions             
   <not supported>      branches                 
   <not supported>      branch-misses            

       0.001246604 seconds time elapsed                                          ( +-  2.71% )


 Performance counter stats for './mandelbrot_pth -0.188 -0.012 0.554 0.754 32 2' (10 runs):

          2.534226      task-clock (msec)         #    1.298 CPUs utilized            ( +-  1.24% )
                 2      context-switches          #    0.750 K/sec                    ( +- 16.55% )
                 2      cpu-migrations            #    0.947 K/sec                    ( +- 11.11% )
                65      page-faults               #    0.026 M/sec                    ( +-  0.69% )
   <not supported>      cycles                   
   <not supported>      stalled-cycles-frontend  
   <not supported>      stalled-cycles-backend   
   <not supported>      instructions             
   <not supported>      branches                 
   <not supported>      branch-misses            

       0.001952735 seconds time elapsed                                          ( +-  1.61% )


 Performance counter stats for './mandelbrot_pth -0.188 -0.012 0.554 0.754 64 2' (10 runs):

          7.987060      task-clock (msec)         #    1.655 CPUs utilized            ( +-  0.19% )
                 1      context-switches          #    0.125 K/sec                  
                 2      cpu-migrations            #    0.250 K/sec                  
                65      page-faults               #    0.008 M/sec                    ( +-  0.57% )
   <not supported>      cycles                   
   <not supported>      stalled-cycles-frontend  
   <not supported>      stalled-cycles-backend   
   <not supported>      instructions             
   <not supported>      branches                 
   <not supported>      branch-misses            

       0.004827100 seconds time elapsed                                          ( +-  0.42% )


 Performance counter stats for './mandelbrot_pth -0.188 -0.012 0.554 0.754 128 2' (10 runs):

         29.393755      task-clock (msec)         #    1.816 CPUs utilized            ( +-  0.54% )
                 1      context-switches          #    0.034 K/sec                  
                 2      cpu-migrations            #    0.068 K/sec                  
                65      page-faults               #    0.002 M/sec                    ( +-  0.65% )
   <not supported>      cycles                   
   <not supported>      stalled-cycles-frontend  
   <not supported>      stalled-cycles-backend   
   <not supported>      instructions             
   <not supported>      branches                 
   <not supported>      branch-misses            

       0.016184536 seconds time elapsed                                          ( +-  0.25% )


 Performance counter stats for './mandelbrot_pth -0.188 -0.012 0.554 0.754 256 2' (10 runs):

        114.777644      task-clock (msec)         #    1.868 CPUs utilized            ( +-  0.47% )
                 1      context-switches          #    0.011 K/sec                    ( +- 23.08% )
                 2      cpu-migrations            #    0.019 K/sec                    ( +-  6.06% )
                65      page-faults               #    0.563 K/sec                    ( +-  0.74% )
   <not supported>      cycles                   
   <not supported>      stalled-cycles-frontend  
   <not supported>      stalled-cycles-backend   
   <not supported>      instructions             
   <not supported>      branches                 
   <not supported>      branch-misses            

       0.061445962 seconds time elapsed                                          ( +-  0.19% )


 Performance counter stats for './mandelbrot_pth -0.188 -0.012 0.554 0.754 512 2' (10 runs):

        453.982924      task-clock (msec)         #    1.874 CPUs utilized            ( +-  0.12% )
                 2      context-switches          #    0.004 K/sec                    ( +- 23.13% )
                 2      cpu-migrations            #    0.005 K/sec                    ( +-  6.80% )
                65      page-faults               #    0.144 K/sec                    ( +-  0.57% )
   <not supported>      cycles                   
   <not supported>      stalled-cycles-frontend  
   <not supported>      stalled-cycles-backend   
   <not supported>      instructions             
   <not supported>      branches                 
   <not supported>      branch-misses            

       0.242249995 seconds time elapsed                                          ( +-  0.11% )


 Performance counter stats for './mandelbrot_pth -0.188 -0.012 0.554 0.754 1024 2' (10 runs):

       1818.722592      task-clock (msec)         #    1.874 CPUs utilized            ( +-  0.12% )
                 4      context-switches          #    0.002 K/sec                    ( +- 11.52% )
                 2      cpu-migrations            #    0.001 K/sec                  
                64      page-faults               #    0.035 K/sec                    ( +-  0.70% )
   <not supported>      cycles                   
   <not supported>      stalled-cycles-frontend  
   <not supported>      stalled-cycles-backend   
   <not supported>      instructions             
   <not supported>      branches                 
   <not supported>      branch-misses            

       0.970366599 seconds time elapsed                                          ( +-  0.17% )


 Performance counter stats for './mandelbrot_pth -0.188 -0.012 0.554 0.754 2048 2' (10 runs):

       7262.138389      task-clock (msec)         #    1.877 CPUs utilized            ( +-  0.09% )
                15      context-switches          #    0.002 K/sec                    ( +-  2.59% )
                 2      cpu-migrations            #    0.000 K/sec                  
                65      page-faults               #    0.009 K/sec                    ( +-  0.74% )
   <not supported>      cycles                   
   <not supported>      stalled-cycles-frontend  
   <not supported>      stalled-cycles-backend   
   <not supported>      instructions             
   <not supported>      branches                 
   <not supported>      branch-misses            

       3.869920531 seconds time elapsed                                          ( +-  0.13% )


 Performance counter stats for './mandelbrot_pth -0.188 -0.012 0.554 0.754 4096 2' (10 runs):

      28928.889915      task-clock (msec)         #    1.878 CPUs utilized            ( +-  0.04% )
                52      context-switches          #    0.002 K/sec                    ( +-  0.88% )
                 2      cpu-migrations            #    0.000 K/sec                  
                65      page-faults               #    0.002 K/sec                    ( +-  0.43% )
   <not supported>      cycles                   
   <not supported>      stalled-cycles-frontend  
   <not supported>      stalled-cycles-backend   
   <not supported>      instructions             
   <not supported>      branches                 
   <not supported>      branch-misses            

      15.401991164 seconds time elapsed                                          ( +-  0.05% )


 Performance counter stats for './mandelbrot_pth -0.188 -0.012 0.554 0.754 8192 2' (10 runs):

     115798.075374      task-clock (msec)         #    1.877 CPUs utilized            ( +-  0.03% )
               203      context-switches          #    0.002 K/sec                    ( +-  0.49% )
                 2      cpu-migrations            #    0.000 K/sec                  
                65      page-faults               #    0.001 K/sec                    ( +-  0.47% )
   <not supported>      cycles                   
   <not supported>      stalled-cycles-frontend  
   <not supported>      stalled-cycles-backend   
   <not supported>      instructions             
   <not supported>      branches                 
   <not supported>      branch-misses            

      61.702423416 seconds time elapsed                                          ( +-  0.05% )

