./mandelbrot_pth: Segmentation fault
./mandelbrot_pth: Segmentation fault
./mandelbrot_pth: Segmentation fault
./mandelbrot_pth: Segmentation fault
./mandelbrot_pth: Segmentation fault
./mandelbrot_pth: Segmentation fault
./mandelbrot_pth: Segmentation fault
./mandelbrot_pth: Segmentation fault
./mandelbrot_pth: Segmentation fault
./mandelbrot_pth: Segmentation fault

 Performance counter stats for './mandelbrot_pth -0.188 -0.012 0.554 0.754 16 32' (10 runs):

          1.841939      task-clock (msec)         #    1.404 CPUs utilized            ( +-  1.51% )
                35      context-switches          #    0.019 M/sec                    ( +-  7.57% )
                20      cpu-migrations            #    0.011 M/sec                    ( +-  1.73% )
                93      page-faults               #    0.051 M/sec                    ( +-  0.28% )
   <not supported>      cycles                   
   <not supported>      stalled-cycles-frontend  
   <not supported>      stalled-cycles-backend   
   <not supported>      instructions             
   <not supported>      branches                 
   <not supported>      branch-misses            

       0.001311487 seconds time elapsed                                          ( +-  2.80% )


 Performance counter stats for './mandelbrot_pth -0.188 -0.012 0.554 0.754 32 32' (10 runs):

          4.008260      task-clock (msec)         #    2.128 CPUs utilized            ( +-  0.89% )
                49      context-switches          #    0.012 M/sec                    ( +-  4.05% )
                35      cpu-migrations            #    0.009 M/sec                    ( +-  1.20% )
               127      page-faults               #    0.032 M/sec                    ( +-  0.42% )
   <not supported>      cycles                   
   <not supported>      stalled-cycles-frontend  
   <not supported>      stalled-cycles-backend   
   <not supported>      instructions             
   <not supported>      branches                 
   <not supported>      branch-misses            

       0.001883560 seconds time elapsed                                          ( +-  1.52% )


 Performance counter stats for './mandelbrot_pth -0.188 -0.012 0.554 0.754 64 32' (10 runs):

         10.958161      task-clock (msec)         #    4.400 CPUs utilized            ( +-  0.56% )
                94      context-switches          #    0.009 M/sec                    ( +-  4.41% )
                34      cpu-migrations            #    0.003 M/sec                    ( +-  3.99% )
               128      page-faults               #    0.012 M/sec                    ( +-  0.29% )
   <not supported>      cycles                   
   <not supported>      stalled-cycles-frontend  
   <not supported>      stalled-cycles-backend   
   <not supported>      instructions             
   <not supported>      branches                 
   <not supported>      branch-misses            

       0.002490341 seconds time elapsed                                          ( +-  0.76% )


 Performance counter stats for './mandelbrot_pth -0.188 -0.012 0.554 0.754 128 32' (10 runs):

         37.168055      task-clock (msec)         #    6.062 CPUs utilized            ( +-  0.30% )
                26      context-switches          #    0.708 K/sec                    ( +-  9.55% )
                29      cpu-migrations            #    0.788 K/sec                    ( +-  1.84% )
               127      page-faults               #    0.003 M/sec                    ( +-  0.32% )
   <not supported>      cycles                   
   <not supported>      stalled-cycles-frontend  
   <not supported>      stalled-cycles-backend   
   <not supported>      instructions             
   <not supported>      branches                 
   <not supported>      branch-misses            

       0.006131372 seconds time elapsed                                          ( +-  2.19% )


 Performance counter stats for './mandelbrot_pth -0.188 -0.012 0.554 0.754 256 32' (10 runs):

        143.485696      task-clock (msec)         #    7.363 CPUs utilized            ( +-  0.05% )
                44      context-switches          #    0.309 K/sec                    ( +-  8.55% )
                30      cpu-migrations            #    0.211 K/sec                    ( +-  3.30% )
               127      page-faults               #    0.886 K/sec                    ( +-  0.41% )
   <not supported>      cycles                   
   <not supported>      stalled-cycles-frontend  
   <not supported>      stalled-cycles-backend   
   <not supported>      instructions             
   <not supported>      branches                 
   <not supported>      branch-misses            

       0.019487140 seconds time elapsed                                          ( +-  0.14% )


 Performance counter stats for './mandelbrot_pth -0.188 -0.012 0.554 0.754 512 32' (10 runs):

        581.424823      task-clock (msec)         #    7.378 CPUs utilized            ( +-  1.13% )
                79      context-switches          #    0.136 K/sec                    ( +-  3.25% )
                30      cpu-migrations            #    0.052 K/sec                    ( +-  2.77% )
               127      page-faults               #    0.218 K/sec                    ( +-  0.48% )
   <not supported>      cycles                   
   <not supported>      stalled-cycles-frontend  
   <not supported>      stalled-cycles-backend   
   <not supported>      instructions             
   <not supported>      branches                 
   <not supported>      branch-misses            

       0.078802492 seconds time elapsed                                          ( +-  2.58% )


 Performance counter stats for './mandelbrot_pth -0.188 -0.012 0.554 0.754 1024 32' (10 runs):

       2278.021452      task-clock (msec)         #    7.828 CPUs utilized            ( +-  0.31% )
               296      context-switches          #    0.130 K/sec                    ( +-  0.81% )
                32      cpu-migrations            #    0.014 K/sec                    ( +-  1.45% )
               127      page-faults               #    0.056 K/sec                    ( +-  0.44% )
   <not supported>      cycles                   
   <not supported>      stalled-cycles-frontend  
   <not supported>      stalled-cycles-backend   
   <not supported>      instructions             
   <not supported>      branches                 
   <not supported>      branch-misses            

       0.290997302 seconds time elapsed                                          ( +-  0.64% )


 Performance counter stats for './mandelbrot_pth -0.188 -0.012 0.554 0.754 2048 32' (10 runs):

       9076.788535      task-clock (msec)         #    7.923 CPUs utilized            ( +-  0.07% )
             1,127      context-switches          #    0.124 K/sec                    ( +-  0.18% )
                48      cpu-migrations            #    0.005 K/sec                    ( +-  2.78% )
               127      page-faults               #    0.014 K/sec                    ( +-  0.27% )
   <not supported>      cycles                   
   <not supported>      stalled-cycles-frontend  
   <not supported>      stalled-cycles-backend   
   <not supported>      instructions             
   <not supported>      branches                 
   <not supported>      branch-misses            

       1.145600972 seconds time elapsed                                          ( +-  0.16% )


 Performance counter stats for './mandelbrot_pth -0.188 -0.012 0.554 0.754 4096 32' (10 runs):

      36280.888186      task-clock (msec)         #    7.939 CPUs utilized            ( +-  0.06% )
             4,349      context-switches          #    0.120 K/sec                    ( +-  0.07% )
                87      cpu-migrations            #    0.002 K/sec                    ( +-  4.42% )
               127      page-faults               #    0.004 K/sec                    ( +-  0.34% )
   <not supported>      cycles                   
   <not supported>      stalled-cycles-frontend  
   <not supported>      stalled-cycles-backend   
   <not supported>      instructions             
   <not supported>      branches                 
   <not supported>      branch-misses            

       4.570242746 seconds time elapsed                                          ( +-  0.07% )


 Performance counter stats for './mandelbrot_pth -0.188 -0.012 0.554 0.754 8192 32' (10 runs):

     145032.237206      task-clock (msec)         #    7.963 CPUs utilized            ( +-  0.03% )
            17,066      context-switches          #    0.118 K/sec                    ( +-  0.09% )
               213      cpu-migrations            #    0.001 K/sec                    ( +-  2.59% )
               126      page-faults               #    0.001 K/sec                    ( +-  0.45% )
   <not supported>      cycles                   
   <not supported>      stalled-cycles-frontend  
   <not supported>      stalled-cycles-backend   
   <not supported>      instructions             
   <not supported>      branches                 
   <not supported>      branch-misses            

      18.212165336 seconds time elapsed                                          ( +-  0.07% )

