
 Performance counter stats for './mandelbrot_pth -0.188 -0.012 0.554 0.754 16 1' (10 runs):

          1.046444      task-clock (msec)         #    0.747 CPUs utilized            ( +-  1.62% )
                 1      context-switches          #    0.001 M/sec                    ( +-  9.09% )
                 1      cpu-migrations            #    0.956 K/sec                  
                62      page-faults               #    0.059 M/sec                    ( +-  0.88% )
   <not supported>      cycles                   
   <not supported>      stalled-cycles-frontend  
   <not supported>      stalled-cycles-backend   
   <not supported>      instructions             
   <not supported>      branches                 
   <not supported>      branch-misses            

       0.001400394 seconds time elapsed                                          ( +-  1.86% )


 Performance counter stats for './mandelbrot_pth -0.188 -0.012 0.554 0.754 32 1' (10 runs):

          2.561374      task-clock (msec)         #    0.863 CPUs utilized            ( +-  0.61% )
                 1      context-switches          #    0.390 K/sec                  
                 1      cpu-migrations            #    0.390 K/sec                  
                62      page-faults               #    0.024 M/sec                    ( +-  0.55% )
   <not supported>      cycles                   
   <not supported>      stalled-cycles-frontend  
   <not supported>      stalled-cycles-backend   
   <not supported>      instructions             
   <not supported>      branches                 
   <not supported>      branch-misses            

       0.002967054 seconds time elapsed                                          ( +-  0.81% )


 Performance counter stats for './mandelbrot_pth -0.188 -0.012 0.554 0.754 64 1' (10 runs):

          7.928109      task-clock (msec)         #    0.949 CPUs utilized            ( +-  0.36% )
                 1      context-switches          #    0.126 K/sec                  
                 1      cpu-migrations            #    0.177 K/sec                    ( +- 11.66% )
                63      page-faults               #    0.008 M/sec                    ( +-  0.83% )
   <not supported>      cycles                   
   <not supported>      stalled-cycles-frontend  
   <not supported>      stalled-cycles-backend   
   <not supported>      instructions             
   <not supported>      branches                 
   <not supported>      branch-misses            

       0.008350500 seconds time elapsed                                          ( +-  0.39% )


 Performance counter stats for './mandelbrot_pth -0.188 -0.012 0.554 0.754 128 1' (10 runs):

         29.011558      task-clock (msec)         #    0.987 CPUs utilized            ( +-  0.09% )
                 1      context-switches          #    0.038 K/sec                    ( +-  9.09% )
                 1      cpu-migrations            #    0.038 K/sec                    ( +-  9.09% )
                63      page-faults               #    0.002 M/sec                    ( +-  0.67% )
   <not supported>      cycles                   
   <not supported>      stalled-cycles-frontend  
   <not supported>      stalled-cycles-backend   
   <not supported>      instructions             
   <not supported>      branches                 
   <not supported>      branch-misses            

       0.029391309 seconds time elapsed                                          ( +-  0.10% )


 Performance counter stats for './mandelbrot_pth -0.188 -0.012 0.554 0.754 256 1' (10 runs):

        113.506320      task-clock (msec)         #    0.997 CPUs utilized            ( +-  0.12% )
                 1      context-switches          #    0.010 K/sec                    ( +-  9.09% )
                 1      cpu-migrations            #    0.009 K/sec                  
                63      page-faults               #    0.553 K/sec                    ( +-  0.32% )
   <not supported>      cycles                   
   <not supported>      stalled-cycles-frontend  
   <not supported>      stalled-cycles-backend   
   <not supported>      instructions             
   <not supported>      branches                 
   <not supported>      branch-misses            

       0.113890035 seconds time elapsed                                          ( +-  0.13% )


 Performance counter stats for './mandelbrot_pth -0.188 -0.012 0.554 0.754 512 1' (10 runs):

        451.273705      task-clock (msec)         #    0.999 CPUs utilized            ( +-  0.03% )
                 2      context-switches          #    0.004 K/sec                    ( +- 15.31% )
                 1      cpu-migrations            #    0.002 K/sec                  
                62      page-faults               #    0.138 K/sec                    ( +-  0.72% )
   <not supported>      cycles                   
   <not supported>      stalled-cycles-frontend  
   <not supported>      stalled-cycles-backend   
   <not supported>      instructions             
   <not supported>      branches                 
   <not supported>      branch-misses            

       0.451663986 seconds time elapsed                                          ( +-  0.03% )


 Performance counter stats for './mandelbrot_pth -0.188 -0.012 0.554 0.754 1024 1' (10 runs):

       1811.281887      task-clock (msec)         #    1.000 CPUs utilized            ( +-  0.14% )
                 4      context-switches          #    0.002 K/sec                    ( +-  5.69% )
                 1      cpu-migrations            #    0.001 K/sec                  
                63      page-faults               #    0.035 K/sec                    ( +-  0.39% )
   <not supported>      cycles                   
   <not supported>      stalled-cycles-frontend  
   <not supported>      stalled-cycles-backend   
   <not supported>      instructions             
   <not supported>      branches                 
   <not supported>      branch-misses            

       1.811728783 seconds time elapsed                                          ( +-  0.14% )


 Performance counter stats for './mandelbrot_pth -0.188 -0.012 0.554 0.754 2048 1' (10 runs):

       7208.121775      task-clock (msec)         #    1.000 CPUs utilized            ( +-  0.05% )
                14      context-switches          #    0.002 K/sec                    ( +-  1.81% )
                 1      cpu-migrations            #    0.000 K/sec                  
                63      page-faults               #    0.009 K/sec                    ( +-  0.63% )
   <not supported>      cycles                   
   <not supported>      stalled-cycles-frontend  
   <not supported>      stalled-cycles-backend   
   <not supported>      instructions             
   <not supported>      branches                 
   <not supported>      branch-misses            

       7.208738316 seconds time elapsed                                          ( +-  0.05% )


 Performance counter stats for './mandelbrot_pth -0.188 -0.012 0.554 0.754 4096 1' (10 runs):

      28876.817198      task-clock (msec)         #    1.000 CPUs utilized            ( +-  0.05% )
                51      context-switches          #    0.002 K/sec                    ( +-  0.72% )
                 1      cpu-migrations            #    0.000 K/sec                  
                62      page-faults               #    0.002 K/sec                    ( +-  0.80% )
   <not supported>      cycles                   
   <not supported>      stalled-cycles-frontend  
   <not supported>      stalled-cycles-backend   
   <not supported>      instructions             
   <not supported>      branches                 
   <not supported>      branch-misses            

      28.878047429 seconds time elapsed                                          ( +-  0.05% )


 Performance counter stats for './mandelbrot_pth -0.188 -0.012 0.554 0.754 8192 1' (10 runs):

     115894.595313      task-clock (msec)         #    1.000 CPUs utilized            ( +-  0.06% )
               204      context-switches          #    0.002 K/sec                    ( +-  0.07% )
                 1      cpu-migrations            #    0.000 K/sec                  
                62      page-faults               #    0.001 K/sec                    ( +-  0.73% )
   <not supported>      cycles                   
   <not supported>      stalled-cycles-frontend  
   <not supported>      stalled-cycles-backend   
   <not supported>      instructions             
   <not supported>      branches                 
   <not supported>      branch-misses            

     115.898372060 seconds time elapsed                                          ( +-  0.06% )

