
 Performance counter stats for './mandelbrot_pth -0.188 -0.012 0.554 0.754 16 4' (10 runs):

          1.303363      task-clock (msec)         #    1.082 CPUs utilized            ( +-  1.24% )
                 6      context-switches          #    0.004 M/sec                    ( +-  3.74% )
                 4      cpu-migrations            #    0.003 M/sec                    ( +-  2.44% )
                69      page-faults               #    0.053 M/sec                    ( +-  0.40% )
   <not supported>      cycles                   
   <not supported>      stalled-cycles-frontend  
   <not supported>      stalled-cycles-backend   
   <not supported>      instructions             
   <not supported>      branches                 
   <not supported>      branch-misses            

       0.001204657 seconds time elapsed                                          ( +-  1.94% )


 Performance counter stats for './mandelbrot_pth -0.188 -0.012 0.554 0.754 32 4' (10 runs):

          2.684806      task-clock (msec)         #    1.793 CPUs utilized            ( +-  1.40% )
                 4      context-switches          #    0.001 M/sec                    ( +- 13.86% )
                 4      cpu-migrations            #    0.002 M/sec                    ( +-  4.76% )
                68      page-faults               #    0.025 M/sec                    ( +-  0.73% )
   <not supported>      cycles                   
   <not supported>      stalled-cycles-frontend  
   <not supported>      stalled-cycles-backend   
   <not supported>      instructions             
   <not supported>      branches                 
   <not supported>      branch-misses            

       0.001497271 seconds time elapsed                                          ( +-  2.42% )


 Performance counter stats for './mandelbrot_pth -0.188 -0.012 0.554 0.754 64 4' (10 runs):

          8.142651      task-clock (msec)         #    2.705 CPUs utilized            ( +-  0.40% )
                 1      context-switches          #    0.160 K/sec                    ( +- 11.75% )
                 4      cpu-migrations            #    0.504 K/sec                    ( +-  2.44% )
                69      page-faults               #    0.008 M/sec                    ( +-  0.68% )
   <not supported>      cycles                   
   <not supported>      stalled-cycles-frontend  
   <not supported>      stalled-cycles-backend   
   <not supported>      instructions             
   <not supported>      branches                 
   <not supported>      branch-misses            

       0.003010113 seconds time elapsed                                          ( +-  0.99% )


 Performance counter stats for './mandelbrot_pth -0.188 -0.012 0.554 0.754 128 4' (10 runs):

         29.534872      task-clock (msec)         #    3.323 CPUs utilized            ( +-  0.18% )
                 1      context-switches          #    0.041 K/sec                    ( +- 11.11% )
                 4      cpu-migrations            #    0.135 K/sec                  
                68      page-faults               #    0.002 M/sec                    ( +-  0.79% )
   <not supported>      cycles                   
   <not supported>      stalled-cycles-frontend  
   <not supported>      stalled-cycles-backend   
   <not supported>      instructions             
   <not supported>      branches                 
   <not supported>      branch-misses            

       0.008889147 seconds time elapsed                                          ( +-  0.48% )


 Performance counter stats for './mandelbrot_pth -0.188 -0.012 0.554 0.754 256 4' (10 runs):

        115.137654      task-clock (msec)         #    3.586 CPUs utilized            ( +-  0.29% )
                 2      context-switches          #    0.014 K/sec                    ( +- 10.21% )
                 4      cpu-migrations            #    0.035 K/sec                  
                69      page-faults               #    0.598 K/sec                    ( +-  0.46% )
   <not supported>      cycles                   
   <not supported>      stalled-cycles-frontend  
   <not supported>      stalled-cycles-backend   
   <not supported>      instructions             
   <not supported>      branches                 
   <not supported>      branch-misses            

       0.032107945 seconds time elapsed                                          ( +-  0.24% )


 Performance counter stats for './mandelbrot_pth -0.188 -0.012 0.554 0.754 512 4' (10 runs):

        458.728001      task-clock (msec)         #    3.607 CPUs utilized            ( +-  0.49% )
                 3      context-switches          #    0.007 K/sec                    ( +- 29.39% )
                 5      cpu-migrations            #    0.011 K/sec                    ( +-  1.96% )
                68      page-faults               #    0.149 K/sec                    ( +-  0.59% )
   <not supported>      cycles                   
   <not supported>      stalled-cycles-frontend  
   <not supported>      stalled-cycles-backend   
   <not supported>      instructions             
   <not supported>      branches                 
   <not supported>      branch-misses            

       0.127169234 seconds time elapsed                                          ( +-  0.86% )


 Performance counter stats for './mandelbrot_pth -0.188 -0.012 0.554 0.754 1024 4' (10 runs):

       1807.450021      task-clock (msec)         #    3.648 CPUs utilized            ( +-  0.07% )
                 5      context-switches          #    0.003 K/sec                    ( +- 22.51% )
                 4      cpu-migrations            #    0.002 K/sec                    ( +-  3.55% )
                69      page-faults               #    0.038 K/sec                    ( +-  0.58% )
   <not supported>      cycles                   
   <not supported>      stalled-cycles-frontend  
   <not supported>      stalled-cycles-backend   
   <not supported>      instructions             
   <not supported>      branches                 
   <not supported>      branch-misses            

       0.495444548 seconds time elapsed                                          ( +-  0.17% )


 Performance counter stats for './mandelbrot_pth -0.188 -0.012 0.554 0.754 2048 4' (10 runs):

       7234.471136      task-clock (msec)         #    3.657 CPUs utilized            ( +-  0.05% )
                15      context-switches          #    0.002 K/sec                    ( +-  3.80% )
                 5      cpu-migrations            #    0.001 K/sec                    ( +-  4.81% )
                69      page-faults               #    0.010 K/sec                    ( +-  0.59% )
   <not supported>      cycles                   
   <not supported>      stalled-cycles-frontend  
   <not supported>      stalled-cycles-backend   
   <not supported>      instructions             
   <not supported>      branches                 
   <not supported>      branch-misses            

       1.978279145 seconds time elapsed                                          ( +-  0.04% )


 Performance counter stats for './mandelbrot_pth -0.188 -0.012 0.554 0.754 4096 4' (10 runs):

      29145.618785      task-clock (msec)         #    3.654 CPUs utilized            ( +-  0.11% )
                55      context-switches          #    0.002 K/sec                    ( +-  1.43% )
                 5      cpu-migrations            #    0.000 K/sec                    ( +-  6.38% )
                69      page-faults               #    0.002 K/sec                    ( +-  0.58% )
   <not supported>      cycles                   
   <not supported>      stalled-cycles-frontend  
   <not supported>      stalled-cycles-backend   
   <not supported>      instructions             
   <not supported>      branches                 
   <not supported>      branch-misses            

       7.975963357 seconds time elapsed                                          ( +-  0.18% )


 Performance counter stats for './mandelbrot_pth -0.188 -0.012 0.554 0.754 8192 4' (10 runs):

     116366.154021      task-clock (msec)         #    3.659 CPUs utilized            ( +-  0.12% )
               204      context-switches          #    0.002 K/sec                    ( +-  0.75% )
                 5      cpu-migrations            #    0.000 K/sec                    ( +-  5.54% )
                68      page-faults               #    0.001 K/sec                    ( +-  0.54% )
   <not supported>      cycles                   
   <not supported>      stalled-cycles-frontend  
   <not supported>      stalled-cycles-backend   
   <not supported>      instructions             
   <not supported>      branches                 
   <not supported>      branch-misses            

      31.804815902 seconds time elapsed                                          ( +-  0.20% )

