
 Performance counter stats for './mandelbrot_pth -0.188 -0.012 0.554 0.754 16 8' (10 runs):

          1.581364      task-clock (msec)         #    1.180 CPUs utilized            ( +-  1.40% )
                14      context-switches          #    0.009 M/sec                    ( +-  5.40% )
                 9      cpu-migrations            #    0.005 M/sec                    ( +-  3.55% )
                76      page-faults               #    0.048 M/sec                    ( +-  0.71% )
   <not supported>      cycles                   
   <not supported>      stalled-cycles-frontend  
   <not supported>      stalled-cycles-backend   
   <not supported>      instructions             
   <not supported>      branches                 
   <not supported>      branch-misses            

       0.001340565 seconds time elapsed                                          ( +-  3.23% )


 Performance counter stats for './mandelbrot_pth -0.188 -0.012 0.554 0.754 32 8' (10 runs):

          2.860787      task-clock (msec)         #    2.151 CPUs utilized            ( +-  1.04% )
                12      context-switches          #    0.004 M/sec                    ( +-  7.52% )
                 8      cpu-migrations            #    0.003 M/sec                    ( +-  3.88% )
                76      page-faults               #    0.027 M/sec                    ( +-  0.62% )
   <not supported>      cycles                   
   <not supported>      stalled-cycles-frontend  
   <not supported>      stalled-cycles-backend   
   <not supported>      instructions             
   <not supported>      branches                 
   <not supported>      branch-misses            

       0.001330223 seconds time elapsed                                          ( +-  1.81% )


 Performance counter stats for './mandelbrot_pth -0.188 -0.012 0.554 0.754 64 8' (10 runs):

          8.306630      task-clock (msec)         #    3.992 CPUs utilized            ( +-  0.56% )
                 6      context-switches          #    0.734 K/sec                    ( +- 15.15% )
                 8      cpu-migrations            #    0.975 K/sec                    ( +-  1.23% )
                77      page-faults               #    0.009 M/sec                    ( +-  0.67% )
   <not supported>      cycles                   
   <not supported>      stalled-cycles-frontend  
   <not supported>      stalled-cycles-backend   
   <not supported>      instructions             
   <not supported>      branches                 
   <not supported>      branch-misses            

       0.002080967 seconds time elapsed                                          ( +-  1.79% )


 Performance counter stats for './mandelbrot_pth -0.188 -0.012 0.554 0.754 128 8' (10 runs):

         31.575777      task-clock (msec)         #    5.657 CPUs utilized            ( +-  1.41% )
                 4      context-switches          #    0.127 K/sec                    ( +-  6.45% )
                 7      cpu-migrations            #    0.234 K/sec                    ( +-  2.21% )
                77      page-faults               #    0.002 M/sec                    ( +-  0.55% )
   <not supported>      cycles                   
   <not supported>      stalled-cycles-frontend  
   <not supported>      stalled-cycles-backend   
   <not supported>      instructions             
   <not supported>      branches                 
   <not supported>      branch-misses            

       0.005581644 seconds time elapsed                                          ( +-  2.91% )


 Performance counter stats for './mandelbrot_pth -0.188 -0.012 0.554 0.754 256 8' (10 runs):

        118.154304      task-clock (msec)         #    6.738 CPUs utilized            ( +-  0.90% )
                 6      context-switches          #    0.051 K/sec                    ( +-  2.48% )
                 7      cpu-migrations            #    0.059 K/sec                  
                76      page-faults               #    0.645 K/sec                    ( +-  0.51% )
   <not supported>      cycles                   
   <not supported>      stalled-cycles-frontend  
   <not supported>      stalled-cycles-backend   
   <not supported>      instructions             
   <not supported>      branches                 
   <not supported>      branch-misses            

       0.017536345 seconds time elapsed                                          ( +-  1.69% )


 Performance counter stats for './mandelbrot_pth -0.188 -0.012 0.554 0.754 512 8' (10 runs):

        587.408741      task-clock (msec)         #    6.504 CPUs utilized            ( +-  2.05% )
                20      context-switches          #    0.034 K/sec                    ( +-  3.71% )
                 8      cpu-migrations            #    0.013 K/sec                    ( +-  2.22% )
                76      page-faults               #    0.130 K/sec                    ( +-  0.62% )
   <not supported>      cycles                   
   <not supported>      stalled-cycles-frontend  
   <not supported>      stalled-cycles-backend   
   <not supported>      instructions             
   <not supported>      branches                 
   <not supported>      branch-misses            

       0.090320631 seconds time elapsed                                          ( +-  4.27% )


 Performance counter stats for './mandelbrot_pth -0.188 -0.012 0.554 0.754 1024 8' (10 runs):

       2245.063671      task-clock (msec)         #    7.296 CPUs utilized            ( +-  0.21% )
                41      context-switches          #    0.018 K/sec                    ( +-  4.29% )
                 7      cpu-migrations            #    0.003 K/sec                    ( +-  2.09% )
                76      page-faults               #    0.034 K/sec                    ( +-  0.68% )
   <not supported>      cycles                   
   <not supported>      stalled-cycles-frontend  
   <not supported>      stalled-cycles-backend   
   <not supported>      instructions             
   <not supported>      branches                 
   <not supported>      branch-misses            

       0.307701429 seconds time elapsed                                          ( +-  0.51% )


 Performance counter stats for './mandelbrot_pth -0.188 -0.012 0.554 0.754 2048 8' (10 runs):

       8961.049055      task-clock (msec)         #    7.281 CPUs utilized            ( +-  0.10% )
                61      context-switches          #    0.007 K/sec                    ( +-  4.14% )
                 7      cpu-migrations            #    0.001 K/sec                    ( +-  1.85% )
                77      page-faults               #    0.009 K/sec                    ( +-  0.64% )
   <not supported>      cycles                   
   <not supported>      stalled-cycles-frontend  
   <not supported>      stalled-cycles-backend   
   <not supported>      instructions             
   <not supported>      branches                 
   <not supported>      branch-misses            

       1.230810826 seconds time elapsed                                          ( +-  0.31% )


 Performance counter stats for './mandelbrot_pth -0.188 -0.012 0.554 0.754 4096 8' (10 runs):

      35754.196270      task-clock (msec)         #    7.312 CPUs utilized            ( +-  0.07% )
               125      context-switches          #    0.004 K/sec                    ( +-  3.35% )
                 7      cpu-migrations            #    0.000 K/sec                    ( +-  1.41% )
                77      page-faults               #    0.002 K/sec                    ( +-  0.61% )
   <not supported>      cycles                   
   <not supported>      stalled-cycles-frontend  
   <not supported>      stalled-cycles-backend   
   <not supported>      instructions             
   <not supported>      branches                 
   <not supported>      branch-misses            

       4.889501118 seconds time elapsed                                          ( +-  0.18% )


 Performance counter stats for './mandelbrot_pth -0.188 -0.012 0.554 0.754 8192 8' (10 runs):

     142505.908004      task-clock (msec)         #    7.349 CPUs utilized            ( +-  0.03% )
               361      context-switches          #    0.003 K/sec                    ( +-  3.05% )
                 8      cpu-migrations            #    0.000 K/sec                    ( +-  3.73% )
                77      page-faults               #    0.001 K/sec                    ( +-  0.49% )
   <not supported>      cycles                   
   <not supported>      stalled-cycles-frontend  
   <not supported>      stalled-cycles-backend   
   <not supported>      instructions             
   <not supported>      branches                 
   <not supported>      branch-misses            

      19.391988690 seconds time elapsed                                          ( +-  0.11% )

