
 Performance counter stats for './mandelbrot_omp 0.175 0.375 -0.1 0.1 16 8' (10 runs):

          2.415117      task-clock (msec)         #    2.292 CPUs utilized            ( +-  1.98% )
                 0      context-switches          #    0.000 K/sec                  
                 7      cpu-migrations            #    0.003 M/sec                  
                75      page-faults               #    0.031 M/sec                    ( +-  0.27% )
   <not supported>      cycles                   
   <not supported>      stalled-cycles-frontend  
   <not supported>      stalled-cycles-backend   
   <not supported>      instructions             
   <not supported>      branches                 
   <not supported>      branch-misses            

       0.001053548 seconds time elapsed                                          ( +-  1.88% )


 Performance counter stats for './mandelbrot_omp 0.175 0.375 -0.1 0.1 32 8' (10 runs):

          5.437619      task-clock (msec)         #    3.303 CPUs utilized            ( +-  2.79% )
                 0      context-switches          #    0.018 K/sec                    ( +-100.00% )
                 7      cpu-migrations            #    0.001 M/sec                  
                75      page-faults               #    0.014 M/sec                    ( +-  0.40% )
   <not supported>      cycles                   
   <not supported>      stalled-cycles-frontend  
   <not supported>      stalled-cycles-backend   
   <not supported>      instructions             
   <not supported>      branches                 
   <not supported>      branch-misses            

       0.001646266 seconds time elapsed                                          ( +-  1.26% )


 Performance counter stats for './mandelbrot_omp 0.175 0.375 -0.1 0.1 64 8' (10 runs):

         13.264628      task-clock (msec)         #    5.076 CPUs utilized            ( +-  2.81% )
                 0      context-switches          #    0.030 K/sec                    ( +- 40.82% )
                 7      cpu-migrations            #    0.528 K/sec                  
                75      page-faults               #    0.006 M/sec                    ( +-  0.34% )
   <not supported>      cycles                   
   <not supported>      stalled-cycles-frontend  
   <not supported>      stalled-cycles-backend   
   <not supported>      instructions             
   <not supported>      branches                 
   <not supported>      branch-misses            

       0.002613043 seconds time elapsed                                          ( +-  2.58% )


 Performance counter stats for './mandelbrot_omp 0.175 0.375 -0.1 0.1 128 8' (10 runs):

         40.404706      task-clock (msec)         #    6.557 CPUs utilized            ( +-  1.38% )
                 1      context-switches          #    0.032 K/sec                    ( +- 11.75% )
                 7      cpu-migrations            #    0.173 K/sec                  
                74      page-faults               #    0.002 M/sec                    ( +-  0.57% )
   <not supported>      cycles                   
   <not supported>      stalled-cycles-frontend  
   <not supported>      stalled-cycles-backend   
   <not supported>      instructions             
   <not supported>      branches                 
   <not supported>      branch-misses            

       0.006161660 seconds time elapsed                                          ( +-  1.22% )


 Performance counter stats for './mandelbrot_omp 0.175 0.375 -0.1 0.1 256 8' (10 runs):

        146.846484      task-clock (msec)         #    7.524 CPUs utilized            ( +-  0.99% )
                 5      context-switches          #    0.033 K/sec                    ( +-  3.66% )
                 7      cpu-migrations            #    0.048 K/sec                  
                75      page-faults               #    0.512 K/sec                    ( +-  0.27% )
   <not supported>      cycles                   
   <not supported>      stalled-cycles-frontend  
   <not supported>      stalled-cycles-backend   
   <not supported>      instructions             
   <not supported>      branches                 
   <not supported>      branch-misses            

       0.019516231 seconds time elapsed                                          ( +-  0.96% )


 Performance counter stats for './mandelbrot_omp 0.175 0.375 -0.1 0.1 512 8' (10 runs):

        640.285911      task-clock (msec)         #    7.898 CPUs utilized            ( +-  0.68% )
                21      context-switches          #    0.033 K/sec                    ( +-  3.80% )
                 7      cpu-migrations            #    0.011 K/sec                  
                75      page-faults               #    0.117 K/sec                    ( +-  0.37% )
   <not supported>      cycles                   
   <not supported>      stalled-cycles-frontend  
   <not supported>      stalled-cycles-backend   
   <not supported>      instructions             
   <not supported>      branches                 
   <not supported>      branch-misses            

       0.081074313 seconds time elapsed                                          ( +-  0.71% )


 Performance counter stats for './mandelbrot_omp 0.175 0.375 -0.1 0.1 1024 8' (10 runs):

       2585.472504      task-clock (msec)         #    7.966 CPUs utilized            ( +-  0.31% )
                45      context-switches          #    0.017 K/sec                    ( +-  7.17% )
                 7      cpu-migrations            #    0.003 K/sec                    ( +-  1.41% )
                76      page-faults               #    0.029 K/sec                    ( +-  0.36% )
   <not supported>      cycles                   
   <not supported>      stalled-cycles-frontend  
   <not supported>      stalled-cycles-backend   
   <not supported>      instructions             
   <not supported>      branches                 
   <not supported>      branch-misses            

       0.324564802 seconds time elapsed                                          ( +-  0.33% )


 Performance counter stats for './mandelbrot_omp 0.175 0.375 -0.1 0.1 2048 8' (10 runs):

      10040.071555      task-clock (msec)         #    7.985 CPUs utilized            ( +-  0.55% )
                74      context-switches          #    0.007 K/sec                    ( +-  6.16% )
                 7      cpu-migrations            #    0.001 K/sec                  
                75      page-faults               #    0.007 K/sec                    ( +-  0.43% )
   <not supported>      cycles                   
   <not supported>      stalled-cycles-frontend  
   <not supported>      stalled-cycles-backend   
   <not supported>      instructions             
   <not supported>      branches                 
   <not supported>      branch-misses            

       1.257304105 seconds time elapsed                                          ( +-  0.55% )


 Performance counter stats for './mandelbrot_omp 0.175 0.375 -0.1 0.1 4096 8' (10 runs):

      40457.128663      task-clock (msec)         #    7.988 CPUs utilized            ( +-  0.75% )
               196      context-switches          #    0.005 K/sec                    ( +-  3.72% )
                 7      cpu-migrations            #    0.000 K/sec                    ( +-  2.99% )
                75      page-faults               #    0.002 K/sec                    ( +-  0.40% )
   <not supported>      cycles                   
   <not supported>      stalled-cycles-frontend  
   <not supported>      stalled-cycles-backend   
   <not supported>      instructions             
   <not supported>      branches                 
   <not supported>      branch-misses            

       5.064945186 seconds time elapsed                                          ( +-  0.75% )


 Performance counter stats for './mandelbrot_omp 0.175 0.375 -0.1 0.1 8192 8' (10 runs):

     159199.361480      task-clock (msec)         #    7.887 CPUs utilized            ( +-  0.22% )
            10,237      context-switches          #    0.064 K/sec                    ( +-  3.76% )
                11      cpu-migrations            #    0.000 K/sec                    ( +- 15.05% )
                76      page-faults               #    0.000 K/sec                    ( +-  0.30% )
   <not supported>      cycles                   
   <not supported>      stalled-cycles-frontend  
   <not supported>      stalled-cycles-backend   
   <not supported>      instructions             
   <not supported>      branches                 
   <not supported>      branch-misses            

      20.185530984 seconds time elapsed                                          ( +-  0.29% )

