
 Performance counter stats for './mandelbrot_omp 0.175 0.375 -0.1 0.1 16 32' (10 runs):

          7.003115      task-clock (msec)         #    1.532 CPUs utilized            ( +-  2.02% )
             1,025      context-switches          #    0.146 M/sec                    ( +-  0.34% )
               353      cpu-migrations            #    0.050 M/sec                    ( +-  2.24% )
               127      page-faults               #    0.018 M/sec                    ( +-  0.24% )
   <not supported>      cycles                   
   <not supported>      stalled-cycles-frontend  
   <not supported>      stalled-cycles-backend   
   <not supported>      instructions             
   <not supported>      branches                 
   <not supported>      branch-misses            

       0.004572196 seconds time elapsed                                          ( +-  3.78% )


 Performance counter stats for './mandelbrot_omp 0.175 0.375 -0.1 0.1 32 32' (10 runs):

         13.083528      task-clock (msec)         #    1.715 CPUs utilized            ( +-  1.57% )
             2,023      context-switches          #    0.155 M/sec                    ( +-  0.16% )
               668      cpu-migrations            #    0.051 M/sec                    ( +-  1.78% )
               127      page-faults               #    0.010 M/sec                    ( +-  0.20% )
   <not supported>      cycles                   
   <not supported>      stalled-cycles-frontend  
   <not supported>      stalled-cycles-backend   
   <not supported>      instructions             
   <not supported>      branches                 
   <not supported>      branch-misses            

       0.007627936 seconds time elapsed                                          ( +-  3.33% )


 Performance counter stats for './mandelbrot_omp 0.175 0.375 -0.1 0.1 64 32' (10 runs):

         27.580631      task-clock (msec)         #    1.947 CPUs utilized            ( +-  1.04% )
             4,028      context-switches          #    0.146 M/sec                    ( +-  0.11% )
             1,209      cpu-migrations            #    0.044 M/sec                    ( +-  1.08% )
               128      page-faults               #    0.005 M/sec                    ( +-  0.17% )
   <not supported>      cycles                   
   <not supported>      stalled-cycles-frontend  
   <not supported>      stalled-cycles-backend   
   <not supported>      instructions             
   <not supported>      branches                 
   <not supported>      branch-misses            

       0.014167752 seconds time elapsed                                          ( +-  3.84% )


 Performance counter stats for './mandelbrot_omp 0.175 0.375 -0.1 0.1 128 32' (10 runs):

         63.754803      task-clock (msec)         #    2.704 CPUs utilized            ( +-  0.41% )
             8,030      context-switches          #    0.126 M/sec                    ( +-  0.08% )
             1,915      cpu-migrations            #    0.030 M/sec                    ( +-  0.44% )
               127      page-faults               #    0.002 M/sec                    ( +-  0.23% )
   <not supported>      cycles                   
   <not supported>      stalled-cycles-frontend  
   <not supported>      stalled-cycles-backend   
   <not supported>      instructions             
   <not supported>      branches                 
   <not supported>      branch-misses            

       0.023573814 seconds time elapsed                                          ( +-  2.11% )


 Performance counter stats for './mandelbrot_omp 0.175 0.375 -0.1 0.1 256 32' (10 runs):

        184.713583      task-clock (msec)         #    3.114 CPUs utilized            ( +-  0.48% )
            16,007      context-switches          #    0.087 M/sec                    ( +-  0.05% )
             3,849      cpu-migrations            #    0.021 M/sec                    ( +-  0.92% )
               128      page-faults               #    0.691 K/sec                    ( +-  0.20% )
   <not supported>      cycles                   
   <not supported>      stalled-cycles-frontend  
   <not supported>      stalled-cycles-backend   
   <not supported>      instructions             
   <not supported>      branches                 
   <not supported>      branch-misses            

       0.059312844 seconds time elapsed                                          ( +-  3.77% )


 Performance counter stats for './mandelbrot_omp 0.175 0.375 -0.1 0.1 512 32' (10 runs):

        591.308259      task-clock (msec)         #    4.102 CPUs utilized            ( +-  0.18% )
            32,039      context-switches          #    0.054 M/sec                    ( +-  0.03% )
             7,378      cpu-migrations            #    0.012 M/sec                    ( +-  0.59% )
               127      page-faults               #    0.215 K/sec                    ( +-  0.27% )
   <not supported>      cycles                   
   <not supported>      stalled-cycles-frontend  
   <not supported>      stalled-cycles-backend   
   <not supported>      instructions             
   <not supported>      branches                 
   <not supported>      branch-misses            

       0.144144787 seconds time elapsed                                          ( +-  0.89% )


 Performance counter stats for './mandelbrot_omp 0.175 0.375 -0.1 0.1 1024 32' (10 runs):

       2100.702413      task-clock (msec)         #    4.607 CPUs utilized            ( +-  0.07% )
            64,364      context-switches          #    0.031 M/sec                    ( +-  0.03% )
            14,829      cpu-migrations            #    0.007 M/sec                    ( +-  0.35% )
               128      page-faults               #    0.061 K/sec                    ( +-  0.23% )
   <not supported>      cycles                   
   <not supported>      stalled-cycles-frontend  
   <not supported>      stalled-cycles-backend   
   <not supported>      instructions             
   <not supported>      branches                 
   <not supported>      branch-misses            

       0.455958701 seconds time elapsed                                          ( +-  0.49% )


 Performance counter stats for './mandelbrot_omp 0.175 0.375 -0.1 0.1 2048 32' (10 runs):

       7915.261636      task-clock (msec)         #    4.782 CPUs utilized            ( +-  0.03% )
           128,651      context-switches          #    0.016 M/sec                    ( +-  0.01% )
            26,374      cpu-migrations            #    0.003 M/sec                    ( +-  0.35% )
               128      page-faults               #    0.016 K/sec                    ( +-  0.24% )
   <not supported>      cycles                   
   <not supported>      stalled-cycles-frontend  
   <not supported>      stalled-cycles-backend   
   <not supported>      instructions             
   <not supported>      branches                 
   <not supported>      branch-misses            

       1.655202330 seconds time elapsed                                          ( +-  0.61% )


 Performance counter stats for './mandelbrot_omp 0.175 0.375 -0.1 0.1 4096 32' (10 runs):

      30659.200261      task-clock (msec)         #    4.938 CPUs utilized            ( +-  0.02% )
           256,944      context-switches          #    0.008 M/sec                    ( +-  0.01% )
            46,377      cpu-migrations            #    0.002 M/sec                    ( +-  0.24% )
               127      page-faults               #    0.004 K/sec                    ( +-  0.29% )
   <not supported>      cycles                   
   <not supported>      stalled-cycles-frontend  
   <not supported>      stalled-cycles-backend   
   <not supported>      instructions             
   <not supported>      branches                 
   <not supported>      branch-misses            

       6.208398787 seconds time elapsed                                          ( +-  0.32% )


 Performance counter stats for './mandelbrot_omp 0.175 0.375 -0.1 0.1 8192 32' (10 runs):

     120281.362773      task-clock (msec)         #    5.199 CPUs utilized            ( +-  0.03% )
           513,603      context-switches          #    0.004 M/sec                    ( +-  0.01% )
            90,427      cpu-migrations            #    0.752 K/sec                    ( +-  0.36% )
               127      page-faults               #    0.001 K/sec                    ( +-  0.24% )
   <not supported>      cycles                   
   <not supported>      stalled-cycles-frontend  
   <not supported>      stalled-cycles-backend   
   <not supported>      instructions             
   <not supported>      branches                 
   <not supported>      branch-misses            

      23.136861925 seconds time elapsed                                          ( +-  0.30% )

