
 Performance counter stats for './mandelbrot_omp 0.175 0.375 -0.1 0.1 16 2' (10 runs):

          1.115031      task-clock (msec)         #    0.997 CPUs utilized            ( +-  1.72% )
                 0      context-switches          #    0.000 K/sec                  
                 1      cpu-migrations            #    0.897 K/sec                  
                62      page-faults               #    0.056 M/sec                    ( +-  0.45% )
   <not supported>      cycles                   
   <not supported>      stalled-cycles-frontend  
   <not supported>      stalled-cycles-backend   
   <not supported>      instructions             
   <not supported>      branches                 
   <not supported>      branch-misses            

       0.001117928 seconds time elapsed                                          ( +-  1.13% )


 Performance counter stats for './mandelbrot_omp 0.175 0.375 -0.1 0.1 32 2' (10 runs):

          2.680685      task-clock (msec)         #    1.360 CPUs utilized            ( +-  0.71% )
                 0      context-switches          #    0.000 K/sec                  
                 1      cpu-migrations            #    0.373 K/sec                  
                62      page-faults               #    0.023 M/sec                    ( +-  0.47% )
   <not supported>      cycles                   
   <not supported>      stalled-cycles-frontend  
   <not supported>      stalled-cycles-backend   
   <not supported>      instructions             
   <not supported>      branches                 
   <not supported>      branch-misses            

       0.001971276 seconds time elapsed                                          ( +-  1.70% )


 Performance counter stats for './mandelbrot_omp 0.175 0.375 -0.1 0.1 64 2' (10 runs):

          8.651832      task-clock (msec)         #    1.767 CPUs utilized            ( +-  0.50% )
                 0      context-switches          #    0.035 K/sec                    ( +- 50.92% )
                 1      cpu-migrations            #    0.116 K/sec                  
                62      page-faults               #    0.007 M/sec                    ( +-  0.61% )
   <not supported>      cycles                   
   <not supported>      stalled-cycles-frontend  
   <not supported>      stalled-cycles-backend   
   <not supported>      instructions             
   <not supported>      branches                 
   <not supported>      branch-misses            

       0.004895312 seconds time elapsed                                          ( +-  0.61% )


 Performance counter stats for './mandelbrot_omp 0.175 0.375 -0.1 0.1 128 2' (10 runs):

         32.167927      task-clock (msec)         #    1.925 CPUs utilized            ( +-  0.16% )
                 0      context-switches          #    0.000 K/sec                  
                 1      cpu-migrations            #    0.031 K/sec                  
                62      page-faults               #    0.002 M/sec                    ( +-  0.34% )
   <not supported>      cycles                   
   <not supported>      stalled-cycles-frontend  
   <not supported>      stalled-cycles-backend   
   <not supported>      instructions             
   <not supported>      branches                 
   <not supported>      branch-misses            

       0.016710445 seconds time elapsed                                          ( +-  0.16% )


 Performance counter stats for './mandelbrot_omp 0.175 0.375 -0.1 0.1 256 2' (10 runs):

        124.120777      task-clock (msec)         #    1.981 CPUs utilized            ( +-  0.18% )
                 0      context-switches          #    0.002 K/sec                    ( +-100.00% )
                 1      cpu-migrations            #    0.008 K/sec                  
                62      page-faults               #    0.499 K/sec                    ( +-  0.51% )
   <not supported>      cycles                   
   <not supported>      stalled-cycles-frontend  
   <not supported>      stalled-cycles-backend   
   <not supported>      instructions             
   <not supported>      branches                 
   <not supported>      branch-misses            

       0.062659909 seconds time elapsed                                          ( +-  0.17% )


 Performance counter stats for './mandelbrot_omp 0.175 0.375 -0.1 0.1 512 2' (10 runs):

        492.072533      task-clock (msec)         #    1.995 CPUs utilized            ( +-  0.07% )
                 1      context-switches          #    0.001 K/sec                    ( +- 56.66% )
                 1      cpu-migrations            #    0.002 K/sec                  
                62      page-faults               #    0.127 K/sec                    ( +-  0.25% )
   <not supported>      cycles                   
   <not supported>      stalled-cycles-frontend  
   <not supported>      stalled-cycles-backend   
   <not supported>      instructions             
   <not supported>      branches                 
   <not supported>      branch-misses            

       0.246676542 seconds time elapsed                                          ( +-  0.07% )


 Performance counter stats for './mandelbrot_omp 0.175 0.375 -0.1 0.1 1024 2' (10 runs):

       1973.897277      task-clock (msec)         #    1.999 CPUs utilized            ( +-  0.16% )
                 4      context-switches          #    0.002 K/sec                    ( +-  7.41% )
                 1      cpu-migrations            #    0.001 K/sec                  
                62      page-faults               #    0.031 K/sec                    ( +-  0.53% )
   <not supported>      cycles                   
   <not supported>      stalled-cycles-frontend  
   <not supported>      stalled-cycles-backend   
   <not supported>      instructions             
   <not supported>      branches                 
   <not supported>      branch-misses            

       0.987682180 seconds time elapsed                                          ( +-  0.16% )


 Performance counter stats for './mandelbrot_omp 0.175 0.375 -0.1 0.1 2048 2' (10 runs):

       7863.173059      task-clock (msec)         #    1.991 CPUs utilized            ( +-  0.12% )
               262      context-switches          #    0.033 K/sec                    ( +-  1.90% )
                 1      cpu-migrations            #    0.000 K/sec                  
                62      page-faults               #    0.008 K/sec                    ( +-  0.59% )
   <not supported>      cycles                   
   <not supported>      stalled-cycles-frontend  
   <not supported>      stalled-cycles-backend   
   <not supported>      instructions             
   <not supported>      branches                 
   <not supported>      branch-misses            

       3.948691021 seconds time elapsed                                          ( +-  0.12% )


 Performance counter stats for './mandelbrot_omp 0.175 0.375 -0.1 0.1 4096 2' (10 runs):

      29536.557803      task-clock (msec)         #    1.868 CPUs utilized            ( +-  0.06% )
             2,122      context-switches          #    0.072 K/sec                    ( +-  0.98% )
                 1      cpu-migrations            #    0.000 K/sec                  
                62      page-faults               #    0.002 K/sec                    ( +-  0.34% )
   <not supported>      cycles                   
   <not supported>      stalled-cycles-frontend  
   <not supported>      stalled-cycles-backend   
   <not supported>      instructions             
   <not supported>      branches                 
   <not supported>      branch-misses            

      15.812882319 seconds time elapsed                                          ( +-  0.09% )


 Performance counter stats for './mandelbrot_omp 0.175 0.375 -0.1 0.1 8192 2' (10 runs):

     109569.490402      task-clock (msec)         #    1.731 CPUs utilized            ( +-  0.05% )
             7,110      context-switches          #    0.065 K/sec                    ( +-  0.52% )
                 1      cpu-migrations            #    0.000 K/sec                    ( +- 28.57% )
                62      page-faults               #    0.001 K/sec                    ( +-  0.26% )
   <not supported>      cycles                   
   <not supported>      stalled-cycles-frontend  
   <not supported>      stalled-cycles-backend   
   <not supported>      instructions             
   <not supported>      branches                 
   <not supported>      branch-misses            

      63.296842813 seconds time elapsed                                          ( +-  0.07% )

