
 Performance counter stats for './mandelbrot_omp 0.175 0.375 -0.1 0.1 16 4' (10 runs):

          1.478013      task-clock (msec)         #    1.330 CPUs utilized            ( +-  1.57% )
                 0      context-switches          #    0.000 K/sec                  
                 3      cpu-migrations            #    0.002 M/sec                  
                67      page-faults               #    0.046 M/sec                    ( +-  0.24% )
   <not supported>      cycles                   
   <not supported>      stalled-cycles-frontend  
   <not supported>      stalled-cycles-backend   
   <not supported>      instructions             
   <not supported>      branches                 
   <not supported>      branch-misses            

       0.001111432 seconds time elapsed                                          ( +-  1.50% )


 Performance counter stats for './mandelbrot_omp 0.175 0.375 -0.1 0.1 32 4' (10 runs):

          3.166224      task-clock (msec)         #    2.088 CPUs utilized            ( +-  1.47% )
                 0      context-switches          #    0.000 K/sec                  
                 3      cpu-migrations            #    0.948 K/sec                  
                67      page-faults               #    0.021 M/sec                    ( +-  0.44% )
   <not supported>      cycles                   
   <not supported>      stalled-cycles-frontend  
   <not supported>      stalled-cycles-backend   
   <not supported>      instructions             
   <not supported>      branches                 
   <not supported>      branch-misses            

       0.001516306 seconds time elapsed                                          ( +-  2.26% )


 Performance counter stats for './mandelbrot_omp 0.175 0.375 -0.1 0.1 64 4' (10 runs):

          9.927908      task-clock (msec)         #    2.992 CPUs utilized            ( +-  0.99% )
                 0      context-switches          #    0.000 K/sec                  
                 3      cpu-migrations            #    0.302 K/sec                  
                67      page-faults               #    0.007 M/sec                    ( +-  0.35% )
   <not supported>      cycles                   
   <not supported>      stalled-cycles-frontend  
   <not supported>      stalled-cycles-backend   
   <not supported>      instructions             
   <not supported>      branches                 
   <not supported>      branch-misses            

       0.003318325 seconds time elapsed                                          ( +-  1.62% )


 Performance counter stats for './mandelbrot_omp 0.175 0.375 -0.1 0.1 128 4' (10 runs):

         35.417116      task-clock (msec)         #    3.599 CPUs utilized            ( +-  0.71% )
                 0      context-switches          #    0.008 K/sec                    ( +- 71.15% )
                 3      cpu-migrations            #    0.085 K/sec                  
                67      page-faults               #    0.002 M/sec                    ( +-  0.37% )
   <not supported>      cycles                   
   <not supported>      stalled-cycles-frontend  
   <not supported>      stalled-cycles-backend   
   <not supported>      instructions             
   <not supported>      branches                 
   <not supported>      branch-misses            

       0.009841746 seconds time elapsed                                          ( +-  1.12% )


 Performance counter stats for './mandelbrot_omp 0.175 0.375 -0.1 0.1 256 4' (10 runs):

        130.164417      task-clock (msec)         #    3.898 CPUs utilized            ( +-  0.23% )
                 1      context-switches          #    0.008 K/sec                    ( +- 14.91% )
                 3      cpu-migrations            #    0.024 K/sec                    ( +-  3.23% )
                67      page-faults               #    0.516 K/sec                    ( +-  0.20% )
   <not supported>      cycles                   
   <not supported>      stalled-cycles-frontend  
   <not supported>      stalled-cycles-backend   
   <not supported>      instructions             
   <not supported>      branches                 
   <not supported>      branch-misses            

       0.033396651 seconds time elapsed                                          ( +-  0.24% )


 Performance counter stats for './mandelbrot_omp 0.175 0.375 -0.1 0.1 512 4' (10 runs):

        521.560947      task-clock (msec)         #    3.971 CPUs utilized            ( +-  0.35% )
                 1      context-switches          #    0.002 K/sec                    ( +- 82.21% )
                 3      cpu-migrations            #    0.006 K/sec                    ( +-  4.17% )
                67      page-faults               #    0.128 K/sec                    ( +-  0.65% )
   <not supported>      cycles                   
   <not supported>      stalled-cycles-frontend  
   <not supported>      stalled-cycles-backend   
   <not supported>      instructions             
   <not supported>      branches                 
   <not supported>      branch-misses            

       0.131336863 seconds time elapsed                                          ( +-  0.34% )


 Performance counter stats for './mandelbrot_omp 0.175 0.375 -0.1 0.1 1024 4' (10 runs):

       2015.989210      task-clock (msec)         #    3.993 CPUs utilized            ( +-  0.12% )
                 4      context-switches          #    0.002 K/sec                    ( +- 25.31% )
                 3      cpu-migrations            #    0.001 K/sec                  
                68      page-faults               #    0.034 K/sec                    ( +-  0.24% )
   <not supported>      cycles                   
   <not supported>      stalled-cycles-frontend  
   <not supported>      stalled-cycles-backend   
   <not supported>      instructions             
   <not supported>      branches                 
   <not supported>      branch-misses            

       0.504929790 seconds time elapsed                                          ( +-  0.12% )


 Performance counter stats for './mandelbrot_omp 0.175 0.375 -0.1 0.1 2048 4' (10 runs):

       8070.573337      task-clock (msec)         #    3.998 CPUs utilized            ( +-  0.26% )
                15      context-switches          #    0.002 K/sec                    ( +-  4.66% )
                 3      cpu-migrations            #    0.000 K/sec                  
                67      page-faults               #    0.008 K/sec                    ( +-  0.49% )
   <not supported>      cycles                   
   <not supported>      stalled-cycles-frontend  
   <not supported>      stalled-cycles-backend   
   <not supported>      instructions             
   <not supported>      branches                 
   <not supported>      branch-misses            

       2.018596444 seconds time elapsed                                          ( +-  0.26% )


 Performance counter stats for './mandelbrot_omp 0.175 0.375 -0.1 0.1 4096 4' (10 runs):

      31620.533976      task-clock (msec)         #    3.936 CPUs utilized            ( +-  0.12% )
             2,324      context-switches          #    0.074 K/sec                    ( +-  2.39% )
                 3      cpu-migrations            #    0.000 K/sec                  
                67      page-faults               #    0.002 K/sec                    ( +-  0.27% )
   <not supported>      cycles                   
   <not supported>      stalled-cycles-frontend  
   <not supported>      stalled-cycles-backend   
   <not supported>      instructions             
   <not supported>      branches                 
   <not supported>      branch-misses            

       8.033861326 seconds time elapsed                                          ( +-  0.11% )


 Performance counter stats for './mandelbrot_omp 0.175 0.375 -0.1 0.1 8192 4' (10 runs):

     115330.736629      task-clock (msec)         #    3.590 CPUs utilized            ( +-  0.06% )
             9,179      context-switches          #    0.080 K/sec                    ( +-  0.39% )
                 4      cpu-migrations            #    0.000 K/sec                    ( +-  9.44% )
                67      page-faults               #    0.001 K/sec                    ( +-  0.44% )
   <not supported>      cycles                   
   <not supported>      stalled-cycles-frontend  
   <not supported>      stalled-cycles-backend   
   <not supported>      instructions             
   <not supported>      branches                 
   <not supported>      branch-misses            

      32.121363459 seconds time elapsed                                          ( +-  0.08% )

