
 Performance counter stats for './mandelbrot_omp 0.175 0.375 -0.1 0.1 16 1' (10 runs):

          0.852207      task-clock (msec)         #    0.728 CPUs utilized            ( +-  1.40% )
                 0      context-switches          #    0.117 K/sec                    ( +-100.00% )
                 0      cpu-migrations            #    0.000 K/sec                  
                60      page-faults               #    0.070 M/sec                    ( +-  0.56% )
   <not supported>      cycles                   
   <not supported>      stalled-cycles-frontend  
   <not supported>      stalled-cycles-backend   
   <not supported>      instructions             
   <not supported>      branches                 
   <not supported>      branch-misses            

       0.001169916 seconds time elapsed                                          ( +-  1.67% )


 Performance counter stats for './mandelbrot_omp 0.175 0.375 -0.1 0.1 32 1' (10 runs):

          2.028217      task-clock (msec)         #    0.856 CPUs utilized            ( +-  0.54% )
                 0      context-switches          #    0.000 K/sec                  
                 0      cpu-migrations            #    0.000 K/sec                  
                61      page-faults               #    0.030 M/sec                    ( +-  0.22% )
   <not supported>      cycles                   
   <not supported>      stalled-cycles-frontend  
   <not supported>      stalled-cycles-backend   
   <not supported>      instructions             
   <not supported>      branches                 
   <not supported>      branch-misses            

       0.002369158 seconds time elapsed                                          ( +-  0.67% )


 Performance counter stats for './mandelbrot_omp 0.175 0.375 -0.1 0.1 64 1' (10 runs):

          6.698787      task-clock (msec)         #    0.941 CPUs utilized            ( +-  0.70% )
                 0      context-switches          #    0.030 K/sec                    ( +- 66.67% )
                 0      cpu-migrations            #    0.000 K/sec                  
                60      page-faults               #    0.009 M/sec                    ( +-  0.39% )
   <not supported>      cycles                   
   <not supported>      stalled-cycles-frontend  
   <not supported>      stalled-cycles-backend   
   <not supported>      instructions             
   <not supported>      branches                 
   <not supported>      branch-misses            

       0.007118415 seconds time elapsed                                          ( +-  0.79% )


 Performance counter stats for './mandelbrot_omp 0.175 0.375 -0.1 0.1 128 1' (10 runs):

         24.619936      task-clock (msec)         #    0.983 CPUs utilized            ( +-  0.48% )
                 0      context-switches          #    0.004 K/sec                    ( +-100.00% )
                 0      cpu-migrations            #    0.000 K/sec                  
                60      page-faults               #    0.002 M/sec                    ( +-  0.42% )
   <not supported>      cycles                   
   <not supported>      stalled-cycles-frontend  
   <not supported>      stalled-cycles-backend   
   <not supported>      instructions             
   <not supported>      branches                 
   <not supported>      branch-misses            

       0.025034140 seconds time elapsed                                          ( +-  0.49% )


 Performance counter stats for './mandelbrot_omp 0.175 0.375 -0.1 0.1 256 1' (10 runs):

         96.170518      task-clock (msec)         #    0.995 CPUs utilized            ( +-  0.34% )
                 0      context-switches          #    0.002 K/sec                    ( +- 66.67% )
                 0      cpu-migrations            #    0.000 K/sec                  
                60      page-faults               #    0.621 K/sec                    ( +-  0.50% )
   <not supported>      cycles                   
   <not supported>      stalled-cycles-frontend  
   <not supported>      stalled-cycles-backend   
   <not supported>      instructions             
   <not supported>      branches                 
   <not supported>      branch-misses            

       0.096623505 seconds time elapsed                                          ( +-  0.35% )


 Performance counter stats for './mandelbrot_omp 0.175 0.375 -0.1 0.1 512 1' (10 runs):

        376.573939      task-clock (msec)         #    0.999 CPUs utilized            ( +-  0.12% )
                 1      context-switches          #    0.002 K/sec                    ( +- 37.19% )
                 0      cpu-migrations            #    0.000 K/sec                  
                60      page-faults               #    0.159 K/sec                    ( +-  0.63% )
   <not supported>      cycles                   
   <not supported>      stalled-cycles-frontend  
   <not supported>      stalled-cycles-backend   
   <not supported>      instructions             
   <not supported>      branches                 
   <not supported>      branch-misses            

       0.376965993 seconds time elapsed                                          ( +-  0.12% )


 Performance counter stats for './mandelbrot_omp 0.175 0.375 -0.1 0.1 1024 1' (10 runs):

       1501.537024      task-clock (msec)         #    1.000 CPUs utilized            ( +-  0.05% )
                 3      context-switches          #    0.002 K/sec                    ( +- 11.11% )
                 0      cpu-migrations            #    0.000 K/sec                  
                60      page-faults               #    0.040 K/sec                    ( +-  0.49% )
   <not supported>      cycles                   
   <not supported>      stalled-cycles-frontend  
   <not supported>      stalled-cycles-backend   
   <not supported>      instructions             
   <not supported>      branches                 
   <not supported>      branch-misses            

       1.502033530 seconds time elapsed                                          ( +-  0.05% )


 Performance counter stats for './mandelbrot_omp 0.175 0.375 -0.1 0.1 2048 1' (10 runs):

       6002.818027      task-clock (msec)         #    1.000 CPUs utilized            ( +-  0.05% )
                10      context-switches          #    0.002 K/sec                    ( +-  1.59% )
                 0      cpu-migrations            #    0.000 K/sec                  
                60      page-faults               #    0.010 K/sec                    ( +-  0.28% )
   <not supported>      cycles                   
   <not supported>      stalled-cycles-frontend  
   <not supported>      stalled-cycles-backend   
   <not supported>      instructions             
   <not supported>      branches                 
   <not supported>      branch-misses            

       6.003428510 seconds time elapsed                                          ( +-  0.05% )


 Performance counter stats for './mandelbrot_omp 0.175 0.375 -0.1 0.1 4096 1' (10 runs):

      24044.642557      task-clock (msec)         #    1.000 CPUs utilized            ( +-  0.05% )
                42      context-switches          #    0.002 K/sec                    ( +-  0.47% )
                 0      cpu-migrations            #    0.000 K/sec                  
                60      page-faults               #    0.003 K/sec                    ( +-  0.35% )
   <not supported>      cycles                   
   <not supported>      stalled-cycles-frontend  
   <not supported>      stalled-cycles-backend   
   <not supported>      instructions             
   <not supported>      branches                 
   <not supported>      branch-misses            

      24.045751408 seconds time elapsed                                          ( +-  0.05% )


 Performance counter stats for './mandelbrot_omp 0.175 0.375 -0.1 0.1 8192 1' (10 runs):

      96146.404072      task-clock (msec)         #    1.000 CPUs utilized            ( +-  0.07% )
               168      context-switches          #    0.002 K/sec                    ( +-  0.13% )
                 0      cpu-migrations            #    0.000 K/sec                  
                60      page-faults               #    0.001 K/sec                    ( +-  0.56% )
   <not supported>      cycles                   
   <not supported>      stalled-cycles-frontend  
   <not supported>      stalled-cycles-backend   
   <not supported>      instructions             
   <not supported>      branches                 
   <not supported>      branch-misses            

      96.149479039 seconds time elapsed                                          ( +-  0.07% )

