
 Performance counter stats for './mandelbrot_omp -2.5 1.5 -2.0 2.0 16 4' (10 runs):

          1.136545      task-clock (msec)         #    1.075 CPUs utilized            ( +-  3.36% )
                 0      context-switches          #    0.088 K/sec                    ( +-100.00% )
                 3      cpu-migrations            #    0.003 M/sec                  
                67      page-faults               #    0.059 M/sec                    ( +-  0.45% )
   <not supported>      cycles                   
   <not supported>      stalled-cycles-frontend  
   <not supported>      stalled-cycles-backend   
   <not supported>      instructions             
   <not supported>      branches                 
   <not supported>      branch-misses            

       0.001057554 seconds time elapsed                                          ( +-  3.37% )


 Performance counter stats for './mandelbrot_omp -2.5 1.5 -2.0 2.0 32 4' (10 runs):

          1.807514      task-clock (msec)         #    1.441 CPUs utilized            ( +-  2.33% )
                 0      context-switches          #    0.000 K/sec                  
                 3      cpu-migrations            #    0.002 M/sec                  
                68      page-faults               #    0.037 M/sec                    ( +-  0.33% )
   <not supported>      cycles                   
   <not supported>      stalled-cycles-frontend  
   <not supported>      stalled-cycles-backend   
   <not supported>      instructions             
   <not supported>      branches                 
   <not supported>      branch-misses            

       0.001254605 seconds time elapsed                                          ( +-  3.68% )


 Performance counter stats for './mandelbrot_omp -2.5 1.5 -2.0 2.0 64 4' (10 runs):

          4.040331      task-clock (msec)         #    2.312 CPUs utilized            ( +-  0.74% )
                 0      context-switches          #    0.025 K/sec                    ( +-100.00% )
                 3      cpu-migrations            #    0.743 K/sec                  
                67      page-faults               #    0.017 M/sec                    ( +-  0.49% )
   <not supported>      cycles                   
   <not supported>      stalled-cycles-frontend  
   <not supported>      stalled-cycles-backend   
   <not supported>      instructions             
   <not supported>      branches                 
   <not supported>      branch-misses            

       0.001747521 seconds time elapsed                                          ( +-  0.92% )


 Performance counter stats for './mandelbrot_omp -2.5 1.5 -2.0 2.0 128 4' (10 runs):

         12.206631      task-clock (msec)         #    3.188 CPUs utilized            ( +-  0.91% )
                 0      context-switches          #    0.008 K/sec                    ( +-100.00% )
                 3      cpu-migrations            #    0.246 K/sec                  
                67      page-faults               #    0.005 M/sec                    ( +-  0.57% )
   <not supported>      cycles                   
   <not supported>      stalled-cycles-frontend  
   <not supported>      stalled-cycles-backend   
   <not supported>      instructions             
   <not supported>      branches                 
   <not supported>      branch-misses            

       0.003828667 seconds time elapsed                                          ( +-  0.73% )


 Performance counter stats for './mandelbrot_omp -2.5 1.5 -2.0 2.0 256 4' (10 runs):

         41.646502      task-clock (msec)         #    3.700 CPUs utilized            ( +-  0.30% )
                 0      context-switches          #    0.010 K/sec                    ( +- 40.82% )
                 3      cpu-migrations            #    0.072 K/sec                  
                67      page-faults               #    0.002 M/sec                    ( +-  0.41% )
   <not supported>      cycles                   
   <not supported>      stalled-cycles-frontend  
   <not supported>      stalled-cycles-backend   
   <not supported>      instructions             
   <not supported>      branches                 
   <not supported>      branch-misses            

       0.011255335 seconds time elapsed                                          ( +-  0.39% )


 Performance counter stats for './mandelbrot_omp -2.5 1.5 -2.0 2.0 512 4' (10 runs):

        160.329808      task-clock (msec)         #    3.913 CPUs utilized            ( +-  1.64% )
                 1      context-switches          #    0.004 K/sec                    ( +- 42.86% )
                 3      cpu-migrations            #    0.019 K/sec                  
                67      page-faults               #    0.419 K/sec                    ( +-  0.30% )
   <not supported>      cycles                   
   <not supported>      stalled-cycles-frontend  
   <not supported>      stalled-cycles-backend   
   <not supported>      instructions             
   <not supported>      branches                 
   <not supported>      branch-misses            

       0.040969687 seconds time elapsed                                          ( +-  1.60% )


 Performance counter stats for './mandelbrot_omp -2.5 1.5 -2.0 2.0 1024 4' (10 runs):

        603.911840      task-clock (msec)         #    3.974 CPUs utilized            ( +-  0.19% )
                 2      context-switches          #    0.003 K/sec                    ( +- 41.87% )
                 3      cpu-migrations            #    0.005 K/sec                  
                68      page-faults               #    0.112 K/sec                    ( +-  0.33% )
   <not supported>      cycles                   
   <not supported>      stalled-cycles-frontend  
   <not supported>      stalled-cycles-backend   
   <not supported>      instructions             
   <not supported>      branches                 
   <not supported>      branch-misses            

       0.151950351 seconds time elapsed                                          ( +-  0.24% )


 Performance counter stats for './mandelbrot_omp -2.5 1.5 -2.0 2.0 2048 4' (10 runs):

       2389.099922      task-clock (msec)         #    3.994 CPUs utilized            ( +-  0.13% )
                 5      context-switches          #    0.002 K/sec                    ( +- 23.61% )
                 3      cpu-migrations            #    0.001 K/sec                  
                67      page-faults               #    0.028 K/sec                    ( +-  0.45% )
   <not supported>      cycles                   
   <not supported>      stalled-cycles-frontend  
   <not supported>      stalled-cycles-backend   
   <not supported>      instructions             
   <not supported>      branches                 
   <not supported>      branch-misses            

       0.598170211 seconds time elapsed                                          ( +-  0.13% )


 Performance counter stats for './mandelbrot_omp -2.5 1.5 -2.0 2.0 4096 4' (10 runs):

       9380.010030      task-clock (msec)         #    3.923 CPUs utilized            ( +-  0.10% )
             1,715      context-switches          #    0.183 K/sec                    ( +-  3.46% )
                 3      cpu-migrations            #    0.000 K/sec                    ( +-  6.50% )
                67      page-faults               #    0.007 K/sec                    ( +-  0.20% )
   <not supported>      cycles                   
   <not supported>      stalled-cycles-frontend  
   <not supported>      stalled-cycles-backend   
   <not supported>      instructions             
   <not supported>      branches                 
   <not supported>      branch-misses            

       2.390800838 seconds time elapsed                                          ( +-  0.17% )


 Performance counter stats for './mandelbrot_omp -2.5 1.5 -2.0 2.0 8192 4' (10 runs):

      28501.866028      task-clock (msec)         #    2.991 CPUs utilized            ( +-  0.07% )
             6,855      context-switches          #    0.240 K/sec                    ( +-  0.09% )
                 3      cpu-migrations            #    0.000 K/sec                    ( +-  4.63% )
                67      page-faults               #    0.002 K/sec                    ( +-  0.45% )
   <not supported>      cycles                   
   <not supported>      stalled-cycles-frontend  
   <not supported>      stalled-cycles-backend   
   <not supported>      instructions             
   <not supported>      branches                 
   <not supported>      branch-misses            

       9.529280228 seconds time elapsed                                          ( +-  0.08% )

