
 Performance counter stats for './mandelbrot_omp -2.5 1.5 -2.0 2.0 16 8' (10 runs):

          2.150845      task-clock (msec)         #    1.888 CPUs utilized            ( +-  4.02% )
                 0      context-switches          #    0.046 K/sec                    ( +-100.00% )
                 7      cpu-migrations            #    0.003 M/sec                  
                75      page-faults               #    0.035 M/sec                    ( +-  0.31% )
   <not supported>      cycles                   
   <not supported>      stalled-cycles-frontend  
   <not supported>      stalled-cycles-backend   
   <not supported>      instructions             
   <not supported>      branches                 
   <not supported>      branch-misses            

       0.001139352 seconds time elapsed                                          ( +-  3.01% )


 Performance counter stats for './mandelbrot_omp -2.5 1.5 -2.0 2.0 32 8' (10 runs):

          3.167156      task-clock (msec)         #    2.674 CPUs utilized            ( +-  2.10% )
                 0      context-switches          #    0.000 K/sec                  
                 7      cpu-migrations            #    0.002 M/sec                  
                75      page-faults               #    0.024 M/sec                    ( +-  0.28% )
   <not supported>      cycles                   
   <not supported>      stalled-cycles-frontend  
   <not supported>      stalled-cycles-backend   
   <not supported>      instructions             
   <not supported>      branches                 
   <not supported>      branch-misses            

       0.001184225 seconds time elapsed                                          ( +-  2.13% )


 Performance counter stats for './mandelbrot_omp -2.5 1.5 -2.0 2.0 64 8' (10 runs):

          7.008385      task-clock (msec)         #    4.212 CPUs utilized            ( +-  4.69% )
                 0      context-switches          #    0.029 K/sec                    ( +- 66.67% )
                 7      cpu-migrations            #    0.999 K/sec                  
                75      page-faults               #    0.011 M/sec                    ( +-  0.27% )
   <not supported>      cycles                   
   <not supported>      stalled-cycles-frontend  
   <not supported>      stalled-cycles-backend   
   <not supported>      instructions             
   <not supported>      branches                 
   <not supported>      branch-misses            

       0.001663821 seconds time elapsed                                          ( +-  4.01% )


 Performance counter stats for './mandelbrot_omp -2.5 1.5 -2.0 2.0 128 8' (10 runs):

         17.816143      task-clock (msec)         #    5.874 CPUs utilized            ( +-  1.29% )
                 1      context-switches          #    0.079 K/sec                    ( +- 15.79% )
                 7      cpu-migrations            #    0.393 K/sec                  
                75      page-faults               #    0.004 M/sec                    ( +-  0.37% )
   <not supported>      cycles                   
   <not supported>      stalled-cycles-frontend  
   <not supported>      stalled-cycles-backend   
   <not supported>      instructions             
   <not supported>      branches                 
   <not supported>      branch-misses            

       0.003032919 seconds time elapsed                                          ( +-  1.57% )


 Performance counter stats for './mandelbrot_omp -2.5 1.5 -2.0 2.0 256 8' (10 runs):

         58.797367      task-clock (msec)         #    6.943 CPUs utilized            ( +-  1.05% )
                 2      context-switches          #    0.034 K/sec                    ( +-  7.45% )
                 7      cpu-migrations            #    0.119 K/sec                  
                75      page-faults               #    0.001 M/sec                    ( +-  0.28% )
   <not supported>      cycles                   
   <not supported>      stalled-cycles-frontend  
   <not supported>      stalled-cycles-backend   
   <not supported>      instructions             
   <not supported>      branches                 
   <not supported>      branch-misses            

       0.008468508 seconds time elapsed                                          ( +-  0.89% )


 Performance counter stats for './mandelbrot_omp -2.5 1.5 -2.0 2.0 512 8' (10 runs):

        207.084795      task-clock (msec)         #    7.667 CPUs utilized            ( +-  1.17% )
                 6      context-switches          #    0.031 K/sec                    ( +-  4.13% )
                 7      cpu-migrations            #    0.034 K/sec                  
                75      page-faults               #    0.363 K/sec                    ( +-  0.43% )
   <not supported>      cycles                   
   <not supported>      stalled-cycles-frontend  
   <not supported>      stalled-cycles-backend   
   <not supported>      instructions             
   <not supported>      branches                 
   <not supported>      branch-misses            

       0.027009258 seconds time elapsed                                          ( +-  1.20% )


 Performance counter stats for './mandelbrot_omp -2.5 1.5 -2.0 2.0 1024 8' (10 runs):

        798.877488      task-clock (msec)         #    7.887 CPUs utilized            ( +-  2.70% )
                33      context-switches          #    0.042 K/sec                    ( +- 21.28% )
                 8      cpu-migrations            #    0.010 K/sec                    ( +- 14.63% )
                75      page-faults               #    0.094 K/sec                    ( +-  0.28% )
   <not supported>      cycles                   
   <not supported>      stalled-cycles-frontend  
   <not supported>      stalled-cycles-backend   
   <not supported>      instructions             
   <not supported>      branches                 
   <not supported>      branch-misses            

       0.101288431 seconds time elapsed                                          ( +-  2.97% )


 Performance counter stats for './mandelbrot_omp -2.5 1.5 -2.0 2.0 2048 8' (10 runs):

       3225.923339      task-clock (msec)         #    7.965 CPUs utilized            ( +-  1.76% )
                46      context-switches          #    0.014 K/sec                    ( +- 10.17% )
                 7      cpu-migrations            #    0.002 K/sec                  
                75      page-faults               #    0.023 K/sec                    ( +-  0.40% )
   <not supported>      cycles                   
   <not supported>      stalled-cycles-frontend  
   <not supported>      stalled-cycles-backend   
   <not supported>      instructions             
   <not supported>      branches                 
   <not supported>      branch-misses            

       0.404996462 seconds time elapsed                                          ( +-  1.82% )


 Performance counter stats for './mandelbrot_omp -2.5 1.5 -2.0 2.0 4096 8' (10 runs):

      12579.119019      task-clock (msec)         #    7.988 CPUs utilized            ( +-  1.70% )
                77      context-switches          #    0.006 K/sec                    ( +-  8.93% )
                 7      cpu-migrations            #    0.001 K/sec                  
                75      page-faults               #    0.006 K/sec                    ( +-  0.40% )
   <not supported>      cycles                   
   <not supported>      stalled-cycles-frontend  
   <not supported>      stalled-cycles-backend   
   <not supported>      instructions             
   <not supported>      branches                 
   <not supported>      branch-misses            

       1.574713348 seconds time elapsed                                          ( +-  1.70% )


 Performance counter stats for './mandelbrot_omp -2.5 1.5 -2.0 2.0 8192 8' (10 runs):

      48542.813870      task-clock (msec)         #    7.952 CPUs utilized            ( +-  0.58% )
             1,582      context-switches          #    0.033 K/sec                    ( +- 26.39% )
                 7      cpu-migrations            #    0.000 K/sec                    ( +-  2.99% )
                75      page-faults               #    0.002 K/sec                    ( +-  0.28% )
   <not supported>      cycles                   
   <not supported>      stalled-cycles-frontend  
   <not supported>      stalled-cycles-backend   
   <not supported>      instructions             
   <not supported>      branches                 
   <not supported>      branch-misses            

       6.104486833 seconds time elapsed                                          ( +-  0.73% )

