
 Performance counter stats for './mandelbrot_omp -2.5 1.5 -2.0 2.0 16 1' (10 runs):

          0.464036      task-clock (msec)         #    0.628 CPUs utilized            ( +-  2.16% )
                 0      context-switches          #    0.000 K/sec                  
                 0      cpu-migrations            #    0.000 K/sec                  
                60      page-faults               #    0.130 M/sec                    ( +-  0.39% )
   <not supported>      cycles                   
   <not supported>      stalled-cycles-frontend  
   <not supported>      stalled-cycles-backend   
   <not supported>      instructions             
   <not supported>      branches                 
   <not supported>      branch-misses            

       0.000738420 seconds time elapsed                                          ( +-  3.04% )


 Performance counter stats for './mandelbrot_omp -2.5 1.5 -2.0 2.0 32 1' (10 runs):

          0.676012      task-clock (msec)         #    0.682 CPUs utilized            ( +-  2.54% )
                 0      context-switches          #    0.000 K/sec                  
                 0      cpu-migrations            #    0.000 K/sec                  
                60      page-faults               #    0.089 M/sec                    ( +-  0.41% )
   <not supported>      cycles                   
   <not supported>      stalled-cycles-frontend  
   <not supported>      stalled-cycles-backend   
   <not supported>      instructions             
   <not supported>      branches                 
   <not supported>      branch-misses            

       0.000991500 seconds time elapsed                                          ( +-  2.68% )


 Performance counter stats for './mandelbrot_omp -2.5 1.5 -2.0 2.0 64 1' (10 runs):

          1.370140      task-clock (msec)         #    0.809 CPUs utilized            ( +-  0.83% )
                 0      context-switches          #    0.000 K/sec                  
                 0      cpu-migrations            #    0.000 K/sec                  
                60      page-faults               #    0.044 M/sec                    ( +-  0.37% )
   <not supported>      cycles                   
   <not supported>      stalled-cycles-frontend  
   <not supported>      stalled-cycles-backend   
   <not supported>      instructions             
   <not supported>      branches                 
   <not supported>      branch-misses            

       0.001693232 seconds time elapsed                                          ( +-  1.32% )


 Performance counter stats for './mandelbrot_omp -2.5 1.5 -2.0 2.0 128 1' (10 runs):

          4.054832      task-clock (msec)         #    0.918 CPUs utilized            ( +-  0.56% )
                 0      context-switches          #    0.000 K/sec                  
                 0      cpu-migrations            #    0.000 K/sec                  
                61      page-faults               #    0.015 M/sec                    ( +-  0.36% )
   <not supported>      cycles                   
   <not supported>      stalled-cycles-frontend  
   <not supported>      stalled-cycles-backend   
   <not supported>      instructions             
   <not supported>      branches                 
   <not supported>      branch-misses            

       0.004416964 seconds time elapsed                                          ( +-  0.57% )


 Performance counter stats for './mandelbrot_omp -2.5 1.5 -2.0 2.0 256 1' (10 runs):

         14.568371      task-clock (msec)         #    0.973 CPUs utilized            ( +-  0.53% )
                 0      context-switches          #    0.021 K/sec                    ( +- 50.92% )
                 0      cpu-migrations            #    0.000 K/sec                  
                60      page-faults               #    0.004 M/sec                    ( +-  0.61% )
   <not supported>      cycles                   
   <not supported>      stalled-cycles-frontend  
   <not supported>      stalled-cycles-backend   
   <not supported>      instructions             
   <not supported>      branches                 
   <not supported>      branch-misses            

       0.014965554 seconds time elapsed                                          ( +-  0.54% )


 Performance counter stats for './mandelbrot_omp -2.5 1.5 -2.0 2.0 512 1' (10 runs):

         55.500679      task-clock (msec)         #    0.992 CPUs utilized            ( +-  0.30% )
                 0      context-switches          #    0.000 K/sec                  
                 0      cpu-migrations            #    0.000 K/sec                  
                60      page-faults               #    0.001 M/sec                    ( +-  0.25% )
   <not supported>      cycles                   
   <not supported>      stalled-cycles-frontend  
   <not supported>      stalled-cycles-backend   
   <not supported>      instructions             
   <not supported>      branches                 
   <not supported>      branch-misses            

       0.055933358 seconds time elapsed                                          ( +-  0.30% )


 Performance counter stats for './mandelbrot_omp -2.5 1.5 -2.0 2.0 1024 1' (10 runs):

        217.715679      task-clock (msec)         #    0.998 CPUs utilized            ( +-  0.08% )
                 0      context-switches          #    0.002 K/sec                    ( +- 55.28% )
                 0      cpu-migrations            #    0.000 K/sec                  
                60      page-faults               #    0.277 K/sec                    ( +-  0.25% )
   <not supported>      cycles                   
   <not supported>      stalled-cycles-frontend  
   <not supported>      stalled-cycles-backend   
   <not supported>      instructions             
   <not supported>      branches                 
   <not supported>      branch-misses            

       0.218121750 seconds time elapsed                                          ( +-  0.09% )


 Performance counter stats for './mandelbrot_omp -2.5 1.5 -2.0 2.0 2048 1' (10 runs):

        864.193067      task-clock (msec)         #    0.999 CPUs utilized            ( +-  0.17% )
                 2      context-switches          #    0.002 K/sec                    ( +- 20.49% )
                 0      cpu-migrations            #    0.000 K/sec                  
                60      page-faults               #    0.070 K/sec                    ( +-  0.52% )
   <not supported>      cycles                   
   <not supported>      stalled-cycles-frontend  
   <not supported>      stalled-cycles-backend   
   <not supported>      instructions             
   <not supported>      branches                 
   <not supported>      branch-misses            

       0.864648303 seconds time elapsed                                          ( +-  0.17% )


 Performance counter stats for './mandelbrot_omp -2.5 1.5 -2.0 2.0 4096 1' (10 runs):

       3442.152022      task-clock (msec)         #    1.000 CPUs utilized            ( +-  0.11% )
                 6      context-switches          #    0.002 K/sec                    ( +-  4.02% )
                 0      cpu-migrations            #    0.000 K/sec                  
                60      page-faults               #    0.017 K/sec                    ( +-  0.48% )
   <not supported>      cycles                   
   <not supported>      stalled-cycles-frontend  
   <not supported>      stalled-cycles-backend   
   <not supported>      instructions             
   <not supported>      branches                 
   <not supported>      branch-misses            

       3.442705829 seconds time elapsed                                          ( +-  0.11% )


 Performance counter stats for './mandelbrot_omp -2.5 1.5 -2.0 2.0 8192 1' (10 runs):

      13751.447261      task-clock (msec)         #    1.000 CPUs utilized            ( +-  0.12% )
                24      context-switches          #    0.002 K/sec                    ( +-  0.97% )
                 0      cpu-migrations            #    0.000 K/sec                  
                60      page-faults               #    0.004 K/sec                    ( +-  0.50% )
   <not supported>      cycles                   
   <not supported>      stalled-cycles-frontend  
   <not supported>      stalled-cycles-backend   
   <not supported>      instructions             
   <not supported>      branches                 
   <not supported>      branch-misses            

      13.752224640 seconds time elapsed                                          ( +-  0.12% )

