
 Performance counter stats for './mandelbrot_omp -0.8 -0.7 0.05 0.15 16 4' (10 runs):

          1.442454      task-clock (msec)         #    1.319 CPUs utilized            ( +-  2.01% )
                 0      context-switches          #    0.000 K/sec                  
                 3      cpu-migrations            #    0.002 M/sec                  
                67      page-faults               #    0.047 M/sec                    ( +-  0.35% )
   <not supported>      cycles                   
   <not supported>      stalled-cycles-frontend  
   <not supported>      stalled-cycles-backend   
   <not supported>      instructions             
   <not supported>      branches                 
   <not supported>      branch-misses            

       0.001093497 seconds time elapsed                                          ( +-  2.16% )


 Performance counter stats for './mandelbrot_omp -0.8 -0.7 0.05 0.15 32 4' (10 runs):

          3.180249      task-clock (msec)         #    2.066 CPUs utilized            ( +-  1.23% )
                 0      context-switches          #    0.157 K/sec                    ( +- 68.31% )
                 3      cpu-migrations            #    0.943 K/sec                  
                68      page-faults               #    0.021 M/sec                    ( +-  0.25% )
   <not supported>      cycles                   
   <not supported>      stalled-cycles-frontend  
   <not supported>      stalled-cycles-backend   
   <not supported>      instructions             
   <not supported>      branches                 
   <not supported>      branch-misses            

       0.001539211 seconds time elapsed                                          ( +-  1.69% )


 Performance counter stats for './mandelbrot_omp -0.8 -0.7 0.05 0.15 64 4' (10 runs):

          9.846561      task-clock (msec)         #    3.012 CPUs utilized            ( +-  0.96% )
                 0      context-switches          #    0.010 K/sec                    ( +-100.00% )
                 3      cpu-migrations            #    0.305 K/sec                  
                67      page-faults               #    0.007 M/sec                    ( +-  0.58% )
   <not supported>      cycles                   
   <not supported>      stalled-cycles-frontend  
   <not supported>      stalled-cycles-backend   
   <not supported>      instructions             
   <not supported>      branches                 
   <not supported>      branch-misses            

       0.003269056 seconds time elapsed                                          ( +-  0.98% )


 Performance counter stats for './mandelbrot_omp -0.8 -0.7 0.05 0.15 128 4' (10 runs):

         33.982438      task-clock (msec)         #    3.639 CPUs utilized            ( +-  0.18% )
                 0      context-switches          #    0.006 K/sec                    ( +- 66.67% )
                 3      cpu-migrations            #    0.088 K/sec                  
                67      page-faults               #    0.002 M/sec                    ( +-  0.50% )
   <not supported>      cycles                   
   <not supported>      stalled-cycles-frontend  
   <not supported>      stalled-cycles-backend   
   <not supported>      instructions             
   <not supported>      branches                 
   <not supported>      branch-misses            

       0.009337421 seconds time elapsed                                          ( +-  0.23% )


 Performance counter stats for './mandelbrot_omp -0.8 -0.7 0.05 0.15 256 4' (10 runs):

        128.834489      task-clock (msec)         #    3.900 CPUs utilized            ( +-  0.16% )
                 1      context-switches          #    0.011 K/sec                    ( +- 21.82% )
                 3      cpu-migrations            #    0.023 K/sec                  
                67      page-faults               #    0.522 K/sec                    ( +-  0.49% )
   <not supported>      cycles                   
   <not supported>      stalled-cycles-frontend  
   <not supported>      stalled-cycles-backend   
   <not supported>      instructions             
   <not supported>      branches                 
   <not supported>      branch-misses            

       0.033032056 seconds time elapsed                                          ( +-  0.17% )


 Performance counter stats for './mandelbrot_omp -0.8 -0.7 0.05 0.15 512 4' (10 runs):

        514.152499      task-clock (msec)         #    3.972 CPUs utilized            ( +-  0.31% )
                 2      context-switches          #    0.003 K/sec                    ( +- 66.11% )
                 3      cpu-migrations            #    0.006 K/sec                    ( +-  4.63% )
                67      page-faults               #    0.130 K/sec                    ( +-  0.47% )
   <not supported>      cycles                   
   <not supported>      stalled-cycles-frontend  
   <not supported>      stalled-cycles-backend   
   <not supported>      instructions             
   <not supported>      branches                 
   <not supported>      branch-misses            

       0.129440839 seconds time elapsed                                          ( +-  0.31% )


 Performance counter stats for './mandelbrot_omp -0.8 -0.7 0.05 0.15 1024 4' (10 runs):

       2038.735670      task-clock (msec)         #    3.992 CPUs utilized            ( +-  0.77% )
                 4      context-switches          #    0.002 K/sec                    ( +- 23.69% )
                 3      cpu-migrations            #    0.001 K/sec                  
                68      page-faults               #    0.033 K/sec                    ( +-  0.24% )
   <not supported>      cycles                   
   <not supported>      stalled-cycles-frontend  
   <not supported>      stalled-cycles-backend   
   <not supported>      instructions             
   <not supported>      branches                 
   <not supported>      branch-misses            

       0.510667280 seconds time elapsed                                          ( +-  0.77% )


 Performance counter stats for './mandelbrot_omp -0.8 -0.7 0.05 0.15 2048 4' (10 runs):

       8034.227030      task-clock (msec)         #    3.998 CPUs utilized            ( +-  0.15% )
                15      context-switches          #    0.002 K/sec                    ( +-  4.36% )
                 3      cpu-migrations            #    0.000 K/sec                    ( +-  3.23% )
                67      page-faults               #    0.008 K/sec                    ( +-  0.50% )
   <not supported>      cycles                   
   <not supported>      stalled-cycles-frontend  
   <not supported>      stalled-cycles-backend   
   <not supported>      instructions             
   <not supported>      branches                 
   <not supported>      branch-misses            

       2.009508393 seconds time elapsed                                          ( +-  0.15% )


 Performance counter stats for './mandelbrot_omp -0.8 -0.7 0.05 0.15 4096 4' (10 runs):

      31735.646243      task-clock (msec)         #    3.985 CPUs utilized            ( +-  0.07% )
             1,157      context-switches          #    0.036 K/sec                    ( +-  2.42% )
                 3      cpu-migrations            #    0.000 K/sec                  
                67      page-faults               #    0.002 K/sec                    ( +-  0.32% )
   <not supported>      cycles                   
   <not supported>      stalled-cycles-frontend  
   <not supported>      stalled-cycles-backend   
   <not supported>      instructions             
   <not supported>      branches                 
   <not supported>      branch-misses            

       7.964679994 seconds time elapsed                                          ( +-  0.07% )


 Performance counter stats for './mandelbrot_omp -0.8 -0.7 0.05 0.15 8192 4' (10 runs):

     121298.823381      task-clock (msec)         #    3.790 CPUs utilized            ( +-  0.10% )
             6,162      context-switches          #    0.051 K/sec                    ( +-  0.63% )
                 5      cpu-migrations            #    0.000 K/sec                    ( +- 17.51% )
                67      page-faults               #    0.001 K/sec                    ( +-  0.32% )
   <not supported>      cycles                   
   <not supported>      stalled-cycles-frontend  
   <not supported>      stalled-cycles-backend   
   <not supported>      instructions             
   <not supported>      branches                 
   <not supported>      branch-misses            

      32.003506335 seconds time elapsed                                          ( +-  0.10% )

