
 Performance counter stats for './mandelbrot_omp -0.8 -0.7 0.05 0.15 16 1' (10 runs):

          0.835884      task-clock (msec)         #    0.737 CPUs utilized            ( +-  1.34% )
                 0      context-switches          #    0.000 K/sec                  
                 0      cpu-migrations            #    0.000 K/sec                  
                60      page-faults               #    0.072 M/sec                    ( +-  0.35% )
   <not supported>      cycles                   
   <not supported>      stalled-cycles-frontend  
   <not supported>      stalled-cycles-backend   
   <not supported>      instructions             
   <not supported>      branches                 
   <not supported>      branch-misses            

       0.001134634 seconds time elapsed                                          ( +-  1.38% )


 Performance counter stats for './mandelbrot_omp -0.8 -0.7 0.05 0.15 32 1' (10 runs):

          2.062644      task-clock (msec)         #    0.864 CPUs utilized            ( +-  0.43% )
                 0      context-switches          #    0.000 K/sec                  
                 0      cpu-migrations            #    0.000 K/sec                  
                60      page-faults               #    0.029 M/sec                    ( +-  0.49% )
   <not supported>      cycles                   
   <not supported>      stalled-cycles-frontend  
   <not supported>      stalled-cycles-backend   
   <not supported>      instructions             
   <not supported>      branches                 
   <not supported>      branch-misses            

       0.002386633 seconds time elapsed                                          ( +-  0.61% )


 Performance counter stats for './mandelbrot_omp -0.8 -0.7 0.05 0.15 64 1' (10 runs):

          6.899230      task-clock (msec)         #    0.948 CPUs utilized            ( +-  0.44% )
                 0      context-switches          #    0.014 K/sec                    ( +-100.00% )
                 0      cpu-migrations            #    0.000 K/sec                  
                60      page-faults               #    0.009 M/sec                    ( +-  0.48% )
   <not supported>      cycles                   
   <not supported>      stalled-cycles-frontend  
   <not supported>      stalled-cycles-backend   
   <not supported>      instructions             
   <not supported>      branches                 
   <not supported>      branch-misses            

       0.007275598 seconds time elapsed                                          ( +-  0.49% )


 Performance counter stats for './mandelbrot_omp -0.8 -0.7 0.05 0.15 128 1' (10 runs):

         25.887573      task-clock (msec)         #    0.984 CPUs utilized            ( +-  0.33% )
                 0      context-switches          #    0.004 K/sec                    ( +-100.00% )
                 0      cpu-migrations            #    0.000 K/sec                  
                60      page-faults               #    0.002 M/sec                    ( +-  0.70% )
   <not supported>      cycles                   
   <not supported>      stalled-cycles-frontend  
   <not supported>      stalled-cycles-backend   
   <not supported>      instructions             
   <not supported>      branches                 
   <not supported>      branch-misses            

       0.026312287 seconds time elapsed                                          ( +-  0.34% )


 Performance counter stats for './mandelbrot_omp -0.8 -0.7 0.05 0.15 256 1' (10 runs):

        101.881201      task-clock (msec)         #    0.996 CPUs utilized            ( +-  0.51% )
                 0      context-switches          #    0.005 K/sec                    ( +- 53.75% )
                 0      cpu-migrations            #    0.000 K/sec                  
                60      page-faults               #    0.590 K/sec                    ( +-  0.46% )
   <not supported>      cycles                   
   <not supported>      stalled-cycles-frontend  
   <not supported>      stalled-cycles-backend   
   <not supported>      instructions             
   <not supported>      branches                 
   <not supported>      branch-misses            

       0.102288136 seconds time elapsed                                          ( +-  0.51% )


 Performance counter stats for './mandelbrot_omp -0.8 -0.7 0.05 0.15 512 1' (10 runs):

        401.173517      task-clock (msec)         #    0.999 CPUs utilized            ( +-  0.14% )
                 1      context-switches          #    0.002 K/sec                    ( +- 37.19% )
                 0      cpu-migrations            #    0.000 K/sec                  
                60      page-faults               #    0.150 K/sec                    ( +-  0.35% )
   <not supported>      cycles                   
   <not supported>      stalled-cycles-frontend  
   <not supported>      stalled-cycles-backend   
   <not supported>      instructions             
   <not supported>      branches                 
   <not supported>      branch-misses            

       0.401615316 seconds time elapsed                                          ( +-  0.14% )


 Performance counter stats for './mandelbrot_omp -0.8 -0.7 0.05 0.15 1024 1' (10 runs):

       1604.307693      task-clock (msec)         #    1.000 CPUs utilized            ( +-  0.43% )
                 3      context-switches          #    0.002 K/sec                    ( +- 11.66% )
                 0      cpu-migrations            #    0.000 K/sec                  
                60      page-faults               #    0.038 K/sec                    ( +-  0.37% )
   <not supported>      cycles                   
   <not supported>      stalled-cycles-frontend  
   <not supported>      stalled-cycles-backend   
   <not supported>      instructions             
   <not supported>      branches                 
   <not supported>      branch-misses            

       1.604787324 seconds time elapsed                                          ( +-  0.43% )


 Performance counter stats for './mandelbrot_omp -0.8 -0.7 0.05 0.15 2048 1' (10 runs):

       6377.901428      task-clock (msec)         #    1.000 CPUs utilized            ( +-  0.05% )
                11      context-switches          #    0.002 K/sec                    ( +-  1.19% )
                 0      cpu-migrations            #    0.000 K/sec                    ( +-100.00% )
                60      page-faults               #    0.009 K/sec                    ( +-  0.25% )
   <not supported>      cycles                   
   <not supported>      stalled-cycles-frontend  
   <not supported>      stalled-cycles-backend   
   <not supported>      instructions             
   <not supported>      branches                 
   <not supported>      branch-misses            

       6.378558794 seconds time elapsed                                          ( +-  0.05% )


 Performance counter stats for './mandelbrot_omp -0.8 -0.7 0.05 0.15 4096 1' (10 runs):

      25547.422314      task-clock (msec)         #    1.000 CPUs utilized            ( +-  0.06% )
                45      context-switches          #    0.002 K/sec                    ( +-  0.60% )
                 0      cpu-migrations            #    0.000 K/sec                  
                60      page-faults               #    0.002 K/sec                    ( +-  0.41% )
   <not supported>      cycles                   
   <not supported>      stalled-cycles-frontend  
   <not supported>      stalled-cycles-backend   
   <not supported>      instructions             
   <not supported>      branches                 
   <not supported>      branch-misses            

      25.548624838 seconds time elapsed                                          ( +-  0.06% )


 Performance counter stats for './mandelbrot_omp -0.8 -0.7 0.05 0.15 8192 1' (10 runs):

     102059.632238      task-clock (msec)         #    1.000 CPUs utilized            ( +-  0.05% )
               178      context-switches          #    0.002 K/sec                    ( +-  0.09% )
                 0      cpu-migrations            #    0.000 K/sec                  
                60      page-faults               #    0.001 K/sec                    ( +-  0.70% )
   <not supported>      cycles                   
   <not supported>      stalled-cycles-frontend  
   <not supported>      stalled-cycles-backend   
   <not supported>      instructions             
   <not supported>      branches                 
   <not supported>      branch-misses            

     102.062775726 seconds time elapsed                                          ( +-  0.05% )

