
 Performance counter stats for './mandelbrot_omp -0.8 -0.7 0.05 0.15 16 16' (10 runs):

          4.169877      task-clock (msec)         #    1.362 CPUs utilized            ( +-  3.24% )
               493      context-switches          #    0.118 M/sec                    ( +-  0.26% )
               168      cpu-migrations            #    0.040 M/sec                    ( +-  2.97% )
                93      page-faults               #    0.022 M/sec                    ( +-  0.32% )
   <not supported>      cycles                   
   <not supported>      stalled-cycles-frontend  
   <not supported>      stalled-cycles-backend   
   <not supported>      instructions             
   <not supported>      branches                 
   <not supported>      branch-misses            

       0.003062687 seconds time elapsed                                          ( +-  6.12% )


 Performance counter stats for './mandelbrot_omp -0.8 -0.7 0.05 0.15 32 16' (10 runs):

          7.815618      task-clock (msec)         #    1.672 CPUs utilized            ( +-  0.58% )
               972      context-switches          #    0.124 M/sec                    ( +-  0.20% )
               302      cpu-migrations            #    0.039 M/sec                    ( +-  1.03% )
                93      page-faults               #    0.012 M/sec                    ( +-  0.46% )
   <not supported>      cycles                   
   <not supported>      stalled-cycles-frontend  
   <not supported>      stalled-cycles-backend   
   <not supported>      instructions             
   <not supported>      branches                 
   <not supported>      branch-misses            

       0.004673556 seconds time elapsed                                          ( +-  2.01% )


 Performance counter stats for './mandelbrot_omp -0.8 -0.7 0.05 0.15 64 16' (10 runs):

         17.532110      task-clock (msec)         #    2.343 CPUs utilized            ( +-  1.80% )
             1,947      context-switches          #    0.111 M/sec                    ( +-  0.13% )
               490      cpu-migrations            #    0.028 M/sec                    ( +-  3.88% )
                93      page-faults               #    0.005 M/sec                    ( +-  0.36% )
   <not supported>      cycles                   
   <not supported>      stalled-cycles-frontend  
   <not supported>      stalled-cycles-backend   
   <not supported>      instructions             
   <not supported>      branches                 
   <not supported>      branch-misses            

       0.007483375 seconds time elapsed                                          ( +-  1.22% )


 Performance counter stats for './mandelbrot_omp -0.8 -0.7 0.05 0.15 128 16' (10 runs):

         47.961635      task-clock (msec)         #    2.907 CPUs utilized            ( +-  0.32% )
             3,891      context-switches          #    0.081 M/sec                    ( +-  0.11% )
               866      cpu-migrations            #    0.018 M/sec                    ( +-  1.92% )
                93      page-faults               #    0.002 M/sec                    ( +-  0.31% )
   <not supported>      cycles                   
   <not supported>      stalled-cycles-frontend  
   <not supported>      stalled-cycles-backend   
   <not supported>      instructions             
   <not supported>      branches                 
   <not supported>      branch-misses            

       0.016500127 seconds time elapsed                                          ( +-  1.72% )


 Performance counter stats for './mandelbrot_omp -0.8 -0.7 0.05 0.15 256 16' (10 runs):

        154.404656      task-clock (msec)         #    3.695 CPUs utilized            ( +-  0.19% )
             7,743      context-switches          #    0.050 M/sec                    ( +-  0.08% )
             1,647      cpu-migrations            #    0.011 M/sec                    ( +-  1.20% )
                93      page-faults               #    0.602 K/sec                    ( +-  0.23% )
   <not supported>      cycles                   
   <not supported>      stalled-cycles-frontend  
   <not supported>      stalled-cycles-backend   
   <not supported>      instructions             
   <not supported>      branches                 
   <not supported>      branch-misses            

       0.041782914 seconds time elapsed                                          ( +-  1.23% )


 Performance counter stats for './mandelbrot_omp -0.8 -0.7 0.05 0.15 512 16' (10 runs):

        548.033441      task-clock (msec)         #    4.126 CPUs utilized            ( +-  0.12% )
            15,336      context-switches          #    0.028 M/sec                    ( +-  0.05% )
             3,048      cpu-migrations            #    0.006 M/sec                    ( +-  0.98% )
                94      page-faults               #    0.171 K/sec                    ( +-  0.17% )
   <not supported>      cycles                   
   <not supported>      stalled-cycles-frontend  
   <not supported>      stalled-cycles-backend   
   <not supported>      instructions             
   <not supported>      branches                 
   <not supported>      branch-misses            

       0.132838100 seconds time elapsed                                          ( +-  1.75% )


 Performance counter stats for './mandelbrot_omp -0.8 -0.7 0.05 0.15 1024 16' (10 runs):

       2049.822238      task-clock (msec)         #    4.132 CPUs utilized            ( +-  0.06% )
            30,682      context-switches          #    0.015 M/sec                    ( +-  0.03% )
             5,713      cpu-migrations            #    0.003 M/sec                    ( +-  0.49% )
                93      page-faults               #    0.045 K/sec                    ( +-  0.16% )
   <not supported>      cycles                   
   <not supported>      stalled-cycles-frontend  
   <not supported>      stalled-cycles-backend   
   <not supported>      instructions             
   <not supported>      branches                 
   <not supported>      branch-misses            

       0.496114165 seconds time elapsed                                          ( +-  0.54% )


 Performance counter stats for './mandelbrot_omp -0.8 -0.7 0.05 0.15 2048 16' (10 runs):

       7891.090632      task-clock (msec)         #    4.012 CPUs utilized            ( +-  0.06% )
            61,622      context-switches          #    0.008 M/sec                    ( +-  0.02% )
             9,906      cpu-migrations            #    0.001 M/sec                    ( +-  0.51% )
                93      page-faults               #    0.012 K/sec                    ( +-  0.36% )
   <not supported>      cycles                   
   <not supported>      stalled-cycles-frontend  
   <not supported>      stalled-cycles-backend   
   <not supported>      instructions             
   <not supported>      branches                 
   <not supported>      branch-misses            

       1.966748624 seconds time elapsed                                          ( +-  0.72% )


 Performance counter stats for './mandelbrot_omp -0.8 -0.7 0.05 0.15 4096 16' (10 runs):

      31017.789269      task-clock (msec)         #    4.348 CPUs utilized            ( +-  0.05% )
           123,482      context-switches          #    0.004 M/sec                    ( +-  0.02% )
            22,812      cpu-migrations            #    0.735 K/sec                    ( +-  0.70% )
                93      page-faults               #    0.003 K/sec                    ( +-  0.32% )
   <not supported>      cycles                   
   <not supported>      stalled-cycles-frontend  
   <not supported>      stalled-cycles-backend   
   <not supported>      instructions             
   <not supported>      branches                 
   <not supported>      branch-misses            

       7.133120534 seconds time elapsed                                          ( +-  0.30% )


 Performance counter stats for './mandelbrot_omp -0.8 -0.7 0.05 0.15 8192 16' (10 runs):

     124288.542376      task-clock (msec)         #    5.068 CPUs utilized            ( +-  0.11% )
           246,618      context-switches          #    0.002 M/sec                    ( +-  0.01% )
            61,070      cpu-migrations            #    0.491 K/sec                    ( +-  0.30% )
                93      page-faults               #    0.001 K/sec                    ( +-  0.35% )
   <not supported>      cycles                   
   <not supported>      stalled-cycles-frontend  
   <not supported>      stalled-cycles-backend   
   <not supported>      instructions             
   <not supported>      branches                 
   <not supported>      branch-misses            

      24.523429086 seconds time elapsed                                          ( +-  0.12% )

