
 Performance counter stats for './mandelbrot_omp -0.188 -0.012 0.554 0.754 16 4' (10 runs):

          1.543826      task-clock (msec)         #    1.348 CPUs utilized            ( +-  2.63% )
                 0      context-switches          #    0.130 K/sec                    ( +-100.00% )
                 3      cpu-migrations            #    0.002 M/sec                  
                68      page-faults               #    0.044 M/sec                    ( +-  0.20% )
   <not supported>      cycles                   
   <not supported>      stalled-cycles-frontend  
   <not supported>      stalled-cycles-backend   
   <not supported>      instructions             
   <not supported>      branches                 
   <not supported>      branch-misses            

       0.001145266 seconds time elapsed                                          ( +-  2.07% )


 Performance counter stats for './mandelbrot_omp -0.188 -0.012 0.554 0.754 32 4' (10 runs):

          3.280347      task-clock (msec)         #    2.181 CPUs utilized            ( +-  2.11% )
                 0      context-switches          #    0.030 K/sec                    ( +-100.00% )
                 3      cpu-migrations            #    0.915 K/sec                  
                67      page-faults               #    0.020 M/sec                    ( +-  0.30% )
   <not supported>      cycles                   
   <not supported>      stalled-cycles-frontend  
   <not supported>      stalled-cycles-backend   
   <not supported>      instructions             
   <not supported>      branches                 
   <not supported>      branch-misses            

       0.001504199 seconds time elapsed                                          ( +-  1.28% )


 Performance counter stats for './mandelbrot_omp -0.188 -0.012 0.554 0.754 64 4' (10 runs):

          9.940842      task-clock (msec)         #    3.086 CPUs utilized            ( +-  0.63% )
                 0      context-switches          #    0.000 K/sec                  
                 3      cpu-migrations            #    0.302 K/sec                  
                67      page-faults               #    0.007 M/sec                    ( +-  0.27% )
   <not supported>      cycles                   
   <not supported>      stalled-cycles-frontend  
   <not supported>      stalled-cycles-backend   
   <not supported>      instructions             
   <not supported>      branches                 
   <not supported>      branch-misses            

       0.003221391 seconds time elapsed                                          ( +-  0.71% )


 Performance counter stats for './mandelbrot_omp -0.188 -0.012 0.554 0.754 128 4' (10 runs):

         35.533239      task-clock (msec)         #    3.656 CPUs utilized            ( +-  0.87% )
                 0      context-switches          #    0.008 K/sec                    ( +-100.00% )
                 3      cpu-migrations            #    0.084 K/sec                  
                67      page-faults               #    0.002 M/sec                    ( +-  0.27% )
   <not supported>      cycles                   
   <not supported>      stalled-cycles-frontend  
   <not supported>      stalled-cycles-backend   
   <not supported>      instructions             
   <not supported>      branches                 
   <not supported>      branch-misses            

       0.009718092 seconds time elapsed                                          ( +-  0.85% )


 Performance counter stats for './mandelbrot_omp -0.188 -0.012 0.554 0.754 256 4' (10 runs):

        130.837037      task-clock (msec)         #    3.899 CPUs utilized            ( +-  0.17% )
                 1      context-switches          #    0.007 K/sec                    ( +- 34.94% )
                 3      cpu-migrations            #    0.024 K/sec                    ( +-  3.23% )
                68      page-faults               #    0.516 K/sec                    ( +-  0.25% )
   <not supported>      cycles                   
   <not supported>      stalled-cycles-frontend  
   <not supported>      stalled-cycles-backend   
   <not supported>      instructions             
   <not supported>      branches                 
   <not supported>      branch-misses            

       0.033553390 seconds time elapsed                                          ( +-  0.19% )


 Performance counter stats for './mandelbrot_omp -0.188 -0.012 0.554 0.754 512 4' (10 runs):

        527.795671      task-clock (msec)         #    3.971 CPUs utilized            ( +-  0.57% )
                 1      context-switches          #    0.002 K/sec                    ( +- 64.92% )
                 3      cpu-migrations            #    0.006 K/sec                    ( +-  3.23% )
                67      page-faults               #    0.127 K/sec                    ( +-  0.30% )
   <not supported>      cycles                   
   <not supported>      stalled-cycles-frontend  
   <not supported>      stalled-cycles-backend   
   <not supported>      instructions             
   <not supported>      branches                 
   <not supported>      branch-misses            

       0.132908944 seconds time elapsed                                          ( +-  0.58% )


 Performance counter stats for './mandelbrot_omp -0.188 -0.012 0.554 0.754 1024 4' (10 runs):

       2040.547230      task-clock (msec)         #    3.993 CPUs utilized            ( +-  0.42% )
                 4      context-switches          #    0.002 K/sec                    ( +- 28.73% )
                 3      cpu-migrations            #    0.002 K/sec                    ( +-  4.17% )
                68      page-faults               #    0.033 K/sec                    ( +-  0.24% )
   <not supported>      cycles                   
   <not supported>      stalled-cycles-frontend  
   <not supported>      stalled-cycles-backend   
   <not supported>      instructions             
   <not supported>      branches                 
   <not supported>      branch-misses            

       0.511057583 seconds time elapsed                                          ( +-  0.42% )


 Performance counter stats for './mandelbrot_omp -0.188 -0.012 0.554 0.754 2048 4' (10 runs):

       8027.387003      task-clock (msec)         #    3.998 CPUs utilized            ( +-  0.33% )
                15      context-switches          #    0.002 K/sec                    ( +-  4.22% )
                 4      cpu-migrations            #    0.000 K/sec                    ( +-  7.68% )
                67      page-faults               #    0.008 K/sec                    ( +-  0.59% )
   <not supported>      cycles                   
   <not supported>      stalled-cycles-frontend  
   <not supported>      stalled-cycles-backend   
   <not supported>      instructions             
   <not supported>      branches                 
   <not supported>      branch-misses            

       2.007758044 seconds time elapsed                                          ( +-  0.33% )


 Performance counter stats for './mandelbrot_omp -0.188 -0.012 0.554 0.754 4096 4' (10 runs):

      32019.799644      task-clock (msec)         #    3.994 CPUs utilized            ( +-  0.16% )
               433      context-switches          #    0.014 K/sec                    ( +-  5.96% )
                 3      cpu-migrations            #    0.000 K/sec                    ( +-  4.63% )
                66      page-faults               #    0.002 K/sec                    ( +-  0.60% )
   <not supported>      cycles                   
   <not supported>      stalled-cycles-frontend  
   <not supported>      stalled-cycles-backend   
   <not supported>      instructions             
   <not supported>      branches                 
   <not supported>      branch-misses            

       8.017249413 seconds time elapsed                                          ( +-  0.16% )


 Performance counter stats for './mandelbrot_omp -0.188 -0.012 0.554 0.754 8192 4' (10 runs):

     125691.667434      task-clock (msec)         #    3.916 CPUs utilized            ( +-  0.12% )
             2,958      context-switches          #    0.024 K/sec                    ( +-  1.33% )
                 3      cpu-migrations            #    0.000 K/sec                    ( +-  3.23% )
                67      page-faults               #    0.001 K/sec                    ( +-  0.44% )
   <not supported>      cycles                   
   <not supported>      stalled-cycles-frontend  
   <not supported>      stalled-cycles-backend   
   <not supported>      instructions             
   <not supported>      branches                 
   <not supported>      branch-misses            

      32.093569125 seconds time elapsed                                          ( +-  0.11% )

