
 Performance counter stats for './mandelbrot_omp -0.188 -0.012 0.554 0.754 16 1' (10 runs):

          0.886632      task-clock (msec)         #    0.754 CPUs utilized            ( +-  1.01% )
                 0      context-switches          #    0.000 K/sec                  
                 0      cpu-migrations            #    0.000 K/sec                  
                60      page-faults               #    0.068 M/sec                    ( +-  0.54% )
   <not supported>      cycles                   
   <not supported>      stalled-cycles-frontend  
   <not supported>      stalled-cycles-backend   
   <not supported>      instructions             
   <not supported>      branches                 
   <not supported>      branch-misses            

       0.001176483 seconds time elapsed                                          ( +-  0.95% )


 Performance counter stats for './mandelbrot_omp -0.188 -0.012 0.554 0.754 32 1' (10 runs):

          2.328807      task-clock (msec)         #    0.865 CPUs utilized            ( +-  0.98% )
                 0      context-switches          #    0.000 K/sec                  
                 0      cpu-migrations            #    0.000 K/sec                  
                60      page-faults               #    0.026 M/sec                    ( +-  0.50% )
   <not supported>      cycles                   
   <not supported>      stalled-cycles-frontend  
   <not supported>      stalled-cycles-backend   
   <not supported>      instructions             
   <not supported>      branches                 
   <not supported>      branch-misses            

       0.002693080 seconds time elapsed                                          ( +-  1.20% )


 Performance counter stats for './mandelbrot_omp -0.188 -0.012 0.554 0.754 64 1' (10 runs):

          7.863327      task-clock (msec)         #    0.952 CPUs utilized            ( +-  0.52% )
                 0      context-switches          #    0.013 K/sec                    ( +-100.00% )
                 0      cpu-migrations            #    0.000 K/sec                  
                60      page-faults               #    0.008 M/sec                    ( +-  0.17% )
   <not supported>      cycles                   
   <not supported>      stalled-cycles-frontend  
   <not supported>      stalled-cycles-backend   
   <not supported>      instructions             
   <not supported>      branches                 
   <not supported>      branch-misses            

       0.008264059 seconds time elapsed                                          ( +-  0.61% )


 Performance counter stats for './mandelbrot_omp -0.188 -0.012 0.554 0.754 128 1' (10 runs):

         29.340923      task-clock (msec)         #    0.986 CPUs utilized            ( +-  0.55% )
                 0      context-switches          #    0.014 K/sec                    ( +- 40.82% )
                 0      cpu-migrations            #    0.003 K/sec                    ( +-100.00% )
                60      page-faults               #    0.002 M/sec                    ( +-  0.56% )
   <not supported>      cycles                   
   <not supported>      stalled-cycles-frontend  
   <not supported>      stalled-cycles-backend   
   <not supported>      instructions             
   <not supported>      branches                 
   <not supported>      branch-misses            

       0.029758610 seconds time elapsed                                          ( +-  0.55% )


 Performance counter stats for './mandelbrot_omp -0.188 -0.012 0.554 0.754 256 1' (10 runs):

        116.166735      task-clock (msec)         #    0.996 CPUs utilized            ( +-  0.30% )
                 0      context-switches          #    0.002 K/sec                    ( +-100.00% )
                 0      cpu-migrations            #    0.000 K/sec                  
                60      page-faults               #    0.519 K/sec                    ( +-  0.25% )
   <not supported>      cycles                   
   <not supported>      stalled-cycles-frontend  
   <not supported>      stalled-cycles-backend   
   <not supported>      instructions             
   <not supported>      branches                 
   <not supported>      branch-misses            

       0.116609883 seconds time elapsed                                          ( +-  0.30% )


 Performance counter stats for './mandelbrot_omp -0.188 -0.012 0.554 0.754 512 1' (10 runs):

        456.498670      task-clock (msec)         #    0.999 CPUs utilized            ( +-  0.21% )
                 1      context-switches          #    0.002 K/sec                    ( +- 31.18% )
                 0      cpu-migrations            #    0.000 K/sec                  
                60      page-faults               #    0.132 K/sec                    ( +-  0.37% )
   <not supported>      cycles                   
   <not supported>      stalled-cycles-frontend  
   <not supported>      stalled-cycles-backend   
   <not supported>      instructions             
   <not supported>      branches                 
   <not supported>      branch-misses            

       0.456879162 seconds time elapsed                                          ( +-  0.21% )


 Performance counter stats for './mandelbrot_omp -0.188 -0.012 0.554 0.754 1024 1' (10 runs):

       1813.498272      task-clock (msec)         #    1.000 CPUs utilized            ( +-  0.04% )
                 3      context-switches          #    0.002 K/sec                    ( +-  5.79% )
                 0      cpu-migrations            #    0.000 K/sec                  
                60      page-faults               #    0.033 K/sec                    ( +-  0.54% )
   <not supported>      cycles                   
   <not supported>      stalled-cycles-frontend  
   <not supported>      stalled-cycles-backend   
   <not supported>      instructions             
   <not supported>      branches                 
   <not supported>      branch-misses            

       1.813978281 seconds time elapsed                                          ( +-  0.04% )


 Performance counter stats for './mandelbrot_omp -0.188 -0.012 0.554 0.754 2048 1' (10 runs):

       7242.260501      task-clock (msec)         #    1.000 CPUs utilized            ( +-  0.03% )
                13      context-switches          #    0.002 K/sec                    ( +-  2.12% )
                 0      cpu-migrations            #    0.000 K/sec                  
                60      page-faults               #    0.008 K/sec                    ( +-  0.51% )
   <not supported>      cycles                   
   <not supported>      stalled-cycles-frontend  
   <not supported>      stalled-cycles-backend   
   <not supported>      instructions             
   <not supported>      branches                 
   <not supported>      branch-misses            

       7.242897792 seconds time elapsed                                          ( +-  0.03% )


 Performance counter stats for './mandelbrot_omp -0.188 -0.012 0.554 0.754 4096 1' (10 runs):

      29058.703006      task-clock (msec)         #    1.000 CPUs utilized            ( +-  0.06% )
                51      context-switches          #    0.002 K/sec                    ( +-  0.49% )
                 0      cpu-migrations            #    0.000 K/sec                  
                60      page-faults               #    0.002 K/sec                    ( +-  0.27% )
   <not supported>      cycles                   
   <not supported>      stalled-cycles-frontend  
   <not supported>      stalled-cycles-backend   
   <not supported>      instructions             
   <not supported>      branches                 
   <not supported>      branch-misses            

      29.059969255 seconds time elapsed                                          ( +-  0.06% )


 Performance counter stats for './mandelbrot_omp -0.188 -0.012 0.554 0.754 8192 1' (10 runs):

     116221.046922      task-clock (msec)         #    1.000 CPUs utilized            ( +-  0.11% )
               203      context-switches          #    0.002 K/sec                    ( +-  0.10% )
                 0      cpu-migrations            #    0.000 K/sec                  
                60      page-faults               #    0.001 K/sec                    ( +-  0.42% )
   <not supported>      cycles                   
   <not supported>      stalled-cycles-frontend  
   <not supported>      stalled-cycles-backend   
   <not supported>      instructions             
   <not supported>      branches                 
   <not supported>      branch-misses            

     116.224583741 seconds time elapsed                                          ( +-  0.11% )

