
 Performance counter stats for './mandelbrot_omp -0.188 -0.012 0.554 0.754 16 8' (10 runs):

          2.591953      task-clock (msec)         #    2.332 CPUs utilized            ( +-  2.56% )
                 0      context-switches          #    0.000 K/sec                  
                 7      cpu-migrations            #    0.003 M/sec                  
                75      page-faults               #    0.029 M/sec                    ( +-  0.35% )
   <not supported>      cycles                   
   <not supported>      stalled-cycles-frontend  
   <not supported>      stalled-cycles-backend   
   <not supported>      instructions             
   <not supported>      branches                 
   <not supported>      branch-misses            

       0.001111351 seconds time elapsed                                          ( +-  1.73% )


 Performance counter stats for './mandelbrot_omp -0.188 -0.012 0.554 0.754 32 8' (10 runs):

          5.377114      task-clock (msec)         #    3.318 CPUs utilized            ( +-  4.09% )
                 0      context-switches          #    0.000 K/sec                  
                 7      cpu-migrations            #    0.001 M/sec                  
                75      page-faults               #    0.014 M/sec                    ( +-  0.42% )
   <not supported>      cycles                   
   <not supported>      stalled-cycles-frontend  
   <not supported>      stalled-cycles-backend   
   <not supported>      instructions             
   <not supported>      branches                 
   <not supported>      branch-misses            

       0.001620746 seconds time elapsed                                          ( +-  1.74% )


 Performance counter stats for './mandelbrot_omp -0.188 -0.012 0.554 0.754 64 8' (10 runs):

         13.417987      task-clock (msec)         #    5.014 CPUs utilized            ( +-  1.14% )
                 0      context-switches          #    0.037 K/sec                    ( +- 53.75% )
                 7      cpu-migrations            #    0.522 K/sec                  
                75      page-faults               #    0.006 M/sec                    ( +-  0.45% )
   <not supported>      cycles                   
   <not supported>      stalled-cycles-frontend  
   <not supported>      stalled-cycles-backend   
   <not supported>      instructions             
   <not supported>      branches                 
   <not supported>      branch-misses            

       0.002676283 seconds time elapsed                                          ( +-  0.80% )


 Performance counter stats for './mandelbrot_omp -0.188 -0.012 0.554 0.754 128 8' (10 runs):

         41.546347      task-clock (msec)         #    6.558 CPUs utilized            ( +-  1.14% )
                 2      context-switches          #    0.036 K/sec                    ( +- 14.91% )
                 7      cpu-migrations            #    0.168 K/sec                  
                75      page-faults               #    0.002 M/sec                    ( +-  0.54% )
   <not supported>      cycles                   
   <not supported>      stalled-cycles-frontend  
   <not supported>      stalled-cycles-backend   
   <not supported>      instructions             
   <not supported>      branches                 
   <not supported>      branch-misses            

       0.006335409 seconds time elapsed                                          ( +-  1.29% )


 Performance counter stats for './mandelbrot_omp -0.188 -0.012 0.554 0.754 256 8' (10 runs):

        151.683914      task-clock (msec)         #    7.510 CPUs utilized            ( +-  1.14% )
                 6      context-switches          #    0.040 K/sec                    ( +- 15.73% )
                 7      cpu-migrations            #    0.046 K/sec                  
                75      page-faults               #    0.494 K/sec                    ( +-  0.53% )
   <not supported>      cycles                   
   <not supported>      stalled-cycles-frontend  
   <not supported>      stalled-cycles-backend   
   <not supported>      instructions             
   <not supported>      branches                 
   <not supported>      branch-misses            

       0.020196909 seconds time elapsed                                          ( +-  1.34% )


 Performance counter stats for './mandelbrot_omp -0.188 -0.012 0.554 0.754 512 8' (10 runs):

        652.287826      task-clock (msec)         #    7.901 CPUs utilized            ( +-  0.65% )
                22      context-switches          #    0.033 K/sec                    ( +-  5.01% )
                 7      cpu-migrations            #    0.011 K/sec                  
                75      page-faults               #    0.115 K/sec                    ( +-  0.18% )
   <not supported>      cycles                   
   <not supported>      stalled-cycles-frontend  
   <not supported>      stalled-cycles-backend   
   <not supported>      instructions             
   <not supported>      branches                 
   <not supported>      branch-misses            

       0.082552734 seconds time elapsed                                          ( +-  0.66% )


 Performance counter stats for './mandelbrot_omp -0.188 -0.012 0.554 0.754 1024 8' (10 runs):

       2606.870656      task-clock (msec)         #    7.966 CPUs utilized            ( +-  0.72% )
                43      context-switches          #    0.017 K/sec                    ( +-  7.60% )
                 7      cpu-migrations            #    0.003 K/sec                  
                75      page-faults               #    0.029 K/sec                    ( +-  0.40% )
   <not supported>      cycles                   
   <not supported>      stalled-cycles-frontend  
   <not supported>      stalled-cycles-backend   
   <not supported>      instructions             
   <not supported>      branches                 
   <not supported>      branch-misses            

       0.327241746 seconds time elapsed                                          ( +-  0.73% )


 Performance counter stats for './mandelbrot_omp -0.188 -0.012 0.554 0.754 2048 8' (10 runs):

      10347.072380      task-clock (msec)         #    7.986 CPUs utilized            ( +-  0.63% )
                79      context-switches          #    0.008 K/sec                    ( +- 10.18% )
                 7      cpu-migrations            #    0.001 K/sec                    ( +-  1.41% )
                75      page-faults               #    0.007 K/sec                    ( +-  0.37% )
   <not supported>      cycles                   
   <not supported>      stalled-cycles-frontend  
   <not supported>      stalled-cycles-backend   
   <not supported>      instructions             
   <not supported>      branches                 
   <not supported>      branch-misses            

       1.295644125 seconds time elapsed                                          ( +-  0.63% )


 Performance counter stats for './mandelbrot_omp -0.188 -0.012 0.554 0.754 4096 8' (10 runs):

      41090.483153      task-clock (msec)         #    7.989 CPUs utilized            ( +-  0.11% )
               205      context-switches          #    0.005 K/sec                    ( +-  2.82% )
                 7      cpu-migrations            #    0.000 K/sec                    ( +-  1.41% )
                75      page-faults               #    0.002 K/sec                    ( +-  0.42% )
   <not supported>      cycles                   
   <not supported>      stalled-cycles-frontend  
   <not supported>      stalled-cycles-backend   
   <not supported>      instructions             
   <not supported>      branches                 
   <not supported>      branch-misses            

       5.143684453 seconds time elapsed                                          ( +-  0.11% )


 Performance counter stats for './mandelbrot_omp -0.188 -0.012 0.554 0.754 8192 8' (10 runs):

     163039.838054      task-clock (msec)         #    7.977 CPUs utilized            ( +-  0.16% )
             2,342      context-switches          #    0.014 K/sec                    ( +-  4.52% )
                10      cpu-migrations            #    0.000 K/sec                    ( +- 13.29% )
                75      page-faults               #    0.000 K/sec                    ( +-  0.31% )
   <not supported>      cycles                   
   <not supported>      stalled-cycles-frontend  
   <not supported>      stalled-cycles-backend   
   <not supported>      instructions             
   <not supported>      branches                 
   <not supported>      branch-misses            

      20.439875378 seconds time elapsed                                          ( +-  0.17% )

