
 Performance counter stats for './mandelbrot_omp -0.188 -0.012 0.554 0.754 16 2' (10 runs):

          1.106999      task-clock (msec)         #    0.976 CPUs utilized            ( +-  1.05% )
                 0      context-switches          #    0.000 K/sec                  
                 1      cpu-migrations            #    0.903 K/sec                  
                62      page-faults               #    0.056 M/sec                    ( +-  0.34% )
   <not supported>      cycles                   
   <not supported>      stalled-cycles-frontend  
   <not supported>      stalled-cycles-backend   
   <not supported>      instructions             
   <not supported>      branches                 
   <not supported>      branch-misses            

       0.001134795 seconds time elapsed                                          ( +-  1.31% )


 Performance counter stats for './mandelbrot_omp -0.188 -0.012 0.554 0.754 32 2' (10 runs):

          2.708832      task-clock (msec)         #    1.378 CPUs utilized            ( +-  1.05% )
                 0      context-switches          #    0.000 K/sec                  
                 1      cpu-migrations            #    0.369 K/sec                  
                63      page-faults               #    0.023 M/sec                    ( +-  0.26% )
   <not supported>      cycles                   
   <not supported>      stalled-cycles-frontend  
   <not supported>      stalled-cycles-backend   
   <not supported>      instructions             
   <not supported>      branches                 
   <not supported>      branch-misses            

       0.001965411 seconds time elapsed                                          ( +-  1.28% )


 Performance counter stats for './mandelbrot_omp -0.188 -0.012 0.554 0.754 64 2' (10 runs):

          8.607576      task-clock (msec)         #    1.775 CPUs utilized            ( +-  0.32% )
                 0      context-switches          #    0.023 K/sec                    ( +- 66.67% )
                 1      cpu-migrations            #    0.116 K/sec                  
                62      page-faults               #    0.007 M/sec                    ( +-  0.40% )
   <not supported>      cycles                   
   <not supported>      stalled-cycles-frontend  
   <not supported>      stalled-cycles-backend   
   <not supported>      instructions             
   <not supported>      branches                 
   <not supported>      branch-misses            

       0.004849857 seconds time elapsed                                          ( +-  0.42% )


 Performance counter stats for './mandelbrot_omp -0.188 -0.012 0.554 0.754 128 2' (10 runs):

         32.169616      task-clock (msec)         #    1.926 CPUs utilized            ( +-  0.81% )
                 0      context-switches          #    0.003 K/sec                    ( +-100.00% )
                 1      cpu-migrations            #    0.031 K/sec                  
                62      page-faults               #    0.002 M/sec                    ( +-  0.63% )
   <not supported>      cycles                   
   <not supported>      stalled-cycles-frontend  
   <not supported>      stalled-cycles-backend   
   <not supported>      instructions             
   <not supported>      branches                 
   <not supported>      branch-misses            

       0.016706674 seconds time elapsed                                          ( +-  0.73% )


 Performance counter stats for './mandelbrot_omp -0.188 -0.012 0.554 0.754 256 2' (10 runs):

        123.882311      task-clock (msec)         #    1.981 CPUs utilized            ( +-  0.16% )
                 0      context-switches          #    0.001 K/sec                    ( +-100.00% )
                 1      cpu-migrations            #    0.008 K/sec                  
                62      page-faults               #    0.501 K/sec                    ( +-  0.51% )
   <not supported>      cycles                   
   <not supported>      stalled-cycles-frontend  
   <not supported>      stalled-cycles-backend   
   <not supported>      instructions             
   <not supported>      branches                 
   <not supported>      branch-misses            

       0.062546114 seconds time elapsed                                          ( +-  0.16% )


 Performance counter stats for './mandelbrot_omp -0.188 -0.012 0.554 0.754 512 2' (10 runs):

        488.828274      task-clock (msec)         #    1.994 CPUs utilized            ( +-  0.13% )
                 1      context-switches          #    0.002 K/sec                    ( +- 44.72% )
                 1      cpu-migrations            #    0.002 K/sec                  
                62      page-faults               #    0.127 K/sec                    ( +-  0.47% )
   <not supported>      cycles                   
   <not supported>      stalled-cycles-frontend  
   <not supported>      stalled-cycles-backend   
   <not supported>      instructions             
   <not supported>      branches                 
   <not supported>      branch-misses            

       0.245096147 seconds time elapsed                                          ( +-  0.13% )


 Performance counter stats for './mandelbrot_omp -0.188 -0.012 0.554 0.754 1024 2' (10 runs):

       1951.783604      task-clock (msec)         #    1.999 CPUs utilized            ( +-  0.06% )
                 3      context-switches          #    0.002 K/sec                    ( +- 14.05% )
                 1      cpu-migrations            #    0.001 K/sec                  
                62      page-faults               #    0.032 K/sec                    ( +-  0.53% )
   <not supported>      cycles                   
   <not supported>      stalled-cycles-frontend  
   <not supported>      stalled-cycles-backend   
   <not supported>      instructions             
   <not supported>      branches                 
   <not supported>      branch-misses            

       0.976609711 seconds time elapsed                                          ( +-  0.06% )


 Performance counter stats for './mandelbrot_omp -0.188 -0.012 0.554 0.754 2048 2' (10 runs):

       7858.804101      task-clock (msec)         #    2.000 CPUs utilized            ( +-  0.08% )
                14      context-switches          #    0.002 K/sec                    ( +-  3.20% )
                 1      cpu-migrations            #    0.000 K/sec                  
                62      page-faults               #    0.008 K/sec                    ( +-  0.32% )
   <not supported>      cycles                   
   <not supported>      stalled-cycles-frontend  
   <not supported>      stalled-cycles-backend   
   <not supported>      instructions             
   <not supported>      branches                 
   <not supported>      branch-misses            

       3.930316240 seconds time elapsed                                          ( +-  0.08% )


 Performance counter stats for './mandelbrot_omp -0.188 -0.012 0.554 0.754 4096 2' (10 runs):

      31265.726762      task-clock (msec)         #    1.995 CPUs utilized            ( +-  0.08% )
               395      context-switches          #    0.013 K/sec                    ( +-  6.27% )
                 1      cpu-migrations            #    0.000 K/sec                  
                62      page-faults               #    0.002 K/sec                    ( +-  0.24% )
   <not supported>      cycles                   
   <not supported>      stalled-cycles-frontend  
   <not supported>      stalled-cycles-backend   
   <not supported>      instructions             
   <not supported>      branches                 
   <not supported>      branch-misses            

      15.675446710 seconds time elapsed                                          ( +-  0.07% )


 Performance counter stats for './mandelbrot_omp -0.188 -0.012 0.554 0.754 8192 2' (10 runs):

     122715.331643      task-clock (msec)         #    1.957 CPUs utilized            ( +-  0.08% )
             2,391      context-switches          #    0.019 K/sec                    ( +-  1.64% )
                 1      cpu-migrations            #    0.000 K/sec                    ( +- 16.67% )
                62      page-faults               #    0.001 K/sec                    ( +-  0.34% )
   <not supported>      cycles                   
   <not supported>      stalled-cycles-frontend  
   <not supported>      stalled-cycles-backend   
   <not supported>      instructions             
   <not supported>      branches                 
   <not supported>      branch-misses            

      62.699450042 seconds time elapsed                                          ( +-  0.09% )

